#
# There is insufficient memory for the Java Runtime Environment to continue.
# Native memory allocation (mmap) failed to map 983040 bytes for G1 virtual space
# Possible reasons:
#   The system is out of physical RAM or swap space
#   The process is running with CompressedOops enabled, and the Java Heap may be blocking the growth of the native heap
# Possible solutions:
#   Reduce memory load on the system
#   Increase physical memory or swap space
#   Check if swap backing store is full
#   Decrease Java heap size (-Xmx/-Xms)
#   Decrease number of Java threads
#   Decrease Java thread stack sizes (-Xss)
#   Set larger code cache with -XX:ReservedCodeCacheSize=
#   JVM is running with Unscaled Compressed Oops mode in which the Java heap is
#     placed in the first 4GB address space. The Java Heap base address is the
#     maximum limit for the native heap growth. Please use -XX:HeapBaseMinAddress
#     to set the Java Heap base and to place the Java Heap above 4GB virtual address.
# This output file may be truncated or incomplete.
#
#  Out of Memory Error (os_windows.cpp:3769), pid=23940, tid=15464
#
# JRE version: OpenJDK Runtime Environment (17.0.6) (build 17.0.6+0-b2043.56-10027231)
# Java VM: OpenJDK 64-Bit Server VM (17.0.6+0-b2043.56-10027231, mixed mode, tiered, compressed oops, compressed class ptrs, g1 gc, windows-amd64)
# No core dump will be written. Minidumps are not enabled by default on client versions of Windows
#

---------------  S U M M A R Y ------------

Command Line: --add-opens=java.base/java.util=ALL-UNNAMED --add-opens=java.base/java.lang=ALL-UNNAMED --add-opens=java.base/java.lang.invoke=ALL-UNNAMED --add-opens=java.prefs/java.util.prefs=ALL-UNNAMED --add-opens=java.base/java.nio.charset=ALL-UNNAMED --add-opens=java.base/java.net=ALL-UNNAMED --add-opens=java.base/java.util.concurrent.atomic=ALL-UNNAMED -Xmx2048m -Dfile.encoding=UTF-8 -Duser.country=US -Duser.language=en -Duser.variant org.gradle.launcher.daemon.bootstrap.GradleDaemon 8.0

Host: AMD Ryzen 7 6800H with Radeon Graphics         , 16 cores, 15G,  Windows 11 , 64 bit Build 22621 (10.0.22621.2199)
Time: Fri Sep 29 19:58:31 2023 India Standard Time elapsed time: 5.243746 seconds (0d 0h 0m 5s)

---------------  T H R E A D  ---------------

Current thread (0x0000025fe64559f0):  VMThread "VM Thread" [stack: 0x0000007480200000,0x0000007480300000] [id=15464]

Stack: [0x0000007480200000,0x0000007480300000]
Native frames: (J=compiled Java code, j=interpreted, Vv=VM code, C=native code)
V  [jvm.dll+0x683c9a]
V  [jvm.dll+0x8427a4]
V  [jvm.dll+0x843f9e]
V  [jvm.dll+0x844603]
V  [jvm.dll+0x249b75]
V  [jvm.dll+0x680b69]
V  [jvm.dll+0x67505a]
V  [jvm.dll+0x309acb]
V  [jvm.dll+0x310f86]
V  [jvm.dll+0x360903]
V  [jvm.dll+0x360b1f]
V  [jvm.dll+0x2dfbf8]
V  [jvm.dll+0x2ddec4]
V  [jvm.dll+0x2dd4cc]
V  [jvm.dll+0x322261]
V  [jvm.dll+0x848ccb]
V  [jvm.dll+0x849a04]
V  [jvm.dll+0x849f1d]
V  [jvm.dll+0x84a2f4]
V  [jvm.dll+0x84a3c0]
V  [jvm.dll+0x7f274a]
V  [jvm.dll+0x682ad5]
C  [ucrtbase.dll+0x29363]
C  [KERNEL32.DLL+0x1257d]
C  [ntdll.dll+0x5aa78]

VM_Operation (0x0000007481ff5ee0): G1TryInitiateConcMark, mode: safepoint, requested by thread 0x0000025fe7bf40f0


---------------  P R O C E S S  ---------------

Threads class SMR info:
_java_thread_list=0x0000025fec607470, length=186, elements={
0x0000025fcaeded00, 0x0000025fe58be440, 0x0000025fe641f230, 0x0000025fe6472640,
0x0000025fe64731c0, 0x0000025fe6474ce0, 0x0000025fe6487410, 0x0000025fe6488700,
0x0000025fe648a010, 0x0000025fe648a910, 0x0000025fe65ea8f0, 0x0000025fe65f0e20,
0x0000025fe66682d0, 0x0000025fe666cbe0, 0x0000025fe685c610, 0x0000025fe68d0bd0,
0x0000025fe7517ee0, 0x0000025fe7ec50f0, 0x0000025fe7dd7860, 0x0000025fe89d2330,
0x0000025fe7530ba0, 0x0000025fe7ead040, 0x0000025fe8977060, 0x0000025fe7bf40f0,
0x0000025fe9c5b100, 0x0000025fe9c5b5d0, 0x0000025fe9c5baa0, 0x0000025fe9b5fa20,
0x0000025fe9b5f080, 0x0000025fe9b62570, 0x0000025fe9b62a40, 0x0000025fe9b5fef0,
0x0000025fe9b603c0, 0x0000025fe9b5f550, 0x0000025fe9b620a0, 0x0000025fe9b60890,
0x0000025fe9b60d60, 0x0000025fe9b61230, 0x0000025fe9b61700, 0x0000025fe9b61bd0,
0x0000025fea4da8c0, 0x0000025fec298eb0, 0x0000025fec29b060, 0x0000025fec297b70,
0x0000025fec298040, 0x0000025fec29ba00, 0x0000025fec29a6c0, 0x0000025fec298510,
0x0000025fec29a1f0, 0x0000025fec2989e0, 0x0000025fec29eef0, 0x0000025fec29d6e0,
0x0000025fec29c3a0, 0x0000025fec29d210, 0x0000025fec29b530, 0x0000025fec29ab90,
0x0000025fec299380, 0x0000025fec29dbb0, 0x0000025fec29bed0, 0x0000025fec29c870,
0x0000025fec29e080, 0x0000025fec29e550, 0x0000025fec29ea20, 0x0000025fec5c3ea0,
0x0000025fec5c3030, 0x0000025fec5c2b60, 0x0000025fec5c2690, 0x0000025fec5c4370,
0x0000025fec5c3500, 0x0000025fec5c39d0, 0x0000025fec5c4840, 0x0000025fec5c4d10,
0x0000025fec5c51e0, 0x0000025fec5c56b0, 0x0000025fec5c5b80, 0x0000025fec5c21c0,
0x0000025fe9bb3de0, 0x0000025fe9bb1760, 0x0000025fe9bb5ac0, 0x0000025fe9bb25d0,
0x0000025fe9bb6460, 0x0000025fe9bb0dc0, 0x0000025fe9bb2aa0, 0x0000025fe9bb5120,
0x0000025fe9bb5f90, 0x0000025fe9bb4c50, 0x0000025fe9bb6930, 0x0000025fe9bb42b0,
0x0000025fe9bb3440, 0x0000025fe9bb08f0, 0x0000025fe9bb6e00, 0x0000025fe9bb4780,
0x0000025fe9bb55f0, 0x0000025fe9bb72d0, 0x0000025fe9bb1c30, 0x0000025fe9bb77a0,
0x0000025fe9bb3910, 0x0000025fe9bb7c70, 0x0000025fe9bb0420, 0x0000025fe9bb1290,
0x0000025fe9bb2100, 0x0000025fe9bb2f70, 0x0000025feba8a140, 0x0000025feba8cc90,
0x0000025feba85440, 0x0000025feba85910, 0x0000025feba8afb0, 0x0000025feba8a610,
0x0000025feba892d0, 0x0000025feba86780, 0x0000025feba86c50, 0x0000025feba897a0,
0x0000025feba85de0, 0x0000025feba8b950, 0x0000025feba89c70, 0x0000025feba8aae0,
0x0000025feba88460, 0x0000025feba8be20, 0x0000025feba87120, 0x0000025feba8b480,
0x0000025feba87f90, 0x0000025feba8c2f0, 0x0000025feba862b0, 0x0000025feba875f0,
0x0000025feba88930, 0x0000025feba87ac0, 0x0000025feba88e00, 0x0000025feba8c7c0,
0x0000025fe9f5c420, 0x0000025fe9f5a270, 0x0000025fe9f5e100, 0x0000025fe9f5c8f0,
0x0000025fe9f5ba80, 0x0000025fe9f5a740, 0x0000025fe9f5e5d0, 0x0000025fe9f59da0,
0x0000025fe9f5d760, 0x0000025fe9f61120, 0x0000025fe9f5f910, 0x0000025fe9f5eaa0,
0x0000025fe9f5cdc0, 0x0000025fe9f5dc30, 0x0000025fe9f5bf50, 0x0000025fe9f5b0e0,
0x0000025fe9f5fde0, 0x0000025fe9f5ac10, 0x0000025fe9f5d290, 0x0000025fe9f5ef70,
0x0000025fe9f5b5b0, 0x0000025fe9f598d0, 0x0000025fe9f602b0, 0x0000025fe9f60780,
0x0000025fe9f5f440, 0x0000025fe9f60c50, 0x0000025fec582f40, 0x0000025fec583410,
0x0000025fec581c00, 0x0000025fec5808c0, 0x0000025fec583db0, 0x0000025fec581260,
0x0000025fec5838e0, 0x0000025fec584280, 0x0000025fec584c20, 0x0000025fec5850f0,
0x0000025fec584750, 0x0000025fec5825a0, 0x0000025fec57ff20, 0x0000025fec5855c0,
0x0000025fec5820d0, 0x0000025fec57e240, 0x0000025fec585a90, 0x0000025fec57e710,
0x0000025fec57ebe0, 0x0000025fec57f0b0, 0x0000025fec580d90, 0x0000025fec582a70,
0x0000025fec57f580, 0x0000025fec57fa50, 0x0000025fec5803f0, 0x0000025fec581730,
0x0000025fecc70e50, 0x0000025fecc6bc80, 0x0000025fecc6b2e0, 0x0000025fecc6ae10,
0x0000025fecc6b7b0, 0x0000025fecc6a940
}

Java Threads: ( => current thread )
  0x0000025fcaeded00 JavaThread "main" [_thread_blocked, id=17688, stack(0x00000074ffc00000,0x00000074ffd00000)]
  0x0000025fe58be440 JavaThread "Reference Handler" daemon [_thread_blocked, id=23028, stack(0x0000007480300000,0x0000007480400000)]
  0x0000025fe641f230 JavaThread "Finalizer" daemon [_thread_blocked, id=22620, stack(0x0000007480400000,0x0000007480500000)]
  0x0000025fe6472640 JavaThread "Signal Dispatcher" daemon [_thread_blocked, id=10960, stack(0x0000007480500000,0x0000007480600000)]
  0x0000025fe64731c0 JavaThread "Attach Listener" daemon [_thread_blocked, id=12788, stack(0x0000007480600000,0x0000007480700000)]
  0x0000025fe6474ce0 JavaThread "Service Thread" daemon [_thread_blocked, id=22992, stack(0x0000007480700000,0x0000007480800000)]
  0x0000025fe6487410 JavaThread "Monitor Deflation Thread" daemon [_thread_blocked, id=13756, stack(0x0000007480800000,0x0000007480900000)]
  0x0000025fe6488700 JavaThread "C2 CompilerThread0" daemon [_thread_blocked, id=5348, stack(0x0000007480900000,0x0000007480a00000)]
  0x0000025fe648a010 JavaThread "C1 CompilerThread0" daemon [_thread_blocked, id=10880, stack(0x0000007480a00000,0x0000007480b00000)]
  0x0000025fe648a910 JavaThread "Sweeper thread" daemon [_thread_blocked, id=19700, stack(0x0000007480b00000,0x0000007480c00000)]
  0x0000025fe65ea8f0 JavaThread "C1 CompilerThread1" daemon [_thread_blocked, id=11232, stack(0x0000007480c00000,0x0000007480d00000)]
  0x0000025fe65f0e20 JavaThread "C1 CompilerThread2" daemon [_thread_blocked, id=10424, stack(0x0000007480d00000,0x0000007480e00000)]
  0x0000025fe66682d0 JavaThread "Common-Cleaner" daemon [_thread_blocked, id=8956, stack(0x0000007480e00000,0x0000007480f00000)]
  0x0000025fe666cbe0 JavaThread "Notification Thread" daemon [_thread_blocked, id=27024, stack(0x0000007480f00000,0x0000007481000000)]
  0x0000025fe685c610 JavaThread "C2 CompilerThread1" daemon [_thread_blocked, id=6700, stack(0x0000007481100000,0x0000007481200000)]
  0x0000025fe68d0bd0 JavaThread "C2 CompilerThread2" daemon [_thread_blocked, id=15732, stack(0x0000007481200000,0x0000007481300000)]
  0x0000025fe7517ee0 JavaThread "C1 CompilerThread3" daemon [_thread_blocked, id=25592, stack(0x0000007481800000,0x0000007481900000)]
  0x0000025fe7ec50f0 JavaThread "Daemon health stats" [_thread_blocked, id=12144, stack(0x0000007481900000,0x0000007481a00000)]
  0x0000025fe7dd7860 JavaThread "Incoming local TCP Connector on port 65058" [_thread_in_native, id=23616, stack(0x0000007481a00000,0x0000007481b00000)]
  0x0000025fe89d2330 JavaThread "Daemon periodic checks" [_thread_blocked, id=7728, stack(0x0000007481b00000,0x0000007481c00000)]
  0x0000025fe7530ba0 JavaThread "Daemon" [_thread_blocked, id=8424, stack(0x0000007481c00000,0x0000007481d00000)]
  0x0000025fe7ead040 JavaThread "Handler for socket connection from /127.0.0.1:65058 to /127.0.0.1:65059" [_thread_in_native, id=12448, stack(0x0000007481d00000,0x0000007481e00000)]
  0x0000025fe8977060 JavaThread "Cancel handler" [_thread_blocked, id=11456, stack(0x0000007481e00000,0x0000007481f00000)]
  0x0000025fe7bf40f0 JavaThread "Daemon worker" [_thread_blocked, id=27336, stack(0x0000007481f00000,0x0000007482000000)]
  0x0000025fe9c5b100 JavaThread "Asynchronous log dispatcher for DefaultDaemonConnection: socket connection from /127.0.0.1:65058 to /127.0.0.1:65059" [_thread_blocked, id=27148, stack(0x0000007482000000,0x0000007482100000)]
  0x0000025fe9c5b5d0 JavaThread "Stdin handler" [_thread_blocked, id=21088, stack(0x0000007482100000,0x0000007482200000)]
  0x0000025fe9c5baa0 JavaThread "Daemon client event forwarder" [_thread_blocked, id=10696, stack(0x0000007482200000,0x0000007482300000)]
  0x0000025fe9b5fa20 JavaThread "Cache worker for journal cache (C:\Users\sidd2\.gradle\caches\journal-1)" [_thread_blocked, id=20328, stack(0x0000007482d00000,0x0000007482e00000)]
  0x0000025fe9b5f080 JavaThread "File lock request listener" [_thread_in_native, id=25428, stack(0x0000007482e00000,0x0000007482f00000)]
  0x0000025fe9b62570 JavaThread "Cache worker for file hash cache (C:\Users\sidd2\.gradle\caches\8.0\fileHashes)" [_thread_blocked, id=22128, stack(0x0000007482f00000,0x0000007483000000)]
  0x0000025fe9b62a40 JavaThread "File watcher server" daemon [_thread_in_native, id=6352, stack(0x0000007483000000,0x0000007483100000)]
  0x0000025fe9b5fef0 JavaThread "File watcher consumer" daemon [_thread_blocked, id=14376, stack(0x0000007483100000,0x0000007483200000)]
  0x0000025fe9b603c0 JavaThread "Cache worker for checksums cache (D:\CU\git\kerela_test_1\.gradle\8.0\checksums)" [_thread_blocked, id=15720, stack(0x0000007483200000,0x0000007483300000)]
  0x0000025fe9b5f550 JavaThread "Cache worker for cache directory md-rule (C:\Users\sidd2\.gradle\caches\8.0\md-rule)" [_thread_blocked, id=4176, stack(0x0000007483300000,0x0000007483400000)]
  0x0000025fe9b620a0 JavaThread "Cache worker for file content cache (C:\Users\sidd2\.gradle\caches\8.0\fileContent)" [_thread_blocked, id=24112, stack(0x0000007483400000,0x0000007483500000)]
  0x0000025fe9b60890 JavaThread "Cache worker for file hash cache (D:\CU\git\kerela_test_1\.gradle\8.0\fileHashes)" [_thread_blocked, id=23468, stack(0x0000007483500000,0x0000007483600000)]
  0x0000025fe9b60d60 JavaThread "Cache worker for cache directory md-supplier (C:\Users\sidd2\.gradle\caches\8.0\md-supplier)" [_thread_blocked, id=2372, stack(0x0000007483600000,0x0000007483700000)]
  0x0000025fe9b61230 JavaThread "Cache worker for execution history cache (C:\Users\sidd2\.gradle\caches\8.0\executionHistory)" [_thread_blocked, id=27004, stack(0x0000007483700000,0x0000007483800000)]
  0x0000025fe9b61700 JavaThread "jar transforms" [_thread_blocked, id=15488, stack(0x0000007481300000,0x0000007481400000)]
  0x0000025fe9b61bd0 JavaThread "jar transforms Thread 2" [_thread_blocked, id=24668, stack(0x0000007483800000,0x0000007483900000)]
  0x0000025fea4da8c0 JavaThread "C2 CompilerThread3" daemon [_thread_blocked, id=27376, stack(0x0000007483900000,0x0000007483a00000)]
  0x0000025fec298eb0 JavaThread "jar transforms Thread 3" [_thread_blocked, id=3820, stack(0x0000007483b00000,0x0000007483c00000)]
  0x0000025fec29b060 JavaThread "jar transforms Thread 4" [_thread_blocked, id=19152, stack(0x0000007483c00000,0x0000007483d00000)]
  0x0000025fec297b70 JavaThread "Cache worker for dependencies-accessors (D:\CU\git\kerela_test_1\.gradle\8.0\dependencies-accessors)" [_thread_blocked, id=14092, stack(0x0000007483d00000,0x0000007483e00000)]
  0x0000025fec298040 JavaThread "jar transforms Thread 5" [_thread_blocked, id=27368, stack(0x0000007483a00000,0x0000007483b00000)]
  0x0000025fec29ba00 JavaThread "Cache worker for Build Output Cleanup Cache (D:\CU\git\kerela_test_1\.gradle\buildOutputCleanup)" [_thread_blocked, id=27144, stack(0x0000007483e00000,0x0000007483f00000)]
  0x0000025fec29a6c0 JavaThread "Unconstrained build operations" [_thread_blocked, id=28220, stack(0x0000007483f00000,0x0000007484000000)]
  0x0000025fec298510 JavaThread "Unconstrained build operations Thread 2" [_thread_blocked, id=28372, stack(0x0000007484000000,0x0000007484100000)]
  0x0000025fec29a1f0 JavaThread "Unconstrained build operations Thread 3" [_thread_blocked, id=9152, stack(0x0000007484100000,0x0000007484200000)]
  0x0000025fec2989e0 JavaThread "Unconstrained build operations Thread 4" [_thread_blocked, id=26964, stack(0x0000007484200000,0x0000007484300000)]
  0x0000025fec29eef0 JavaThread "Unconstrained build operations Thread 5" [_thread_blocked, id=1268, stack(0x0000007484300000,0x0000007484400000)]
  0x0000025fec29d6e0 JavaThread "Unconstrained build operations Thread 6" [_thread_blocked, id=15724, stack(0x0000007484400000,0x0000007484500000)]
  0x0000025fec29c3a0 JavaThread "Unconstrained build operations Thread 7" [_thread_blocked, id=7712, stack(0x0000007484500000,0x0000007484600000)]
  0x0000025fec29d210 JavaThread "Unconstrained build operations Thread 8" [_thread_blocked, id=22492, stack(0x0000007484600000,0x0000007484700000)]
  0x0000025fec29b530 JavaThread "Unconstrained build operations Thread 9" [_thread_blocked, id=23164, stack(0x0000007484700000,0x0000007484800000)]
  0x0000025fec29ab90 JavaThread "Unconstrained build operations Thread 10" [_thread_blocked, id=18924, stack(0x0000007484800000,0x0000007484900000)]
  0x0000025fec299380 JavaThread "Unconstrained build operations Thread 11" [_thread_blocked, id=26636, stack(0x0000007484900000,0x0000007484a00000)]
  0x0000025fec29dbb0 JavaThread "Unconstrained build operations Thread 12" [_thread_blocked, id=12848, stack(0x0000007484a00000,0x0000007484b00000)]
  0x0000025fec29bed0 JavaThread "Unconstrained build operations Thread 13" [_thread_blocked, id=15556, stack(0x0000007484b00000,0x0000007484c00000)]
  0x0000025fec29c870 JavaThread "Unconstrained build operations Thread 14" [_thread_blocked, id=20324, stack(0x0000007484c00000,0x0000007484d00000)]
  0x0000025fec29e080 JavaThread "Unconstrained build operations Thread 15" [_thread_blocked, id=16600, stack(0x0000007484d00000,0x0000007484e00000)]
  0x0000025fec29e550 JavaThread "Unconstrained build operations Thread 16" [_thread_blocked, id=10132, stack(0x0000007484e00000,0x0000007484f00000)]
  0x0000025fec29ea20 JavaThread "Unconstrained build operations Thread 17" [_thread_blocked, id=20772, stack(0x0000007484f00000,0x0000007485000000)]
  0x0000025fec5c3ea0 JavaThread "Unconstrained build operations Thread 18" [_thread_blocked, id=27484, stack(0x0000007485000000,0x0000007485100000)]
  0x0000025fec5c3030 JavaThread "Unconstrained build operations Thread 19" [_thread_blocked, id=10420, stack(0x0000007485100000,0x0000007485200000)]
  0x0000025fec5c2b60 JavaThread "Unconstrained build operations Thread 20" [_thread_blocked, id=9008, stack(0x0000007485200000,0x0000007485300000)]
  0x0000025fec5c2690 JavaThread "Unconstrained build operations Thread 21" [_thread_blocked, id=360, stack(0x0000007485300000,0x0000007485400000)]
  0x0000025fec5c4370 JavaThread "Unconstrained build operations Thread 22" [_thread_blocked, id=9528, stack(0x0000007485400000,0x0000007485500000)]
  0x0000025fec5c3500 JavaThread "Unconstrained build operations Thread 23" [_thread_blocked, id=20232, stack(0x0000007485500000,0x0000007485600000)]
  0x0000025fec5c39d0 JavaThread "Unconstrained build operations Thread 24" [_thread_blocked, id=18076, stack(0x0000007485600000,0x0000007485700000)]
  0x0000025fec5c4840 JavaThread "Unconstrained build operations Thread 25" [_thread_blocked, id=10628, stack(0x0000007485700000,0x0000007485800000)]
  0x0000025fec5c4d10 JavaThread "Unconstrained build operations Thread 26" [_thread_blocked, id=7496, stack(0x0000007485800000,0x0000007485900000)]
  0x0000025fec5c51e0 JavaThread "Unconstrained build operations Thread 27" [_thread_blocked, id=15140, stack(0x0000007485900000,0x0000007485a00000)]
  0x0000025fec5c56b0 JavaThread "Unconstrained build operations Thread 28" [_thread_blocked, id=14796, stack(0x0000007485a00000,0x0000007485b00000)]
  0x0000025fec5c5b80 JavaThread "Unconstrained build operations Thread 29" [_thread_blocked, id=27628, stack(0x0000007485b00000,0x0000007485c00000)]
  0x0000025fec5c21c0 JavaThread "Unconstrained build operations Thread 30" [_thread_blocked, id=3864, stack(0x0000007485c00000,0x0000007485d00000)]
  0x0000025fe9bb3de0 JavaThread "Unconstrained build operations Thread 31" [_thread_blocked, id=28208, stack(0x0000007485d00000,0x0000007485e00000)]
  0x0000025fe9bb1760 JavaThread "Unconstrained build operations Thread 32" [_thread_blocked, id=14492, stack(0x0000007485e00000,0x0000007485f00000)]
  0x0000025fe9bb5ac0 JavaThread "Unconstrained build operations Thread 33" [_thread_blocked, id=16432, stack(0x0000007485f00000,0x0000007486000000)]
  0x0000025fe9bb25d0 JavaThread "Unconstrained build operations Thread 34" [_thread_blocked, id=2736, stack(0x0000007486000000,0x0000007486100000)]
  0x0000025fe9bb6460 JavaThread "Unconstrained build operations Thread 35" [_thread_blocked, id=28428, stack(0x0000007486100000,0x0000007486200000)]
  0x0000025fe9bb0dc0 JavaThread "Unconstrained build operations Thread 36" [_thread_blocked, id=15676, stack(0x0000007486200000,0x0000007486300000)]
  0x0000025fe9bb2aa0 JavaThread "Unconstrained build operations Thread 37" [_thread_blocked, id=4020, stack(0x0000007486300000,0x0000007486400000)]
  0x0000025fe9bb5120 JavaThread "Unconstrained build operations Thread 38" [_thread_blocked, id=22300, stack(0x0000007486400000,0x0000007486500000)]
  0x0000025fe9bb5f90 JavaThread "Unconstrained build operations Thread 39" [_thread_blocked, id=11536, stack(0x0000007486500000,0x0000007486600000)]
  0x0000025fe9bb4c50 JavaThread "Unconstrained build operations Thread 40" [_thread_blocked, id=24804, stack(0x0000007486600000,0x0000007486700000)]
  0x0000025fe9bb6930 JavaThread "Unconstrained build operations Thread 41" [_thread_blocked, id=28160, stack(0x0000007486700000,0x0000007486800000)]
  0x0000025fe9bb42b0 JavaThread "Unconstrained build operations Thread 42" [_thread_blocked, id=21224, stack(0x0000007486800000,0x0000007486900000)]
  0x0000025fe9bb3440 JavaThread "Unconstrained build operations Thread 43" [_thread_blocked, id=21152, stack(0x0000007486900000,0x0000007486a00000)]
  0x0000025fe9bb08f0 JavaThread "Unconstrained build operations Thread 44" [_thread_blocked, id=20872, stack(0x0000007486a00000,0x0000007486b00000)]
  0x0000025fe9bb6e00 JavaThread "Unconstrained build operations Thread 45" [_thread_blocked, id=14440, stack(0x0000007486b00000,0x0000007486c00000)]
  0x0000025fe9bb4780 JavaThread "Unconstrained build operations Thread 46" [_thread_blocked, id=19912, stack(0x0000007486c00000,0x0000007486d00000)]
  0x0000025fe9bb55f0 JavaThread "Unconstrained build operations Thread 47" [_thread_blocked, id=18180, stack(0x0000007486d00000,0x0000007486e00000)]
  0x0000025fe9bb72d0 JavaThread "Unconstrained build operations Thread 48" [_thread_blocked, id=25704, stack(0x0000007486e00000,0x0000007486f00000)]
  0x0000025fe9bb1c30 JavaThread "Unconstrained build operations Thread 49" [_thread_blocked, id=28360, stack(0x0000007486f00000,0x0000007487000000)]
  0x0000025fe9bb77a0 JavaThread "Unconstrained build operations Thread 50" [_thread_blocked, id=25596, stack(0x0000007487000000,0x0000007487100000)]
  0x0000025fe9bb3910 JavaThread "Unconstrained build operations Thread 51" [_thread_blocked, id=23156, stack(0x0000007487100000,0x0000007487200000)]
  0x0000025fe9bb7c70 JavaThread "Unconstrained build operations Thread 52" [_thread_blocked, id=9684, stack(0x0000007487200000,0x0000007487300000)]
  0x0000025fe9bb0420 JavaThread "Unconstrained build operations Thread 53" [_thread_blocked, id=12332, stack(0x0000007487300000,0x0000007487400000)]
  0x0000025fe9bb1290 JavaThread "Unconstrained build operations Thread 54" [_thread_blocked, id=17264, stack(0x0000007487400000,0x0000007487500000)]
  0x0000025fe9bb2100 JavaThread "Unconstrained build operations Thread 55" [_thread_blocked, id=23636, stack(0x0000007487500000,0x0000007487600000)]
  0x0000025fe9bb2f70 JavaThread "Unconstrained build operations Thread 56" [_thread_blocked, id=13316, stack(0x0000007487600000,0x0000007487700000)]
  0x0000025feba8a140 JavaThread "Unconstrained build operations Thread 57" [_thread_blocked, id=27196, stack(0x0000007487700000,0x0000007487800000)]
  0x0000025feba8cc90 JavaThread "Unconstrained build operations Thread 58" [_thread_blocked, id=25252, stack(0x0000007487800000,0x0000007487900000)]
  0x0000025feba85440 JavaThread "Unconstrained build operations Thread 59" [_thread_blocked, id=7156, stack(0x0000007487900000,0x0000007487a00000)]
  0x0000025feba85910 JavaThread "Unconstrained build operations Thread 60" [_thread_blocked, id=12484, stack(0x0000007487a00000,0x0000007487b00000)]
  0x0000025feba8afb0 JavaThread "Unconstrained build operations Thread 61" [_thread_blocked, id=27392, stack(0x0000007487b00000,0x0000007487c00000)]
  0x0000025feba8a610 JavaThread "Unconstrained build operations Thread 62" [_thread_blocked, id=26900, stack(0x0000007487c00000,0x0000007487d00000)]
  0x0000025feba892d0 JavaThread "Unconstrained build operations Thread 63" [_thread_blocked, id=14316, stack(0x0000007487d00000,0x0000007487e00000)]
  0x0000025feba86780 JavaThread "Unconstrained build operations Thread 64" [_thread_blocked, id=12432, stack(0x0000007487e00000,0x0000007487f00000)]
  0x0000025feba86c50 JavaThread "Unconstrained build operations Thread 65" [_thread_blocked, id=20400, stack(0x0000007487f00000,0x0000007488000000)]
  0x0000025feba897a0 JavaThread "Unconstrained build operations Thread 66" [_thread_blocked, id=15976, stack(0x0000007488000000,0x0000007488100000)]
  0x0000025feba85de0 JavaThread "Unconstrained build operations Thread 67" [_thread_blocked, id=20496, stack(0x0000007488100000,0x0000007488200000)]
  0x0000025feba8b950 JavaThread "Unconstrained build operations Thread 68" [_thread_blocked, id=10556, stack(0x0000007488200000,0x0000007488300000)]
  0x0000025feba89c70 JavaThread "Unconstrained build operations Thread 69" [_thread_blocked, id=13440, stack(0x0000007488300000,0x0000007488400000)]
  0x0000025feba8aae0 JavaThread "Unconstrained build operations Thread 70" [_thread_blocked, id=21980, stack(0x0000007488400000,0x0000007488500000)]
  0x0000025feba88460 JavaThread "Unconstrained build operations Thread 71" [_thread_blocked, id=15460, stack(0x0000007488500000,0x0000007488600000)]
  0x0000025feba8be20 JavaThread "Unconstrained build operations Thread 72" [_thread_blocked, id=16692, stack(0x0000007488600000,0x0000007488700000)]
  0x0000025feba87120 JavaThread "Unconstrained build operations Thread 73" [_thread_blocked, id=22956, stack(0x0000007488700000,0x0000007488800000)]
  0x0000025feba8b480 JavaThread "Unconstrained build operations Thread 74" [_thread_blocked, id=28640, stack(0x0000007488800000,0x0000007488900000)]
  0x0000025feba87f90 JavaThread "Unconstrained build operations Thread 75" [_thread_blocked, id=11028, stack(0x0000007488900000,0x0000007488a00000)]
  0x0000025feba8c2f0 JavaThread "Unconstrained build operations Thread 76" [_thread_blocked, id=8712, stack(0x0000007488a00000,0x0000007488b00000)]
  0x0000025feba862b0 JavaThread "Unconstrained build operations Thread 77" [_thread_blocked, id=10172, stack(0x0000007488b00000,0x0000007488c00000)]
  0x0000025feba875f0 JavaThread "Unconstrained build operations Thread 78" [_thread_blocked, id=24652, stack(0x0000007488c00000,0x0000007488d00000)]
  0x0000025feba88930 JavaThread "Unconstrained build operations Thread 79" [_thread_blocked, id=15768, stack(0x0000007488d00000,0x0000007488e00000)]
  0x0000025feba87ac0 JavaThread "Unconstrained build operations Thread 80" [_thread_blocked, id=28064, stack(0x0000007488e00000,0x0000007488f00000)]
  0x0000025feba88e00 JavaThread "Unconstrained build operations Thread 81" [_thread_blocked, id=18732, stack(0x0000007488f00000,0x0000007489000000)]
  0x0000025feba8c7c0 JavaThread "Unconstrained build operations Thread 82" [_thread_blocked, id=21044, stack(0x0000007489000000,0x0000007489100000)]
  0x0000025fe9f5c420 JavaThread "Unconstrained build operations Thread 83" [_thread_blocked, id=2596, stack(0x0000007489100000,0x0000007489200000)]
  0x0000025fe9f5a270 JavaThread "Unconstrained build operations Thread 84" [_thread_blocked, id=18576, stack(0x0000007489200000,0x0000007489300000)]
  0x0000025fe9f5e100 JavaThread "Unconstrained build operations Thread 85" [_thread_blocked, id=3940, stack(0x0000007489300000,0x0000007489400000)]
  0x0000025fe9f5c8f0 JavaThread "Unconstrained build operations Thread 86" [_thread_blocked, id=18972, stack(0x0000007489400000,0x0000007489500000)]
  0x0000025fe9f5ba80 JavaThread "Unconstrained build operations Thread 87" [_thread_blocked, id=17812, stack(0x0000007489500000,0x0000007489600000)]
  0x0000025fe9f5a740 JavaThread "Unconstrained build operations Thread 88" [_thread_blocked, id=2184, stack(0x0000007489600000,0x0000007489700000)]
  0x0000025fe9f5e5d0 JavaThread "Unconstrained build operations Thread 89" [_thread_blocked, id=11864, stack(0x0000007489700000,0x0000007489800000)]
  0x0000025fe9f59da0 JavaThread "Unconstrained build operations Thread 90" [_thread_blocked, id=6592, stack(0x0000007489800000,0x0000007489900000)]
  0x0000025fe9f5d760 JavaThread "Unconstrained build operations Thread 91" [_thread_blocked, id=9932, stack(0x0000007489900000,0x0000007489a00000)]
  0x0000025fe9f61120 JavaThread "Unconstrained build operations Thread 92" [_thread_blocked, id=14704, stack(0x0000007489a00000,0x0000007489b00000)]
  0x0000025fe9f5f910 JavaThread "Unconstrained build operations Thread 93" [_thread_blocked, id=17792, stack(0x0000007489b00000,0x0000007489c00000)]
  0x0000025fe9f5eaa0 JavaThread "Unconstrained build operations Thread 94" [_thread_blocked, id=23388, stack(0x0000007489c00000,0x0000007489d00000)]
  0x0000025fe9f5cdc0 JavaThread "Unconstrained build operations Thread 95" [_thread_blocked, id=25464, stack(0x0000007489d00000,0x0000007489e00000)]
  0x0000025fe9f5dc30 JavaThread "Unconstrained build operations Thread 96" [_thread_blocked, id=20404, stack(0x0000007489e00000,0x0000007489f00000)]
  0x0000025fe9f5bf50 JavaThread "Unconstrained build operations Thread 97" [_thread_blocked, id=24932, stack(0x0000007489f00000,0x000000748a000000)]
  0x0000025fe9f5b0e0 JavaThread "Unconstrained build operations Thread 98" [_thread_blocked, id=26592, stack(0x000000748a000000,0x000000748a100000)]
  0x0000025fe9f5fde0 JavaThread "Unconstrained build operations Thread 99" [_thread_blocked, id=12616, stack(0x000000748a100000,0x000000748a200000)]
  0x0000025fe9f5ac10 JavaThread "Unconstrained build operations Thread 100" [_thread_blocked, id=28112, stack(0x000000748a200000,0x000000748a300000)]
  0x0000025fe9f5d290 JavaThread "Unconstrained build operations Thread 101" [_thread_blocked, id=22496, stack(0x000000748a300000,0x000000748a400000)]
  0x0000025fe9f5ef70 JavaThread "Unconstrained build operations Thread 102" [_thread_blocked, id=7068, stack(0x000000748a400000,0x000000748a500000)]
  0x0000025fe9f5b5b0 JavaThread "Unconstrained build operations Thread 103" [_thread_blocked, id=24200, stack(0x000000748a500000,0x000000748a600000)]
  0x0000025fe9f598d0 JavaThread "Unconstrained build operations Thread 104" [_thread_blocked, id=20008, stack(0x000000748a600000,0x000000748a700000)]
  0x0000025fe9f602b0 JavaThread "Unconstrained build operations Thread 105" [_thread_blocked, id=16488, stack(0x000000748a700000,0x000000748a800000)]
  0x0000025fe9f60780 JavaThread "Unconstrained build operations Thread 106" [_thread_blocked, id=11828, stack(0x000000748a800000,0x000000748a900000)]
  0x0000025fe9f5f440 JavaThread "Unconstrained build operations Thread 107" [_thread_blocked, id=12732, stack(0x000000748a900000,0x000000748aa00000)]
  0x0000025fe9f60c50 JavaThread "Unconstrained build operations Thread 108" [_thread_blocked, id=13396, stack(0x000000748aa00000,0x000000748ab00000)]
  0x0000025fec582f40 JavaThread "Unconstrained build operations Thread 109" [_thread_blocked, id=11268, stack(0x000000748ab00000,0x000000748ac00000)]
  0x0000025fec583410 JavaThread "Unconstrained build operations Thread 110" [_thread_blocked, id=17456, stack(0x000000748ac00000,0x000000748ad00000)]
  0x0000025fec581c00 JavaThread "Unconstrained build operations Thread 111" [_thread_blocked, id=24680, stack(0x000000748ad00000,0x000000748ae00000)]
  0x0000025fec5808c0 JavaThread "Unconstrained build operations Thread 112" [_thread_blocked, id=19852, stack(0x000000748ae00000,0x000000748af00000)]
  0x0000025fec583db0 JavaThread "Unconstrained build operations Thread 113" [_thread_blocked, id=16992, stack(0x000000748af00000,0x000000748b000000)]
  0x0000025fec581260 JavaThread "Unconstrained build operations Thread 114" [_thread_blocked, id=15476, stack(0x000000748b000000,0x000000748b100000)]
  0x0000025fec5838e0 JavaThread "Unconstrained build operations Thread 115" [_thread_blocked, id=8072, stack(0x000000748b100000,0x000000748b200000)]
  0x0000025fec584280 JavaThread "Unconstrained build operations Thread 116" [_thread_blocked, id=26732, stack(0x000000748b200000,0x000000748b300000)]
  0x0000025fec584c20 JavaThread "Unconstrained build operations Thread 117" [_thread_blocked, id=20788, stack(0x000000748b300000,0x000000748b400000)]
  0x0000025fec5850f0 JavaThread "Unconstrained build operations Thread 118" [_thread_blocked, id=21212, stack(0x000000748b400000,0x000000748b500000)]
  0x0000025fec584750 JavaThread "Unconstrained build operations Thread 119" [_thread_blocked, id=25340, stack(0x000000748b500000,0x000000748b600000)]
  0x0000025fec5825a0 JavaThread "Unconstrained build operations Thread 120" [_thread_blocked, id=27060, stack(0x000000748b600000,0x000000748b700000)]
  0x0000025fec57ff20 JavaThread "Unconstrained build operations Thread 121" [_thread_blocked, id=17948, stack(0x000000748b700000,0x000000748b800000)]
  0x0000025fec5855c0 JavaThread "Unconstrained build operations Thread 122" [_thread_blocked, id=13092, stack(0x000000748b800000,0x000000748b900000)]
  0x0000025fec5820d0 JavaThread "Unconstrained build operations Thread 123" [_thread_blocked, id=28176, stack(0x000000748b900000,0x000000748ba00000)]
  0x0000025fec57e240 JavaThread "Unconstrained build operations Thread 124" [_thread_blocked, id=4864, stack(0x000000748ba00000,0x000000748bb00000)]
  0x0000025fec585a90 JavaThread "Unconstrained build operations Thread 125" [_thread_blocked, id=10988, stack(0x000000748bb00000,0x000000748bc00000)]
  0x0000025fec57e710 JavaThread "Unconstrained build operations Thread 126" [_thread_blocked, id=19768, stack(0x000000748bc00000,0x000000748bd00000)]
  0x0000025fec57ebe0 JavaThread "Unconstrained build operations Thread 127" [_thread_blocked, id=26888, stack(0x000000748bd00000,0x000000748be00000)]
  0x0000025fec57f0b0 JavaThread "jar transforms Thread 6" [_thread_blocked, id=13344, stack(0x000000748be00000,0x000000748bf00000)]
  0x0000025fec580d90 JavaThread "jar transforms Thread 7" [_thread_blocked, id=25732, stack(0x000000748bf00000,0x000000748c000000)]
  0x0000025fec582a70 JavaThread "jar transforms Thread 8" [_thread_blocked, id=11488, stack(0x000000748c000000,0x000000748c100000)]
  0x0000025fec57f580 JavaThread "jar transforms Thread 9" [_thread_blocked, id=21340, stack(0x000000748c100000,0x000000748c200000)]
  0x0000025fec57fa50 JavaThread "jar transforms Thread 10" [_thread_blocked, id=21876, stack(0x000000748c200000,0x000000748c300000)]
  0x0000025fec5803f0 JavaThread "jar transforms Thread 11" [_thread_blocked, id=4564, stack(0x000000748c300000,0x000000748c400000)]
  0x0000025fec581730 JavaThread "jar transforms Thread 12" [_thread_blocked, id=27492, stack(0x000000748c400000,0x000000748c500000)]
  0x0000025fecc70e50 JavaThread "jar transforms Thread 13" [_thread_blocked, id=25156, stack(0x000000748c500000,0x000000748c600000)]
  0x0000025fecc6bc80 JavaThread "jar transforms Thread 14" [_thread_blocked, id=7152, stack(0x000000748c600000,0x000000748c700000)]
  0x0000025fecc6b2e0 JavaThread "jar transforms Thread 15" [_thread_blocked, id=328, stack(0x000000748c700000,0x000000748c800000)]
  0x0000025fecc6ae10 JavaThread "jar transforms Thread 16" [_thread_blocked, id=21112, stack(0x000000748c800000,0x000000748c900000)]
  0x0000025fecc6b7b0 JavaThread "build event listener" [_thread_blocked, id=27568, stack(0x000000748c900000,0x000000748ca00000)]
  0x0000025fecc6a940 JavaThread "Memory manager" [_thread_blocked, id=21144, stack(0x000000748ca00000,0x000000748cb00000)]

Other Threads:
=>0x0000025fe64559f0 VMThread "VM Thread" [stack: 0x0000007480200000,0x0000007480300000] [id=15464]
  0x0000025fe6434930 WatcherThread [stack: 0x0000007481000000,0x0000007481100000] [id=15944]
  0x0000025fcaf3a470 GCTaskThread "GC Thread#0" [stack: 0x00000074ffd00000,0x00000074ffe00000] [id=24240]
  0x0000025fe6e5a590 GCTaskThread "GC Thread#1" [stack: 0x0000007481400000,0x0000007481500000] [id=1724]
  0x0000025fe6f406b0 GCTaskThread "GC Thread#2" [stack: 0x0000007481500000,0x0000007481600000] [id=22068]
  0x0000025fe6f40960 GCTaskThread "GC Thread#3" [stack: 0x0000007481600000,0x0000007481700000] [id=24688]
  0x0000025fe6f40c10 GCTaskThread "GC Thread#4" [stack: 0x0000007481700000,0x0000007481800000] [id=15032]
  0x0000025fe7f8a680 GCTaskThread "GC Thread#5" [stack: 0x0000007482300000,0x0000007482400000] [id=3068]
  0x0000025fe7f8a930 GCTaskThread "GC Thread#6" [stack: 0x0000007482400000,0x0000007482500000] [id=7852]
  0x0000025fe930cbc0 GCTaskThread "GC Thread#7" [stack: 0x0000007482500000,0x0000007482600000] [id=21068]
  0x0000025fe8be7360 GCTaskThread "GC Thread#8" [stack: 0x0000007482600000,0x0000007482700000] [id=25772]
  0x0000025fe8be68a0 GCTaskThread "GC Thread#9" [stack: 0x0000007482700000,0x0000007482800000] [id=28164]
  0x0000025fe8be65f0 GCTaskThread "GC Thread#10" [stack: 0x0000007482800000,0x0000007482900000] [id=13384]
  0x0000025fe8be6090 GCTaskThread "GC Thread#11" [stack: 0x0000007482900000,0x0000007482a00000] [id=13164]
  0x0000025fe8be7610 GCTaskThread "GC Thread#12" [stack: 0x0000007482a00000,0x0000007482b00000] [id=10832]
  0x0000025fcaf4b2b0 ConcurrentGCThread "G1 Main Marker" [stack: 0x00000074ffe00000,0x00000074fff00000] [id=10228]
  0x0000025fcaf4bbc0 ConcurrentGCThread "G1 Conc#0" [stack: 0x00000074fff00000,0x0000007500000000] [id=28092]
  0x0000025fe8be6e00 ConcurrentGCThread "G1 Conc#1" [stack: 0x0000007482b00000,0x0000007482c00000] [id=28600]
  0x0000025fe8be7b70 ConcurrentGCThread "G1 Conc#2" [stack: 0x0000007482c00000,0x0000007482d00000] [id=8980]
  0x0000025fcaf9dba0 ConcurrentGCThread "G1 Refine#0" [stack: 0x0000007480000000,0x0000007480100000] [id=28116]
  0x0000025fcaf9e4c0 ConcurrentGCThread "G1 Service" [stack: 0x0000007480100000,0x0000007480200000] [id=12508]

Threads with active compile tasks:
C2 CompilerThread1     5258 7616       4       java.lang.AbstractStringBuilder::appendChars (130 bytes)
C2 CompilerThread2     5258 7612       4       sun.nio.fs.WindowsPath::elementAsString (62 bytes)

VM state: at safepoint (normal execution)

VM Mutex/Monitor currently owned by a thread:  ([mutex/lock_event])
[0x0000025fcaeda050] Threads_lock - owner thread: 0x0000025fe64559f0
[0x0000025fcaeda560] Heap_lock - owner thread: 0x0000025fe7bf40f0

Heap address: 0x0000000080000000, size: 2048 MB, Compressed Oops mode: 32-bit

CDS archive(s) not mapped
Compressed class space mapped at: 0x0000000100000000-0x0000000140000000, reserved size: 1073741824
Narrow klass base: 0x0000000000000000, Narrow klass shift: 3, Narrow klass range: 0x140000000

GC Precious Log:
 CPUs: 16 total, 16 available
 Memory: 15613M
 Large Page Support: Disabled
 NUMA Support: Disabled
 Compressed Oops: Enabled (32-bit)
 Heap Region Size: 1M
 Heap Min Capacity: 8M
 Heap Initial Capacity: 244M
 Heap Max Capacity: 2G
 Pre-touch: Disabled
 Parallel Workers: 13
 Concurrent Workers: 3
 Concurrent Refinement Workers: 13
 Periodic GC: Disabled

Heap:
 garbage-first heap   total 109568K, used 58994K [0x0000000080000000, 0x0000000100000000)
  region size 1024K, 3 young (3072K), 3 survivors (3072K)
 Metaspace       used 69366K, committed 69888K, reserved 1114112K
  class space    used 9148K, committed 9408K, reserved 1048576K

Heap Regions: E=young(eden), S=young(survivor), O=old, HS=humongous(starts), HC=humongous(continues), CS=collection set, F=free, OA=open archive, CA=closed archive, TAMS=top-at-mark-start (previous, next)
|   0|0x0000000080000000, 0x0000000080100000, 0x0000000080100000|100%|HS|  |TAMS 0x0000000080100000, 0x0000000080100000| Complete 
|   1|0x0000000080100000, 0x0000000080200000, 0x0000000080200000|100%|HC|  |TAMS 0x0000000080200000, 0x0000000080200000| Complete 
|   2|0x0000000080200000, 0x0000000080300000, 0x0000000080300000|100%|HC|  |TAMS 0x0000000080300000, 0x0000000080300000| Complete 
|   3|0x0000000080300000, 0x0000000080400000, 0x0000000080400000|100%|HC|  |TAMS 0x0000000080400000, 0x0000000080400000| Complete 
|   4|0x0000000080400000, 0x0000000080500000, 0x0000000080500000|100%| O|  |TAMS 0x0000000080500000, 0x0000000080500000| Untracked 
|   5|0x0000000080500000, 0x0000000080600000, 0x0000000080600000|100%| O|  |TAMS 0x0000000080600000, 0x0000000080600000| Untracked 
|   6|0x0000000080600000, 0x0000000080700000, 0x0000000080700000|100%| O|  |TAMS 0x0000000080700000, 0x0000000080700000| Untracked 
|   7|0x0000000080700000, 0x0000000080800000, 0x0000000080800000|100%| O|  |TAMS 0x0000000080800000, 0x0000000080800000| Untracked 
|   8|0x0000000080800000, 0x0000000080900000, 0x0000000080900000|100%| O|  |TAMS 0x0000000080900000, 0x0000000080900000| Untracked 
|   9|0x0000000080900000, 0x0000000080a00000, 0x0000000080a00000|100%| O|  |TAMS 0x0000000080a00000, 0x0000000080a00000| Untracked 
|  10|0x0000000080a00000, 0x0000000080af8600, 0x0000000080b00000| 97%| O|  |TAMS 0x0000000080af8600, 0x0000000080af8600| Untracked 
|  11|0x0000000080b00000, 0x0000000080c00000, 0x0000000080c00000|100%| O|  |TAMS 0x0000000080c00000, 0x0000000080c00000| Untracked 
|  12|0x0000000080c00000, 0x0000000080d00000, 0x0000000080d00000|100%| O|  |TAMS 0x0000000080d00000, 0x0000000080d00000| Untracked 
|  13|0x0000000080d00000, 0x0000000080e00000, 0x0000000080e00000|100%| O|  |TAMS 0x0000000080e00000, 0x0000000080e00000| Untracked 
|  14|0x0000000080e00000, 0x0000000080f00000, 0x0000000080f00000|100%| O|  |TAMS 0x0000000080f00000, 0x0000000080f00000| Untracked 
|  15|0x0000000080f00000, 0x0000000081000000, 0x0000000081000000|100%| O|  |TAMS 0x0000000081000000, 0x0000000081000000| Untracked 
|  16|0x0000000081000000, 0x0000000081100000, 0x0000000081100000|100%| O|  |TAMS 0x0000000081100000, 0x0000000081100000| Untracked 
|  17|0x0000000081100000, 0x0000000081200000, 0x0000000081200000|100%| O|  |TAMS 0x0000000081200000, 0x0000000081200000| Untracked 
|  18|0x0000000081200000, 0x0000000081300000, 0x0000000081300000|100%| O|  |TAMS 0x0000000081300000, 0x0000000081300000| Untracked 
|  19|0x0000000081300000, 0x0000000081400000, 0x0000000081400000|100%| O|  |TAMS 0x0000000081400000, 0x0000000081400000| Untracked 
|  20|0x0000000081400000, 0x0000000081500000, 0x0000000081500000|100%| O|  |TAMS 0x0000000081500000, 0x0000000081500000| Untracked 
|  21|0x0000000081500000, 0x0000000081600000, 0x0000000081600000|100%| O|  |TAMS 0x0000000081600000, 0x0000000081600000| Untracked 
|  22|0x0000000081600000, 0x0000000081700000, 0x0000000081700000|100%| O|  |TAMS 0x0000000081700000, 0x0000000081700000| Untracked 
|  23|0x0000000081700000, 0x0000000081800000, 0x0000000081800000|100%| O|  |TAMS 0x0000000081800000, 0x0000000081800000| Untracked 
|  24|0x0000000081800000, 0x0000000081900000, 0x0000000081900000|100%| O|  |TAMS 0x0000000081900000, 0x0000000081900000| Untracked 
|  25|0x0000000081900000, 0x0000000081a00000, 0x0000000081a00000|100%| O|  |TAMS 0x0000000081a00000, 0x0000000081a00000| Untracked 
|  26|0x0000000081a00000, 0x0000000081b00000, 0x0000000081b00000|100%| O|  |TAMS 0x0000000081b00000, 0x0000000081b00000| Untracked 
|  27|0x0000000081b00000, 0x0000000081c00000, 0x0000000081c00000|100%| O|  |TAMS 0x0000000081c00000, 0x0000000081c00000| Untracked 
|  28|0x0000000081c00000, 0x0000000081d00000, 0x0000000081d00000|100%| O|  |TAMS 0x0000000081d00000, 0x0000000081d00000| Untracked 
|  29|0x0000000081d00000, 0x0000000081e00000, 0x0000000081e00000|100%| O|  |TAMS 0x0000000081e00000, 0x0000000081e00000| Untracked 
|  30|0x0000000081e00000, 0x0000000081f00000, 0x0000000081f00000|100%|HS|  |TAMS 0x0000000081f00000, 0x0000000081f00000| Complete 
|  31|0x0000000081f00000, 0x0000000082000000, 0x0000000082000000|100%| O|  |TAMS 0x0000000082000000, 0x0000000082000000| Untracked 
|  32|0x0000000082000000, 0x0000000082100000, 0x0000000082100000|100%| O|  |TAMS 0x0000000082100000, 0x0000000082100000| Untracked 
|  33|0x0000000082100000, 0x0000000082200000, 0x0000000082200000|100%| O|  |TAMS 0x0000000082200000, 0x0000000082200000| Untracked 
|  34|0x0000000082200000, 0x0000000082300000, 0x0000000082300000|100%| O|  |TAMS 0x0000000082300000, 0x0000000082300000| Untracked 
|  35|0x0000000082300000, 0x0000000082400000, 0x0000000082400000|100%| O|  |TAMS 0x0000000082400000, 0x0000000082400000| Untracked 
|  36|0x0000000082400000, 0x0000000082500000, 0x0000000082500000|100%|HS|  |TAMS 0x0000000082500000, 0x0000000082500000| Complete 
|  37|0x0000000082500000, 0x0000000082600000, 0x0000000082600000|100%|HS|  |TAMS 0x0000000082600000, 0x0000000082600000| Complete 
|  38|0x0000000082600000, 0x0000000082700000, 0x0000000082700000|100%| O|  |TAMS 0x0000000082700000, 0x0000000082700000| Untracked 
|  39|0x0000000082700000, 0x0000000082800000, 0x0000000082800000|100%| O|  |TAMS 0x0000000082800000, 0x0000000082800000| Untracked 
|  40|0x0000000082800000, 0x0000000082900000, 0x0000000082900000|100%| O|  |TAMS 0x0000000082900000, 0x0000000082900000| Untracked 
|  41|0x0000000082900000, 0x0000000082a00000, 0x0000000082a00000|100%| O|  |TAMS 0x0000000082a00000, 0x0000000082a00000| Untracked 
|  42|0x0000000082a00000, 0x0000000082b00000, 0x0000000082b00000|100%| O|  |TAMS 0x0000000082b00000, 0x0000000082b00000| Untracked 
|  43|0x0000000082b00000, 0x0000000082c00000, 0x0000000082c00000|100%| O|  |TAMS 0x0000000082c00000, 0x0000000082c00000| Untracked 
|  44|0x0000000082c00000, 0x0000000082d00000, 0x0000000082d00000|100%| O|  |TAMS 0x0000000082d00000, 0x0000000082d00000| Untracked 
|  45|0x0000000082d00000, 0x0000000082e00000, 0x0000000082e00000|100%| O|  |TAMS 0x0000000082e00000, 0x0000000082e00000| Untracked 
|  46|0x0000000082e00000, 0x0000000082f00000, 0x0000000082f00000|100%| O|  |TAMS 0x0000000082e00000, 0x0000000082f00000| Untracked 
|  47|0x0000000082f00000, 0x0000000083000000, 0x0000000083000000|100%| O|  |TAMS 0x0000000083000000, 0x0000000083000000| Untracked 
|  48|0x0000000083000000, 0x0000000083100000, 0x0000000083100000|100%| O|  |TAMS 0x0000000083100000, 0x0000000083100000| Untracked 
|  49|0x0000000083100000, 0x0000000083200000, 0x0000000083200000|100%| O|  |TAMS 0x0000000083100000, 0x0000000083154600| Untracked 
|  50|0x0000000083200000, 0x0000000083300000, 0x0000000083300000|100%| O|  |TAMS 0x0000000083200000, 0x0000000083200000| Untracked 
|  51|0x0000000083300000, 0x0000000083400000, 0x0000000083400000|100%| O|  |TAMS 0x0000000083300000, 0x0000000083300000| Untracked 
|  52|0x0000000083400000, 0x0000000083500000, 0x0000000083500000|100%| O|  |TAMS 0x0000000083400000, 0x0000000083400000| Untracked 
|  53|0x0000000083500000, 0x000000008354ee00, 0x0000000083600000| 30%| O|  |TAMS 0x0000000083500000, 0x0000000083500000| Untracked 
|  54|0x0000000083600000, 0x0000000083700000, 0x0000000083700000|100%| O|  |TAMS 0x0000000083700000, 0x0000000083700000| Untracked 
|  55|0x0000000083700000, 0x0000000083800000, 0x0000000083800000|100%| O|  |TAMS 0x00000000837b6a00, 0x0000000083800000| Untracked 
|  56|0x0000000083800000, 0x0000000083800000, 0x0000000083900000|  0%| F|  |TAMS 0x0000000083800000, 0x0000000083800000| Untracked 
|  57|0x0000000083900000, 0x0000000083900000, 0x0000000083a00000|  0%| F|  |TAMS 0x0000000083900000, 0x0000000083900000| Untracked 
|  58|0x0000000083a00000, 0x0000000083a00000, 0x0000000083b00000|  0%| F|  |TAMS 0x0000000083a00000, 0x0000000083a00000| Untracked 
|  59|0x0000000083b00000, 0x0000000083b00000, 0x0000000083c00000|  0%| F|  |TAMS 0x0000000083b00000, 0x0000000083b00000| Untracked 
|  60|0x0000000083c00000, 0x0000000083c00000, 0x0000000083d00000|  0%| F|  |TAMS 0x0000000083c00000, 0x0000000083c00000| Untracked 
|  61|0x0000000083d00000, 0x0000000083d00000, 0x0000000083e00000|  0%| F|  |TAMS 0x0000000083d00000, 0x0000000083d00000| Untracked 
|  62|0x0000000083e00000, 0x0000000083e00000, 0x0000000083f00000|  0%| F|  |TAMS 0x0000000083e00000, 0x0000000083e00000| Untracked 
|  63|0x0000000083f00000, 0x0000000083f00000, 0x0000000084000000|  0%| F|  |TAMS 0x0000000083f00000, 0x0000000083f00000| Untracked 
|  64|0x0000000084000000, 0x0000000084000000, 0x0000000084100000|  0%| F|  |TAMS 0x0000000084000000, 0x0000000084000000| Untracked 
|  65|0x0000000084100000, 0x0000000084100000, 0x0000000084200000|  0%| F|  |TAMS 0x0000000084100000, 0x0000000084100000| Untracked 
|  66|0x0000000084200000, 0x0000000084200000, 0x0000000084300000|  0%| F|  |TAMS 0x0000000084200000, 0x0000000084200000| Untracked 
|  67|0x0000000084300000, 0x0000000084300000, 0x0000000084400000|  0%| F|  |TAMS 0x0000000084300000, 0x0000000084300000| Untracked 
|  68|0x0000000084400000, 0x0000000084400000, 0x0000000084500000|  0%| F|  |TAMS 0x0000000084400000, 0x0000000084400000| Untracked 
|  69|0x0000000084500000, 0x0000000084500000, 0x0000000084600000|  0%| F|  |TAMS 0x0000000084500000, 0x0000000084500000| Untracked 
|  70|0x0000000084600000, 0x0000000084600000, 0x0000000084700000|  0%| F|  |TAMS 0x0000000084600000, 0x0000000084600000| Untracked 
|  71|0x0000000084700000, 0x0000000084700000, 0x0000000084800000|  0%| F|  |TAMS 0x0000000084700000, 0x0000000084700000| Untracked 
|  72|0x0000000084800000, 0x0000000084800000, 0x0000000084900000|  0%| F|  |TAMS 0x0000000084800000, 0x0000000084800000| Untracked 
|  73|0x0000000084900000, 0x0000000084900000, 0x0000000084a00000|  0%| F|  |TAMS 0x0000000084900000, 0x0000000084900000| Untracked 
|  74|0x0000000084a00000, 0x0000000084a00000, 0x0000000084b00000|  0%| F|  |TAMS 0x0000000084a00000, 0x0000000084a00000| Untracked 
|  75|0x0000000084b00000, 0x0000000084b00000, 0x0000000084c00000|  0%| F|  |TAMS 0x0000000084b00000, 0x0000000084b00000| Untracked 
|  76|0x0000000084c00000, 0x0000000084c00000, 0x0000000084d00000|  0%| F|  |TAMS 0x0000000084c00000, 0x0000000084c00000| Untracked 
|  77|0x0000000084d00000, 0x0000000084d555c0, 0x0000000084e00000| 33%| S|CS|TAMS 0x0000000084d00000, 0x0000000084d00000| Complete 
|  78|0x0000000084e00000, 0x0000000084f00000, 0x0000000084f00000|100%| S|CS|TAMS 0x0000000084e00000, 0x0000000084e00000| Complete 
|  79|0x0000000084f00000, 0x0000000084f00000, 0x0000000085000000|  0%| F|  |TAMS 0x0000000084f00000, 0x0000000084f00000| Untracked 
|  80|0x0000000085000000, 0x0000000085000000, 0x0000000085100000|  0%| F|  |TAMS 0x0000000085000000, 0x0000000085000000| Untracked 
|  81|0x0000000085100000, 0x0000000085200000, 0x0000000085200000|100%| S|CS|TAMS 0x0000000085100000, 0x0000000085100000| Complete 
|  82|0x0000000085200000, 0x0000000085200000, 0x0000000085300000|  0%| F|  |TAMS 0x0000000085200000, 0x0000000085200000| Untracked 
|  83|0x0000000085300000, 0x0000000085300000, 0x0000000085400000|  0%| F|  |TAMS 0x0000000085300000, 0x0000000085300000| Untracked 
|  84|0x0000000085400000, 0x0000000085400000, 0x0000000085500000|  0%| F|  |TAMS 0x0000000085400000, 0x0000000085400000| Untracked 
|  85|0x0000000085500000, 0x0000000085500000, 0x0000000085600000|  0%| F|  |TAMS 0x0000000085500000, 0x0000000085500000| Untracked 
|  86|0x0000000085600000, 0x0000000085600000, 0x0000000085700000|  0%| F|  |TAMS 0x0000000085600000, 0x0000000085600000| Untracked 
|  87|0x0000000085700000, 0x0000000085700000, 0x0000000085800000|  0%| F|  |TAMS 0x0000000085700000, 0x0000000085700000| Untracked 
|  88|0x0000000085800000, 0x0000000085800000, 0x0000000085900000|  0%| F|  |TAMS 0x0000000085800000, 0x0000000085800000| Untracked 
|  89|0x0000000085900000, 0x0000000085900000, 0x0000000085a00000|  0%| F|  |TAMS 0x0000000085900000, 0x0000000085900000| Untracked 
|  90|0x0000000085a00000, 0x0000000085a00000, 0x0000000085b00000|  0%| F|  |TAMS 0x0000000085a00000, 0x0000000085a00000| Untracked 
|  91|0x0000000085b00000, 0x0000000085b00000, 0x0000000085c00000|  0%| F|  |TAMS 0x0000000085b00000, 0x0000000085b00000| Untracked 
|  92|0x0000000085c00000, 0x0000000085c00000, 0x0000000085d00000|  0%| F|  |TAMS 0x0000000085c00000, 0x0000000085c00000| Untracked 
|  93|0x0000000085d00000, 0x0000000085d00000, 0x0000000085e00000|  0%| F|  |TAMS 0x0000000085d00000, 0x0000000085d00000| Untracked 
|  94|0x0000000085e00000, 0x0000000085e00000, 0x0000000085f00000|  0%| F|  |TAMS 0x0000000085e00000, 0x0000000085e00000| Untracked 
|  95|0x0000000085f00000, 0x0000000085f00000, 0x0000000086000000|  0%| F|  |TAMS 0x0000000085f00000, 0x0000000085f00000| Untracked 
|  96|0x0000000086000000, 0x0000000086000000, 0x0000000086100000|  0%| F|  |TAMS 0x0000000086000000, 0x0000000086000000| Untracked 
|  97|0x0000000086100000, 0x0000000086100000, 0x0000000086200000|  0%| F|  |TAMS 0x0000000086100000, 0x0000000086100000| Untracked 
| 192|0x000000008c000000, 0x000000008c000000, 0x000000008c100000|  0%| F|  |TAMS 0x000000008c000000, 0x000000008c000000| Untracked 
| 193|0x000000008c100000, 0x000000008c100000, 0x000000008c200000|  0%| F|  |TAMS 0x000000008c100000, 0x000000008c100000| Untracked 
| 194|0x000000008c200000, 0x000000008c200000, 0x000000008c300000|  0%| F|  |TAMS 0x000000008c200000, 0x000000008c200000| Untracked 
| 195|0x000000008c300000, 0x000000008c300000, 0x000000008c400000|  0%| F|  |TAMS 0x000000008c300000, 0x000000008c300000| Untracked 
| 196|0x000000008c400000, 0x000000008c400000, 0x000000008c500000|  0%| F|  |TAMS 0x000000008c400000, 0x000000008c400000| Untracked 
| 197|0x000000008c500000, 0x000000008c500000, 0x000000008c600000|  0%| F|  |TAMS 0x000000008c500000, 0x000000008c500000| Untracked 
| 198|0x000000008c600000, 0x000000008c600000, 0x000000008c700000|  0%| F|  |TAMS 0x000000008c600000, 0x000000008c600000| Untracked 
| 199|0x000000008c700000, 0x000000008c700000, 0x000000008c800000|  0%| F|  |TAMS 0x000000008c700000, 0x000000008c700000| Untracked 
| 243|0x000000008f300000, 0x000000008f300000, 0x000000008f400000|  0%| F|  |TAMS 0x000000008f300000, 0x000000008f300000| Untracked 

Card table byte_map: [0x0000025fde020000,0x0000025fde420000] _byte_map_base: 0x0000025fddc20000

Marking Bits (Prev, Next): (CMBitMap*) 0x0000025fcaf3a980, (CMBitMap*) 0x0000025fcaf3a9c0
 Prev Bits: [0x0000025fde820000, 0x0000025fe0820000)
 Next Bits: [0x0000025fe0820000, 0x0000025fe2820000)

Polling page: 0x0000025fc8e70000

Metaspace:

Usage:
  Non-class:     58.81 MB used.
      Class:      8.93 MB used.
       Both:     67.74 MB used.

Virtual space:
  Non-class space:       64.00 MB reserved,      59.06 MB ( 92%) committed,  8 nodes.
      Class space:        1.00 GB reserved,       9.19 MB ( <1%) committed,  1 nodes.
             Both:        1.06 GB reserved,      68.25 MB (  6%) committed. 

Chunk freelists:
   Non-Class:  928.00 KB
       Class:  2.80 MB
        Both:  3.70 MB

MaxMetaspaceSize: unlimited
CompressedClassSpaceSize: 1.00 GB
Initial GC threshold: 21.00 MB
Current GC threshold: 110.25 MB
CDS: off
MetaspaceReclaimPolicy: balanced
 - commit_granule_bytes: 65536.
 - commit_granule_words: 8192.
 - virtual_space_node_default_size: 1048576.
 - enlarge_chunks_in_place: 1.
 - new_chunks_are_fully_committed: 0.
 - uncommit_free_chunks: 1.
 - use_allocation_guard: 0.
 - handle_deallocations: 1.


Internal statistics:

num_allocs_failed_limit: 6.
num_arena_births: 622.
num_arena_deaths: 0.
num_vsnodes_births: 9.
num_vsnodes_deaths: 0.
num_space_committed: 1092.
num_space_uncommitted: 0.
num_chunks_returned_to_freelist: 6.
num_chunks_taken_from_freelist: 2933.
num_chunk_merges: 6.
num_chunk_splits: 1971.
num_chunks_enlarged: 1344.
num_purges: 0.
num_inconsistent_stats: 0.

CodeHeap 'non-profiled nmethods': size=119168Kb used=4122Kb max_used=4122Kb free=115045Kb
 bounds [0x0000025fd5f40000, 0x0000025fd6350000, 0x0000025fdd3a0000]
CodeHeap 'profiled nmethods': size=119104Kb used=13347Kb max_used=13347Kb free=105756Kb
 bounds [0x0000025fce3a0000, 0x0000025fcf0b0000, 0x0000025fd57f0000]
CodeHeap 'non-nmethods': size=7488Kb used=4049Kb max_used=4109Kb free=3438Kb
 bounds [0x0000025fd57f0000, 0x0000025fd5c00000, 0x0000025fd5f40000]
 total_blobs=7673 nmethods=6791 adapters=790
 compilation: enabled
              stopped_count=0, restarted_count=0
 full_count=0

Compilation events (20 events):
Event: 5.217 Thread 0x0000025fe648a010 nmethod 7611 0x0000025fcf0a2d10 code [0x0000025fcf0a2ec0, 0x0000025fcf0a3088]
Event: 5.217 Thread 0x0000025fe7517ee0 nmethod 7610 0x0000025fcf0a3190 code [0x0000025fcf0a34e0, 0x0000025fcf0a4c48]
Event: 5.224 Thread 0x0000025fe68d0bd0 7612       4       sun.nio.fs.WindowsPath::elementAsString (62 bytes)
Event: 5.226 Thread 0x0000025fe65ea8f0 7613       3       org.gradle.launcher.daemon.server.exec.DaemonConnectionBackedEventConsumer$ForwardEvents::moreMessagesToSend (35 bytes)
Event: 5.226 Thread 0x0000025fe648a010 7614   !   3       org.gradle.launcher.daemon.server.exec.DaemonConnectionBackedEventConsumer$ForwardEvents::getNextEvent (27 bytes)
Event: 5.226 Thread 0x0000025fe65ea8f0 nmethod 7613 0x0000025fcf0a5390 code [0x0000025fcf0a5540, 0x0000025fcf0a5808]
Event: 5.226 Thread 0x0000025fe648a010 nmethod 7614 0x0000025fcf0a5910 code [0x0000025fcf0a5ac0, 0x0000025fcf0a5d48]
Event: 5.227 Thread 0x0000025fe648a010 7615       1       java.util.zip.ZipFile$ZipFileInputStream::size (5 bytes)
Event: 5.227 Thread 0x0000025fe648a010 nmethod 7615 0x0000025fd6346790 code [0x0000025fd6346920, 0x0000025fd63469f8]
Event: 5.227 Thread 0x0000025fe685c610 7616       4       java.lang.AbstractStringBuilder::appendChars (130 bytes)
Event: 5.227 Thread 0x0000025fe648a010 7620       3       sun.nio.cs.StreamDecoder::implRead (243 bytes)
Event: 5.227 Thread 0x0000025fe7517ee0 7617       3       java.io.InputStreamReader::read (11 bytes)
Event: 5.227 Thread 0x0000025fe65ea8f0 7618   !   3       sun.nio.cs.StreamDecoder::read (196 bytes)
Event: 5.227 Thread 0x0000025fe65f0e20 7619       3       sun.nio.cs.StreamDecoder::ensureOpen (18 bytes)
Event: 5.228 Thread 0x0000025fe7517ee0 nmethod 7617 0x0000025fcf0a5e90 code [0x0000025fcf0a6040, 0x0000025fcf0a61a8]
Event: 5.228 Thread 0x0000025fe65f0e20 nmethod 7619 0x0000025fcf0a6290 code [0x0000025fcf0a6440, 0x0000025fcf0a6648]
Event: 5.229 Thread 0x0000025fe65ea8f0 nmethod 7618 0x0000025fcf0a6710 code [0x0000025fcf0a6980, 0x0000025fcf0a7588]
Event: 5.229 Thread 0x0000025fe648a010 nmethod 7620 0x0000025fcf0a7a90 code [0x0000025fcf0a7d40, 0x0000025fcf0a8bf8]
Event: 5.229 Thread 0x0000025fe648a010 7621       3       java.nio.HeapByteBuffer::compact (85 bytes)
Event: 5.230 Thread 0x0000025fe648a010 nmethod 7621 0x0000025fcf0a9090 code [0x0000025fcf0a9280, 0x0000025fcf0a98a8]

GC Heap History (20 events):
Event: 3.525 GC heap after
{Heap after GC invocations=17 (full 0):
 garbage-first heap   total 65536K, used 33969K [0x0000000080000000, 0x0000000100000000)
  region size 1024K, 2 young (2048K), 2 survivors (2048K)
 Metaspace       used 50973K, committed 51456K, reserved 1097728K
  class space    used 6750K, committed 6976K, reserved 1048576K
}
Event: 3.645 GC heap before
{Heap before GC invocations=18 (full 0):
 garbage-first heap   total 65536K, used 50353K [0x0000000080000000, 0x0000000100000000)
  region size 1024K, 19 young (19456K), 2 survivors (2048K)
 Metaspace       used 51594K, committed 52032K, reserved 1097728K
  class space    used 6797K, committed 6976K, reserved 1048576K
}
Event: 3.647 GC heap after
{Heap after GC invocations=19 (full 0):
 garbage-first heap   total 105472K, used 35574K [0x0000000080000000, 0x0000000100000000)
  region size 1024K, 3 young (3072K), 3 survivors (3072K)
 Metaspace       used 51594K, committed 52032K, reserved 1097728K
  class space    used 6797K, committed 6976K, reserved 1048576K
}
Event: 3.657 GC heap before
{Heap before GC invocations=19 (full 0):
 garbage-first heap   total 105472K, used 37622K [0x0000000080000000, 0x0000000100000000)
  region size 1024K, 5 young (5120K), 3 survivors (3072K)
 Metaspace       used 51632K, committed 52032K, reserved 1097728K
  class space    used 6800K, committed 6976K, reserved 1048576K
}
Event: 3.659 GC heap after
{Heap after GC invocations=20 (full 0):
 garbage-first heap   total 105472K, used 35855K [0x0000000080000000, 0x0000000100000000)
  region size 1024K, 1 young (1024K), 1 survivors (1024K)
 Metaspace       used 51632K, committed 52032K, reserved 1097728K
  class space    used 6800K, committed 6976K, reserved 1048576K
}
Event: 4.058 GC heap before
{Heap before GC invocations=20 (full 0):
 garbage-first heap   total 105472K, used 83983K [0x0000000080000000, 0x0000000100000000)
  region size 1024K, 45 young (46080K), 1 survivors (1024K)
 Metaspace       used 55805K, committed 56256K, reserved 1105920K
  class space    used 7373K, committed 7552K, reserved 1048576K
}
Event: 4.060 GC heap after
{Heap after GC invocations=21 (full 0):
 garbage-first heap   total 105472K, used 46732K [0x0000000080000000, 0x0000000100000000)
  region size 1024K, 6 young (6144K), 6 survivors (6144K)
 Metaspace       used 55805K, committed 56256K, reserved 1105920K
  class space    used 7373K, committed 7552K, reserved 1048576K
}
Event: 4.444 GC heap before
{Heap before GC invocations=21 (full 0):
 garbage-first heap   total 105472K, used 80524K [0x0000000080000000, 0x0000000100000000)
  region size 1024K, 40 young (40960K), 6 survivors (6144K)
 Metaspace       used 61782K, committed 62336K, reserved 1105920K
  class space    used 8156K, committed 8384K, reserved 1048576K
}
Event: 4.447 GC heap after
{Heap after GC invocations=22 (full 0):
 garbage-first heap   total 105472K, used 48816K [0x0000000080000000, 0x0000000100000000)
  region size 1024K, 2 young (2048K), 2 survivors (2048K)
 Metaspace       used 61782K, committed 62336K, reserved 1105920K
  class space    used 8156K, committed 8384K, reserved 1048576K
}
Event: 4.507 GC heap before
{Heap before GC invocations=22 (full 0):
 garbage-first heap   total 105472K, used 52912K [0x0000000080000000, 0x0000000100000000)
  region size 1024K, 7 young (7168K), 2 survivors (2048K)
 Metaspace       used 63114K, committed 63680K, reserved 1105920K
  class space    used 8299K, committed 8576K, reserved 1048576K
}
Event: 4.509 GC heap after
{Heap after GC invocations=23 (full 0):
 garbage-first heap   total 105472K, used 49867K [0x0000000080000000, 0x0000000100000000)
  region size 1024K, 3 young (3072K), 3 survivors (3072K)
 Metaspace       used 63114K, committed 63680K, reserved 1105920K
  class space    used 8299K, committed 8576K, reserved 1048576K
}
Event: 4.513 GC heap before
{Heap before GC invocations=23 (full 0):
 garbage-first heap   total 105472K, used 52939K [0x0000000080000000, 0x0000000100000000)
  region size 1024K, 7 young (7168K), 3 survivors (3072K)
 Metaspace       used 63114K, committed 63680K, reserved 1105920K
  class space    used 8299K, committed 8576K, reserved 1048576K
}
Event: 4.515 GC heap after
{Heap after GC invocations=24 (full 0):
 garbage-first heap   total 105472K, used 52621K [0x0000000080000000, 0x0000000100000000)
  region size 1024K, 4 young (4096K), 4 survivors (4096K)
 Metaspace       used 63114K, committed 63680K, reserved 1105920K
  class space    used 8299K, committed 8576K, reserved 1048576K
}
Event: 4.687 GC heap before
{Heap before GC invocations=25 (full 0):
 garbage-first heap   total 109568K, used 78221K [0x0000000080000000, 0x0000000100000000)
  region size 1024K, 25 young (25600K), 4 survivors (4096K)
 Metaspace       used 64600K, committed 65152K, reserved 1105920K
  class space    used 8500K, committed 8768K, reserved 1048576K
}
Event: 4.688 GC heap after
{Heap after GC invocations=26 (full 0):
 garbage-first heap   total 109568K, used 52453K [0x0000000080000000, 0x0000000100000000)
  region size 1024K, 2 young (2048K), 2 survivors (2048K)
 Metaspace       used 64600K, committed 65152K, reserved 1105920K
  class space    used 8500K, committed 8768K, reserved 1048576K
}
Event: 4.905 GC heap before
{Heap before GC invocations=26 (full 0):
 garbage-first heap   total 109568K, used 79077K [0x0000000080000000, 0x0000000100000000)
  region size 1024K, 28 young (28672K), 2 survivors (2048K)
 Metaspace       used 67154K, committed 67712K, reserved 1114112K
  class space    used 8826K, committed 9088K, reserved 1048576K
}
Event: 4.907 GC heap after
{Heap after GC invocations=27 (full 0):
 garbage-first heap   total 109568K, used 54140K [0x0000000080000000, 0x0000000100000000)
  region size 1024K, 4 young (4096K), 4 survivors (4096K)
 Metaspace       used 67154K, committed 67712K, reserved 1114112K
  class space    used 8826K, committed 9088K, reserved 1048576K
}
Event: 5.014 GC heap before
{Heap before GC invocations=28 (full 0):
 garbage-first heap   total 109568K, used 80764K [0x0000000080000000, 0x0000000100000000)
  region size 1024K, 30 young (30720K), 4 survivors (4096K)
 Metaspace       used 67323K, committed 67840K, reserved 1114112K
  class space    used 8859K, committed 9088K, reserved 1048576K
}
Event: 5.016 GC heap after
{Heap after GC invocations=29 (full 0):
 garbage-first heap   total 109568K, used 56627K [0x0000000080000000, 0x0000000100000000)
  region size 1024K, 4 young (4096K), 4 survivors (4096K)
 Metaspace       used 67323K, committed 67840K, reserved 1114112K
  class space    used 8859K, committed 9088K, reserved 1048576K
}
Event: 5.231 GC heap before
{Heap before GC invocations=29 (full 0):
 garbage-first heap   total 109568K, used 80179K [0x0000000080000000, 0x0000000100000000)
  region size 1024K, 29 young (29696K), 4 survivors (4096K)
 Metaspace       used 69366K, committed 69888K, reserved 1114112K
  class space    used 9148K, committed 9408K, reserved 1048576K
}

Dll operation events (2 events):
Event: 0.005 Loaded shared library C:\Program Files\Android\Android Studio\jbr\bin\java.dll
Event: 0.252 Loaded shared library C:\Program Files\Android\Android Studio\jbr\bin\verify.dll

Deoptimization events (20 events):
Event: 5.230 Thread 0x0000025fe7bf40f0 DEOPT PACKING pc=0x0000025fce8d26cb sp=0x0000007481ff7680
Event: 5.230 Thread 0x0000025fe7bf40f0 DEOPT UNPACKING pc=0x0000025fd5847143 sp=0x0000007481ff6b30 mode 0
Event: 5.230 Thread 0x0000025fe7bf40f0 DEOPT PACKING pc=0x0000025fce8d26cb sp=0x0000007481ff7680
Event: 5.230 Thread 0x0000025fe7bf40f0 DEOPT UNPACKING pc=0x0000025fd5847143 sp=0x0000007481ff6b30 mode 0
Event: 5.230 Thread 0x0000025fe7bf40f0 DEOPT PACKING pc=0x0000025fce8d26cb sp=0x0000007481ff7680
Event: 5.230 Thread 0x0000025fe7bf40f0 DEOPT UNPACKING pc=0x0000025fd5847143 sp=0x0000007481ff6b30 mode 0
Event: 5.230 Thread 0x0000025fe7bf40f0 DEOPT PACKING pc=0x0000025fce8d26cb sp=0x0000007481ff7680
Event: 5.230 Thread 0x0000025fe7bf40f0 DEOPT UNPACKING pc=0x0000025fd5847143 sp=0x0000007481ff6b30 mode 0
Event: 5.230 Thread 0x0000025fe7bf40f0 DEOPT PACKING pc=0x0000025fce8d26cb sp=0x0000007481ff7680
Event: 5.230 Thread 0x0000025fe7bf40f0 DEOPT UNPACKING pc=0x0000025fd5847143 sp=0x0000007481ff6b30 mode 0
Event: 5.230 Thread 0x0000025fe7bf40f0 DEOPT PACKING pc=0x0000025fce8d26cb sp=0x0000007481ff7680
Event: 5.230 Thread 0x0000025fe7bf40f0 DEOPT UNPACKING pc=0x0000025fd5847143 sp=0x0000007481ff6b30 mode 0
Event: 5.231 Thread 0x0000025fe7bf40f0 DEOPT PACKING pc=0x0000025fce8d26cb sp=0x0000007481ff7680
Event: 5.231 Thread 0x0000025fe7bf40f0 DEOPT UNPACKING pc=0x0000025fd5847143 sp=0x0000007481ff6b30 mode 0
Event: 5.231 Thread 0x0000025fe7bf40f0 DEOPT PACKING pc=0x0000025fce8d26cb sp=0x0000007481ff7680
Event: 5.231 Thread 0x0000025fe7bf40f0 DEOPT UNPACKING pc=0x0000025fd5847143 sp=0x0000007481ff6b30 mode 0
Event: 5.231 Thread 0x0000025fe7bf40f0 DEOPT PACKING pc=0x0000025fce8d26cb sp=0x0000007481ff7680
Event: 5.231 Thread 0x0000025fe7bf40f0 DEOPT UNPACKING pc=0x0000025fd5847143 sp=0x0000007481ff6b30 mode 0
Event: 5.231 Thread 0x0000025fe7bf40f0 DEOPT PACKING pc=0x0000025fce8d26cb sp=0x0000007481ff7680
Event: 5.231 Thread 0x0000025fe7bf40f0 DEOPT UNPACKING pc=0x0000025fd5847143 sp=0x0000007481ff6b30 mode 0

Classes unloaded (0 events):
No events

Classes redefined (0 events):
No events

Internal exceptions (20 events):
Event: 5.029 Thread 0x0000025fe7bf40f0 Exception <a 'java/lang/ClassNotFoundException'{0x000000008c452a80}: com/android/build/gradle/internal/dsl/BuildType$AgpDecoratedBeanInfo> (0x000000008c452a80) 
thrown [s\src\hotspot\share\classfile\systemDictionary.cpp, line 256]
Event: 5.030 Thread 0x0000025fe7bf40f0 Exception <a 'java/lang/ClassNotFoundException'{0x000000008c460240}: com/android/build/gradle/internal/dsl/BuildTypeBeanInfo> (0x000000008c460240) 
thrown [s\src\hotspot\share\classfile\systemDictionary.cpp, line 256]
Event: 5.030 Thread 0x0000025fe7bf40f0 Exception <a 'java/lang/ClassNotFoundException'{0x000000008c46d7d8}: com/android/builder/core/AbstractBuildTypeBeanInfo> (0x000000008c46d7d8) 
thrown [s\src\hotspot\share\classfile\systemDictionary.cpp, line 256]
Event: 5.031 Thread 0x0000025fe7bf40f0 Exception <a 'java/lang/ClassNotFoundException'{0x000000008c47ad60}: com/android/builder/core/AbstractBuildTypeCustomizer> (0x000000008c47ad60) 
thrown [s\src\hotspot\share\classfile\systemDictionary.cpp, line 256]
Event: 5.031 Thread 0x0000025fe7bf40f0 Implicit null exception at 0x0000025fd630eec2 to 0x0000025fd630f2dc
Event: 5.032 Thread 0x0000025fe7bf40f0 Exception <a 'java/lang/ClassNotFoundException'{0x000000008c4a4f88}: com/android/build/gradle/internal/dsl/BuildTypeCustomizer> (0x000000008c4a4f88) 
thrown [s\src\hotspot\share\classfile\systemDictionary.cpp, line 256]
Event: 5.033 Thread 0x0000025fe7bf40f0 Exception <a 'java/lang/ClassNotFoundException'{0x000000008c32e948}: com/android/build/gradle/internal/dsl/BuildType$AgpDecoratedCustomizer> (0x000000008c32e948) 
thrown [s\src\hotspot\share\classfile\systemDictionary.cpp, line 256]
Event: 5.035 Thread 0x0000025fe7bf40f0 Exception <a 'java/lang/ClassNotFoundException'{0x000000008c381278}: com/android/build/gradle/internal/dsl/BuildType$AgpDecorated_DecoratedCustomizer> (0x000000008c381278) 
thrown [s\src\hotspot\share\classfile\systemDictionary.cpp, line 256]
Event: 5.039 Thread 0x0000025fe7bf40f0 Exception <a 'java/lang/ClassNotFoundException'{0x000000008c25ee78}: build_8s87ecbokuxwvneo7oxpojlwy$_run_closure1$_closure4BeanInfo> (0x000000008c25ee78) 
thrown [s\src\hotspot\share\classfile\systemDictionary.cpp, line 256]
Event: 5.039 Thread 0x0000025fe7bf40f0 Exception <a 'java/lang/ClassNotFoundException'{0x000000008c2693d8}: build_8s87ecbokuxwvneo7oxpojlwy$_run_closure1$_closure4Customizer> (0x000000008c2693d8) 
thrown [s\src\hotspot\share\classfile\systemDictionary.cpp, line 256]
Event: 5.040 Thread 0x0000025fe7bf40f0 Exception <a 'java/lang/ClassNotFoundException'{0x000000008c28d1e8}: build_8s87ecbokuxwvneo7oxpojlwy$_run_closure1BeanInfo> (0x000000008c28d1e8) 
thrown [s\src\hotspot\share\classfile\systemDictionary.cpp, line 256]
Event: 5.041 Thread 0x0000025fe7bf40f0 Exception <a 'java/lang/ClassNotFoundException'{0x000000008c297e78}: build_8s87ecbokuxwvneo7oxpojlwy$_run_closure1Customizer> (0x000000008c297e78) 
thrown [s\src\hotspot\share\classfile\systemDictionary.cpp, line 256]
Event: 5.044 Thread 0x0000025fe7bf40f0 Exception <a 'java/lang/ClassNotFoundException'{0x000000008c2d30e0}: org/gradle/api/JavaVersionBeanInfo> (0x000000008c2d30e0) 
thrown [s\src\hotspot\share\classfile\systemDictionary.cpp, line 256]
Event: 5.045 Thread 0x0000025fe7bf40f0 Exception <a 'java/lang/ClassNotFoundException'{0x000000008c2e7a90}: org/gradle/api/JavaVersionCustomizer> (0x000000008c2e7a90) 
thrown [s\src\hotspot\share\classfile\systemDictionary.cpp, line 256]
Event: 5.046 Thread 0x0000025fe7bf40f0 Exception <a 'java/lang/ClassNotFoundException'{0x000000008c12b878}: com/android/build/gradle/internal/CompileOptions$AgpDecorated_DecoratedBeanInfo> (0x000000008c12b878) 
thrown [s\src\hotspot\share\classfile\systemDictionary.cpp, line 256]
Event: 5.047 Thread 0x0000025fe7bf40f0 Exception <a 'java/lang/ClassNotFoundException'{0x000000008c137f18}: com/android/build/gradle/internal/CompileOptions$AgpDecoratedBeanInfo> (0x000000008c137f18) 
thrown [s\src\hotspot\share\classfile\systemDictionary.cpp, line 256]
Event: 5.047 Thread 0x0000025fe7bf40f0 Exception <a 'java/lang/ClassNotFoundException'{0x000000008c144450}: com/android/build/gradle/internal/CompileOptionsBeanInfo> (0x000000008c144450) 
thrown [s\src\hotspot\share\classfile\systemDictionary.cpp, line 256]
Event: 5.048 Thread 0x0000025fe7bf40f0 Exception <a 'java/lang/ClassNotFoundException'{0x000000008c150990}: com/android/build/gradle/internal/CompileOptionsCustomizer> (0x000000008c150990) 
thrown [s\src\hotspot\share\classfile\systemDictionary.cpp, line 256]
Event: 5.048 Thread 0x0000025fe7bf40f0 Exception <a 'java/lang/ClassNotFoundException'{0x000000008c1682b0}: com/android/build/gradle/internal/CompileOptions$AgpDecoratedCustomizer> (0x000000008c1682b0) 
thrown [s\src\hotspot\share\classfile\systemDictionary.cpp, line 256]
Event: 5.049 Thread 0x0000025fe7bf40f0 Exception <a 'java/lang/ClassNotFoundException'{0x000000008c178050}: com/android/build/gradle/internal/CompileOptions$AgpDecorated_DecoratedCustomizer> (0x000000008c178050) 
thrown [s\src\hotspot\share\classfile\systemDictionary.cpp, line 256]

VM Operations (20 events):
Event: 4.515 Executing VM operation: G1TryInitiateConcMark done
Event: 4.528 Executing VM operation: G1Concurrent
Event: 4.530 Executing VM operation: G1Concurrent done
Event: 4.535 Executing VM operation: G1Concurrent
Event: 4.535 Executing VM operation: G1Concurrent done
Event: 4.687 Executing VM operation: G1CollectForAllocation
Event: 4.688 Executing VM operation: G1CollectForAllocation done
Event: 4.884 Executing VM operation: ICBufferFull
Event: 4.885 Executing VM operation: ICBufferFull done
Event: 4.905 Executing VM operation: G1CollectForAllocation
Event: 4.907 Executing VM operation: G1CollectForAllocation done
Event: 4.924 Executing VM operation: G1Concurrent
Event: 4.926 Executing VM operation: G1Concurrent done
Event: 4.934 Executing VM operation: G1Concurrent
Event: 4.934 Executing VM operation: G1Concurrent done
Event: 5.013 Executing VM operation: G1CollectForAllocation
Event: 5.016 Executing VM operation: G1CollectForAllocation done
Event: 5.078 Executing VM operation: HandshakeAllThreads
Event: 5.078 Executing VM operation: HandshakeAllThreads done
Event: 5.231 Executing VM operation: G1TryInitiateConcMark

Events (20 events):
Event: 4.505 loading class sun/security/util/ManifestEntryVerifier$SunProviderHolder
Event: 4.505 loading class sun/security/util/ManifestEntryVerifier$SunProviderHolder done
Event: 4.549 loading class sun/nio/fs/WindowsException
Event: 4.550 loading class sun/nio/fs/WindowsException done
Event: 4.753 loading class java/security/KeyStore
Event: 4.753 loading class java/security/KeyStore done
Event: 4.753 loading class java/security/KeyStore$1
Event: 4.753 loading class java/security/KeyStore$1 done
Event: 4.818 loading class javax/xml/stream/XMLStreamException
Event: 4.818 loading class javax/xml/stream/XMLStreamException done
Event: 4.833 loading class sun/reflect/annotation/AnnotationInvocationHandler$1
Event: 4.833 loading class sun/reflect/annotation/AnnotationInvocationHandler$1 done
Event: 4.916 loading class org/xml/sax/Locator
Event: 4.916 loading class org/xml/sax/Locator done
Event: 4.916 loading class org/xml/sax/SAXParseException
Event: 4.916 loading class org/xml/sax/SAXParseException done
Event: 4.917 loading class org/xml/sax/Attributes
Event: 4.917 loading class org/xml/sax/Attributes done
Event: 4.989 loading class java/beans/IntrospectionException
Event: 4.989 loading class java/beans/IntrospectionException done


Dynamic libraries:
0x00007ff762060000 - 0x00007ff76206a000 	C:\Program Files\Android\Android Studio\jbr\bin\java.exe
0x00007ffb7f670000 - 0x00007ffb7f887000 	C:\WINDOWS\SYSTEM32\ntdll.dll
0x00007ffb7d880000 - 0x00007ffb7d944000 	C:\WINDOWS\System32\KERNEL32.DLL
0x00007ffb7cab0000 - 0x00007ffb7ce56000 	C:\WINDOWS\System32\KERNELBASE.dll
0x00007ffb7d1e0000 - 0x00007ffb7d2f1000 	C:\WINDOWS\System32\ucrtbase.dll
0x00007ffb71430000 - 0x00007ffb71447000 	C:\Program Files\Android\Android Studio\jbr\bin\jli.dll
0x00007ffb79760000 - 0x00007ffb7977b000 	C:\Program Files\Android\Android Studio\jbr\bin\VCRUNTIME140.dll
0x00007ffb7d610000 - 0x00007ffb7d7be000 	C:\WINDOWS\System32\USER32.dll
0x00007ffb7d3a0000 - 0x00007ffb7d3c6000 	C:\WINDOWS\System32\win32u.dll
0x00007ffb64770000 - 0x00007ffb64a03000 	C:\WINDOWS\WinSxS\amd64_microsoft.windows.common-controls_6595b64144ccf1df_6.0.22621.2191_none_2715cffb738043a6\COMCTL32.dll
0x00007ffb7d7c0000 - 0x00007ffb7d7e9000 	C:\WINDOWS\System32\GDI32.dll
0x00007ffb7d950000 - 0x00007ffb7d9f7000 	C:\WINDOWS\System32\msvcrt.dll
0x00007ffb7ce60000 - 0x00007ffb7cf78000 	C:\WINDOWS\System32\gdi32full.dll
0x00007ffb7d300000 - 0x00007ffb7d39a000 	C:\WINDOWS\System32\msvcp_win.dll
0x00007ffb7e8f0000 - 0x00007ffb7e921000 	C:\WINDOWS\System32\IMM32.DLL
0x00007ffb79740000 - 0x00007ffb7974c000 	C:\Program Files\Android\Android Studio\jbr\bin\vcruntime140_1.dll
0x00007ffb56430000 - 0x00007ffb564bd000 	C:\Program Files\Android\Android Studio\jbr\bin\msvcp140.dll
0x00007ffb2ec90000 - 0x00007ffb2f8fe000 	C:\Program Files\Android\Android Studio\jbr\bin\server\jvm.dll
0x00007ffb7e720000 - 0x00007ffb7e7d0000 	C:\WINDOWS\System32\ADVAPI32.dll
0x00007ffb7daf0000 - 0x00007ffb7db96000 	C:\WINDOWS\System32\sechost.dll
0x00007ffb7e7d0000 - 0x00007ffb7e8e7000 	C:\WINDOWS\System32\RPCRT4.dll
0x00007ffb74880000 - 0x00007ffb7488a000 	C:\WINDOWS\SYSTEM32\VERSION.dll
0x00007ffb798a0000 - 0x00007ffb798a9000 	C:\WINDOWS\SYSTEM32\WSOCK32.dll
0x00007ffb74a80000 - 0x00007ffb74ab4000 	C:\WINDOWS\SYSTEM32\WINMM.dll
0x00007ffb7e5c0000 - 0x00007ffb7e631000 	C:\WINDOWS\System32\WS2_32.dll
0x00007ffb7baf0000 - 0x00007ffb7bb08000 	C:\WINDOWS\SYSTEM32\kernel.appcore.dll
0x00007ffb79890000 - 0x00007ffb7989a000 	C:\Program Files\Android\Android Studio\jbr\bin\jimage.dll
0x00007ffb73670000 - 0x00007ffb7389e000 	C:\WINDOWS\SYSTEM32\DBGHELP.DLL
0x00007ffb7eec0000 - 0x00007ffb7f24a000 	C:\WINDOWS\System32\combase.dll
0x00007ffb7e640000 - 0x00007ffb7e717000 	C:\WINDOWS\System32\OLEAUT32.dll
0x00007ffb73130000 - 0x00007ffb73162000 	C:\WINDOWS\SYSTEM32\dbgcore.DLL
0x00007ffb7d160000 - 0x00007ffb7d1da000 	C:\WINDOWS\System32\bcryptPrimitives.dll
0x00007ffb79710000 - 0x00007ffb79735000 	C:\Program Files\Android\Android Studio\jbr\bin\java.dll
0x00007ffb764a0000 - 0x00007ffb764b8000 	C:\Program Files\Android\Android Studio\jbr\bin\zip.dll
0x00007ffb7dba0000 - 0x00007ffb7e3f8000 	C:\WINDOWS\System32\SHELL32.dll
0x00007ffb7a900000 - 0x00007ffb7b1f2000 	C:\WINDOWS\SYSTEM32\windows.storage.dll
0x00007ffb7a7c0000 - 0x00007ffb7a8fe000 	C:\WINDOWS\SYSTEM32\wintypes.dll
0x00007ffb7f530000 - 0x00007ffb7f623000 	C:\WINDOWS\System32\SHCORE.dll
0x00007ffb7e400000 - 0x00007ffb7e45e000 	C:\WINDOWS\System32\shlwapi.dll
0x00007ffb7c920000 - 0x00007ffb7c946000 	C:\WINDOWS\SYSTEM32\profapi.dll
0x00007ffb72c30000 - 0x00007ffb72c49000 	C:\Program Files\Android\Android Studio\jbr\bin\net.dll
0x00007ffb77290000 - 0x00007ffb773c7000 	C:\WINDOWS\SYSTEM32\WINHTTP.dll
0x00007ffb7bfa0000 - 0x00007ffb7c009000 	C:\WINDOWS\system32\mswsock.dll
0x00007ffb72c10000 - 0x00007ffb72c26000 	C:\Program Files\Android\Android Studio\jbr\bin\nio.dll
0x00007ffb78310000 - 0x00007ffb78320000 	C:\Program Files\Android\Android Studio\jbr\bin\verify.dll
0x00007ffb79780000 - 0x00007ffb797a7000 	C:\Users\sidd2\.gradle\native\68d5fa5c4cc2d200863cafc0d521ce42e7d3e7ee720ec0a83991735586a16f82\windows-amd64\native-platform.dll
0x00007ffb4a4e0000 - 0x00007ffb4a624000 	C:\Users\sidd2\.gradle\native\e376f236ea51e6404a007f0833ffe2c6e607c4080706a723a18a27aeea778392\windows-amd64\native-platform-file-events.dll
0x00007ffb77f50000 - 0x00007ffb77f59000 	C:\Program Files\Android\Android Studio\jbr\bin\management.dll
0x00007ffb77f00000 - 0x00007ffb77f0b000 	C:\Program Files\Android\Android Studio\jbr\bin\management_ext.dll
0x00007ffb7e930000 - 0x00007ffb7e938000 	C:\WINDOWS\System32\PSAPI.DLL
0x00007ffb7c1f0000 - 0x00007ffb7c20b000 	C:\WINDOWS\SYSTEM32\CRYPTSP.dll
0x00007ffb7ba50000 - 0x00007ffb7ba85000 	C:\WINDOWS\system32\rsaenh.dll
0x00007ffb7c090000 - 0x00007ffb7c0bc000 	C:\WINDOWS\SYSTEM32\USERENV.dll
0x00007ffb7c390000 - 0x00007ffb7c3b8000 	C:\WINDOWS\SYSTEM32\bcrypt.dll
0x00007ffb7c210000 - 0x00007ffb7c21c000 	C:\WINDOWS\SYSTEM32\CRYPTBASE.dll
0x00007ffb7b4d0000 - 0x00007ffb7b4fd000 	C:\WINDOWS\SYSTEM32\IPHLPAPI.DLL
0x00007ffb7e5b0000 - 0x00007ffb7e5b9000 	C:\WINDOWS\System32\NSI.dll
0x00007ffb76820000 - 0x00007ffb76839000 	C:\WINDOWS\SYSTEM32\dhcpcsvc6.DLL
0x00007ffb76690000 - 0x00007ffb766af000 	C:\WINDOWS\SYSTEM32\dhcpcsvc.DLL
0x00007ffb7b500000 - 0x00007ffb7b5f9000 	C:\WINDOWS\SYSTEM32\DNSAPI.dll
0x00007ffb29910000 - 0x00007ffb29918000 	C:\WINDOWS\system32\wshunix.dll

dbghelp: loaded successfully - version: 4.0.5 - missing functions: none
symbol engine: initialized successfully - sym options: 0x614 - pdb path: .;C:\Program Files\Android\Android Studio\jbr\bin;C:\WINDOWS\SYSTEM32;C:\WINDOWS\WinSxS\amd64_microsoft.windows.common-controls_6595b64144ccf1df_6.0.22621.2191_none_2715cffb738043a6;C:\Program Files\Android\Android Studio\jbr\bin\server;C:\Users\sidd2\.gradle\native\68d5fa5c4cc2d200863cafc0d521ce42e7d3e7ee720ec0a83991735586a16f82\windows-amd64;C:\Users\sidd2\.gradle\native\e376f236ea51e6404a007f0833ffe2c6e607c4080706a723a18a27aeea778392\windows-amd64

VM Arguments:
jvm_args: --add-opens=java.base/java.util=ALL-UNNAMED --add-opens=java.base/java.lang=ALL-UNNAMED --add-opens=java.base/java.lang.invoke=ALL-UNNAMED --add-opens=java.prefs/java.util.prefs=ALL-UNNAMED --add-opens=java.base/java.nio.charset=ALL-UNNAMED --add-opens=java.base/java.net=ALL-UNNAMED --add-opens=java.base/java.util.concurrent.atomic=ALL-UNNAMED -Xmx2048m -Dfile.encoding=UTF-8 -Duser.country=US -Duser.language=en -Duser.variant 
java_command: org.gradle.launcher.daemon.bootstrap.GradleDaemon 8.0
java_class_path (initial): C:\Users\sidd2\.gradle\wrapper\dists\gradle-8.0-bin\ca5e32bp14vu59qr306oxotwh\gradle-8.0\lib\gradle-launcher-8.0.jar
Launcher Type: SUN_STANDARD

[Global flags]
     intx CICompilerCount                          = 12                                        {product} {ergonomic}
     uint ConcGCThreads                            = 3                                         {product} {ergonomic}
     uint G1ConcRefinementThreads                  = 13                                        {product} {ergonomic}
   size_t G1HeapRegionSize                         = 1048576                                   {product} {ergonomic}
    uintx GCDrainStackTargetSize                   = 64                                        {product} {ergonomic}
   size_t InitialHeapSize                          = 255852544                                 {product} {ergonomic}
   size_t MarkStackSize                            = 4194304                                   {product} {ergonomic}
   size_t MaxHeapSize                              = 2147483648                                {product} {command line}
   size_t MaxNewSize                               = 1287651328                                {product} {ergonomic}
   size_t MinHeapDeltaBytes                        = 1048576                                   {product} {ergonomic}
   size_t MinHeapSize                              = 8388608                                   {product} {ergonomic}
    uintx NonNMethodCodeHeapSize                   = 7602480                                {pd product} {ergonomic}
    uintx NonProfiledCodeHeapSize                  = 122027880                              {pd product} {ergonomic}
    uintx ProfiledCodeHeapSize                     = 122027880                              {pd product} {ergonomic}
    uintx ReservedCodeCacheSize                    = 251658240                              {pd product} {ergonomic}
     bool SegmentedCodeCache                       = true                                      {product} {ergonomic}
   size_t SoftMaxHeapSize                          = 2147483648                             {manageable} {ergonomic}
     bool UseCompressedClassPointers               = true                           {product lp64_product} {ergonomic}
     bool UseCompressedOops                        = true                           {product lp64_product} {ergonomic}
     bool UseG1GC                                  = true                                      {product} {ergonomic}
     bool UseLargePagesIndividualAllocation        = false                                  {pd product} {ergonomic}

Logging:
Log output configuration:
 #0: stdout all=warning uptime,level,tags
 #1: stderr all=off uptime,level,tags

Environment Variables:
PATH=C:\Users\sidd2\AppData\Local\Programs\Python\Python311\Scripts\;C:\Program Files\Common Files\Oracle\Java\javapath;C:\Program Files (x86)\Common Files\Oracle\Java\javapath;C:\Program Files (x86)\Common Files\Intel\Shared Libraries\redist\intel64\compiler;C:\ProgramData\Oracle\Java\javapath;C:\Windows\system32;C:\Windows;C:\Windows\System32\Wbem;C:\Windows\System32\WindowsPowerShell\v1.0\;C:\Windows\System32\OpenSSH\;C:\Program Files (x86)\NVIDIA Corporation\PhysX\Common;C:\Program Files\NVIDIA Corporation\NVIDIA NvDLISR;C:\WINDOWS\system32;C:\WINDOWS;C:\WINDOWS\System32\Wbem;C:\WINDOWS\System32\WindowsPowerShell\v1.0\;C:\WINDOWS\System32\OpenSSH\;C:\Program Files\dotnet\;C:\MinGW\bin;C:\Users\sidd2\AppData\Local\Programs\Python\Python311\;C:\Program Files\Cloudflare\Cloudflare WARP\;D:\Softwares\;C:\ProgramData\chocolatey\bin;C:\Program Files\Git\cmd;C:\Program Files\Git\mingw64\bin;C:\Program Files\Git\usr\bin;C:\Users\sidd2\anaconda3;C:\Users\sidd2\anaconda3\Library\mingw-w64\bin;C:\Users\sidd2\anaconda3\Library\usr\bin;C:\Users\sidd2\anaconda3\Library\bin;C:\Users\sidd2\anaconda3\Scripts;C:\Users\sidd2\AppData\Local\Microsoft\WindowsApps;C:\Users\sidd2\AppData\Local\Programs\Microsoft VS Code\bin;C:\MinGW\bin;D:\Softwares\PyCharm Community Edition 2023.1\bin;;C:\Program Files\JetBrains\IntelliJ IDEA Community Edition 2023.1.2\bin;;C:\Users\sidd2\AppData\Local\GitHubDesktop\bin;C:\Users\sidd2\AppData\Roaming\npm;
USERNAME=sidd2
OS=Windows_NT
PROCESSOR_IDENTIFIER=AMD64 Family 25 Model 68 Stepping 1, AuthenticAMD
TMP=C:\Users\sidd2\AppData\Local\Temp
TEMP=C:\Users\sidd2\AppData\Local\Temp


JNI global refs:
JNI global refs: 32, weak refs: 0

JNI global refs memory usage: 843, weak refs: 841


---------------  S Y S T E M  ---------------

OS:
 Windows 11 , 64 bit Build 22621 (10.0.22621.2199)
OS uptime: 0 days 22:50 hours
Hyper-V role detected

CPU: total 16 (initial active 16) (16 cores per cpu, 2 threads per core) family 25 model 68 stepping 1 microcode 0x0, cx8, cmov, fxsr, ht, mmx, 3dnowpref, sse, sse2, sse3, ssse3, sse4a, sse4.1, sse4.2, popcnt, lzcnt, tsc, tscinvbit, avx, avx2, aes, clmul, bmi1, bmi2, adx, sha, fma, vzeroupper, clflush, clflushopt, hv

Memory: 4k page, system-wide physical 15613M (5252M free)
TotalPageFile size 15613M (AvailPageFile size 5M)
current process WorkingSet (physical memory assigned to process): 326M, peak: 338M
current process commit charge ("private bytes"): 434M, peak: 435M

vm_info: OpenJDK 64-Bit Server VM (17.0.6+0-b2043.56-10027231) for windows-amd64 JRE (17.0.6+0-b2043.56-10027231), built on Apr 28 2023 00:43:19 by "androidbuild" with MS VC++ 16.10 / 16.11 (VS2019)

END.
