#
# There is insufficient memory for the Java Runtime Environment to continue.
# Native memory allocation (mmap) failed to map 255852544 bytes for G1 virtual space
# Possible reasons:
#   The system is out of physical RAM or swap space
#   The process is running with CompressedOops enabled, and the Java Heap may be blocking the growth of the native heap
# Possible solutions:
#   Reduce memory load on the system
#   Increase physical memory or swap space
#   Check if swap backing store is full
#   Decrease Java heap size (-Xmx/-Xms)
#   Decrease number of Java threads
#   Decrease Java thread stack sizes (-Xss)
#   Set larger code cache with -XX:ReservedCodeCacheSize=
#   JVM is running with Zero Based Compressed Oops mode in which the Java heap is
#     placed in the first 32GB address space. The Java Heap base address is the
#     maximum limit for the native heap growth. Please use -XX:HeapBaseMinAddress
#     to set the Java Heap base and to place the Java Heap above 32GB virtual address.
# This output file may be truncated or incomplete.
#
#  Out of Memory Error (os_windows.cpp:3769), pid=9000, tid=17212
#
# JRE version:  (17.0.6) (build )
# Java VM: OpenJDK 64-Bit Server VM (17.0.6+0-b2043.56-10027231, mixed mode, sharing, tiered, compressed oops, compressed class ptrs, g1 gc, windows-amd64)
# No core dump will be written. Minidumps are not enabled by default on client versions of Windows
#

---------------  S U M M A R Y ------------

Command Line: git4idea.http.GitAskPassApp Username for 'https://github.com': 

Host: AMD Ryzen 7 6800H with Radeon Graphics         , 16 cores, 15G,  Windows 11 , 64 bit Build 22621 (10.0.22621.2199)
Time: Tue Sep 26 00:52:05 2023 India Standard Time elapsed time: 0.015990 seconds (0d 0h 0m 0s)

---------------  T H R E A D  ---------------

Current thread (0x000001890795d880):  JavaThread "Unknown thread" [_thread_in_vm, id=17212, stack(0x00000061fff00000,0x0000006200000000)]

Stack: [0x00000061fff00000,0x0000006200000000]
Native frames: (J=compiled Java code, j=interpreted, Vv=VM code, C=native code)
V  [jvm.dll+0x683c9a]
V  [jvm.dll+0x8427a4]
V  [jvm.dll+0x843f9e]
V  [jvm.dll+0x844603]
V  [jvm.dll+0x249b75]
V  [jvm.dll+0x680b69]
V  [jvm.dll+0x67505a]
V  [jvm.dll+0x309acb]
V  [jvm.dll+0x310f86]
V  [jvm.dll+0x3608ee]
V  [jvm.dll+0x360b1f]
V  [jvm.dll+0x2dfbf8]
V  [jvm.dll+0x2e0b64]
V  [jvm.dll+0x814091]
V  [jvm.dll+0x36e6a1]
V  [jvm.dll+0x7f35cc]
V  [jvm.dll+0x3f0e8f]
V  [jvm.dll+0x3f29d1]
C  [jli.dll+0x526b]
C  [ucrtbase.dll+0x29363]
C  [KERNEL32.DLL+0x1257d]
C  [ntdll.dll+0x5aa78]


---------------  P R O C E S S  ---------------

Threads class SMR info:
_java_thread_list=0x00007ffd6f03c058, length=0, elements={
}

Java Threads: ( => current thread )

Other Threads:
  0x00000189079c5ef0 GCTaskThread "GC Thread#0" [stack: 0x0000006180000000,0x0000006180100000] [id=28252]
  0x00000189079d6230 ConcurrentGCThread "G1 Main Marker" [stack: 0x0000006180100000,0x0000006180200000] [id=27784]
  0x00000189079d9b60 ConcurrentGCThread "G1 Conc#0" [stack: 0x0000006180200000,0x0000006180300000] [id=17780]

[error occurred during error reporting (printing all threads), id 0xc0000005, EXCEPTION_ACCESS_VIOLATION (0xc0000005) at pc=0x00007ffd6e7f0797]

VM state: not at safepoint (not fully initialized)

VM Mutex/Monitor currently owned by a thread:  ([mutex/lock_event])
[0x0000018907957ce0] Heap_lock - owner thread: 0x000001890795d880

Heap address: 0x000000070c000000, size: 3904 MB, Compressed Oops mode: Zero based, Oop shift amount: 3

CDS archive(s) mapped at: [0x0000000000000000-0x0000000000000000-0x0000000000000000), size 0, SharedBaseAddress: 0x0000000800000000, ArchiveRelocationMode: 0.
Narrow klass base: 0x0000000000000000, Narrow klass shift: 0, Narrow klass range: 0x0

GC Precious Log:
<Empty>

Heap:
 garbage-first heap   total 0K, used 0K [0x000000070c000000, 0x0000000800000000)
  region size 2048K, 0 young (0K), 0 survivors (0K)

[error occurred during error reporting (printing heap information), id 0xc0000005, EXCEPTION_ACCESS_VIOLATION (0xc0000005) at pc=0x00007ffd6ebdda89]

GC Heap History (0 events):
No events

Dll operation events (1 events):
Event: 0.004 Loaded shared library C:\Program Files\Android\Android Studio\jbr\bin\java.dll

Deoptimization events (0 events):
No events

Classes unloaded (0 events):
No events

Classes redefined (0 events):
No events

Internal exceptions (0 events):
No events

VM Operations (0 events):
No events

Events (0 events):
No events


Dynamic libraries:
0x00007ff7cff20000 - 0x00007ff7cff2a000 	C:\Program Files\Android\Android Studio\jbr\bin\java.exe
0x00007ffdfcc50000 - 0x00007ffdfce67000 	C:\WINDOWS\SYSTEM32\ntdll.dll
0x00007ffdfbda0000 - 0x00007ffdfbe64000 	C:\WINDOWS\System32\KERNEL32.DLL
0x00007ffdfa600000 - 0x00007ffdfa9a6000 	C:\WINDOWS\System32\KERNELBASE.dll
0x00007ffdf9fd0000 - 0x00007ffdfa0e1000 	C:\WINDOWS\System32\ucrtbase.dll
0x00007ffde7130000 - 0x00007ffde714b000 	C:\Program Files\Android\Android Studio\jbr\bin\VCRUNTIME140.dll
0x00007ffdc1de0000 - 0x00007ffdc1df7000 	C:\Program Files\Android\Android Studio\jbr\bin\jli.dll
0x00007ffdfbe70000 - 0x00007ffdfc01e000 	C:\WINDOWS\System32\USER32.dll
0x00007ffdfa0f0000 - 0x00007ffdfa116000 	C:\WINDOWS\System32\win32u.dll
0x00007ffdeb490000 - 0x00007ffdeb723000 	C:\WINDOWS\WinSxS\amd64_microsoft.windows.common-controls_6595b64144ccf1df_6.0.22621.2191_none_2715cffb738043a6\COMCTL32.dll
0x00007ffdfc020000 - 0x00007ffdfc049000 	C:\WINDOWS\System32\GDI32.dll
0x00007ffdfb6d0000 - 0x00007ffdfb777000 	C:\WINDOWS\System32\msvcrt.dll
0x00007ffdfa260000 - 0x00007ffdfa378000 	C:\WINDOWS\System32\gdi32full.dll
0x00007ffdfa3f0000 - 0x00007ffdfa48a000 	C:\WINDOWS\System32\msvcp_win.dll
0x00007ffdfb7e0000 - 0x00007ffdfb811000 	C:\WINDOWS\System32\IMM32.DLL
0x00007ffde7020000 - 0x00007ffde702c000 	C:\Program Files\Android\Android Studio\jbr\bin\vcruntime140_1.dll
0x00007ffdc2140000 - 0x00007ffdc21cd000 	C:\Program Files\Android\Android Studio\jbr\bin\msvcp140.dll
0x00007ffd6e500000 - 0x00007ffd6f16e000 	C:\Program Files\Android\Android Studio\jbr\bin\server\jvm.dll
0x00007ffdfac20000 - 0x00007ffdfacd0000 	C:\WINDOWS\System32\ADVAPI32.dll
0x00007ffdfc4a0000 - 0x00007ffdfc546000 	C:\WINDOWS\System32\sechost.dll
0x00007ffdfc050000 - 0x00007ffdfc167000 	C:\WINDOWS\System32\RPCRT4.dll
0x00007ffdf7200000 - 0x00007ffdf7209000 	C:\WINDOWS\SYSTEM32\WSOCK32.dll
0x00007ffdfc710000 - 0x00007ffdfc781000 	C:\WINDOWS\System32\WS2_32.dll
0x00007ffdeffe0000 - 0x00007ffdeffea000 	C:\WINDOWS\SYSTEM32\VERSION.dll
0x00007ffdf18c0000 - 0x00007ffdf18f4000 	C:\WINDOWS\SYSTEM32\WINMM.dll
0x00007ffdf8fe0000 - 0x00007ffdf8ff8000 	C:\WINDOWS\SYSTEM32\kernel.appcore.dll
0x00007ffdf52b0000 - 0x00007ffdf52ba000 	C:\Program Files\Android\Android Studio\jbr\bin\jimage.dll
0x00007ffdef650000 - 0x00007ffdef87e000 	C:\WINDOWS\SYSTEM32\DBGHELP.DLL
0x00007ffdfba10000 - 0x00007ffdfbd9a000 	C:\WINDOWS\System32\combase.dll
0x00007ffdfc3c0000 - 0x00007ffdfc497000 	C:\WINDOWS\System32\OLEAUT32.dll
0x00007ffdf0060000 - 0x00007ffdf0092000 	C:\WINDOWS\SYSTEM32\dbgcore.DLL
0x00007ffdfa1e0000 - 0x00007ffdfa25a000 	C:\WINDOWS\System32\bcryptPrimitives.dll
0x00007ffdc1f10000 - 0x00007ffdc1f35000 	C:\Program Files\Android\Android Studio\jbr\bin\java.dll

dbghelp: loaded successfully - version: 4.0.5 - missing functions: none
symbol engine: initialized successfully - sym options: 0x614 - pdb path: .;C:\Program Files\Android\Android Studio\jbr\bin;C:\WINDOWS\SYSTEM32;C:\WINDOWS\WinSxS\amd64_microsoft.windows.common-controls_6595b64144ccf1df_6.0.22621.2191_none_2715cffb738043a6;C:\Program Files\Android\Android Studio\jbr\bin\server

VM Arguments:
java_command: git4idea.http.GitAskPassApp Username for 'https://github.com': 
java_class_path (initial): C:/Program Files/Android/Android Studio/plugins/vcs-git/lib/git4idea-rt.jar;C:/Program Files/Android/Android Studio/lib/externalProcess-rt.jar;C:/Program Files/Android/Android Studio/lib/app.jar;C:/Program Files/Android/Android Studio/lib/3rd-party-rt.jar
Launcher Type: SUN_STANDARD

[Global flags]
     intx CICompilerCount                          = 12                                        {product} {ergonomic}
     uint ConcGCThreads                            = 3                                         {product} {ergonomic}
     uint G1ConcRefinementThreads                  = 13                                        {product} {ergonomic}
   size_t G1HeapRegionSize                         = 2097152                                   {product} {ergonomic}
    uintx GCDrainStackTargetSize                   = 64                                        {product} {ergonomic}
   size_t InitialHeapSize                          = 255852544                                 {product} {ergonomic}
   size_t MarkStackSize                            = 4194304                                   {product} {ergonomic}
   size_t MaxHeapSize                              = 4093640704                                {product} {ergonomic}
   size_t MinHeapDeltaBytes                        = 2097152                                   {product} {ergonomic}
   size_t MinHeapSize                              = 8388608                                   {product} {ergonomic}
    uintx NonNMethodCodeHeapSize                   = 7602480                                {pd product} {ergonomic}
    uintx NonProfiledCodeHeapSize                  = 122027880                              {pd product} {ergonomic}
    uintx ProfiledCodeHeapSize                     = 122027880                              {pd product} {ergonomic}
    uintx ReservedCodeCacheSize                    = 251658240                              {pd product} {ergonomic}
     bool SegmentedCodeCache                       = true                                      {product} {ergonomic}
   size_t SoftMaxHeapSize                          = 4093640704                             {manageable} {ergonomic}
     bool UseCompressedClassPointers               = true                           {product lp64_product} {ergonomic}
     bool UseCompressedOops                        = true                           {product lp64_product} {ergonomic}
     bool UseG1GC                                  = true                                      {product} {ergonomic}
     bool UseLargePagesIndividualAllocation        = false                                  {pd product} {ergonomic}

Logging:
Log output configuration:
 #0: stdout all=warning uptime,level,tags
 #1: stderr all=off uptime,level,tags

Environment Variables:
PATH=C:\Program Files\Git\mingw64\libexec\git-core;C:\Program Files\Git\mingw64\libexec\git-core;C:\Program Files\Git\mingw64\bin;C:\Program Files\Git\usr\bin;C:\Users\sidd2\bin;C:\Users\sidd2\AppData\Local\Programs\Python\Python311\Scripts;C:\Program Files\Common Files\Oracle\Java\javapath;C:\Program Files (x86)\Common Files\Oracle\Java\javapath;C:\Program Files (x86)\Common Files\Intel\Shared Libraries\redist\intel64\compiler;C:\ProgramData\Oracle\Java\javapath;C:\Windows\system32;C:\Windows;C:\Windows\System32\Wbem;C:\Windows\System32\WindowsPowerShell\v1.0;C:\Windows\System32\OpenSSH;C:\Program Files (x86)\NVIDIA Corporation\PhysX\Common;C:\Program Files\NVIDIA Corporation\NVIDIA NvDLISR;C:\WINDOWS\system32;C:\WINDOWS;C:\WINDOWS\System32\Wbem;C:\WINDOWS\System32\WindowsPowerShell\v1.0;C:\WINDOWS\System32\OpenSSH;C:\Program Files\dotnet;C:\MinGW\bin;C:\Users\sidd2\AppData\Local\Programs\Python\Python311;C:\Program Files\Cloudflare\Cloudflare WARP;D:\Softwares;C:\ProgramData\chocolatey\bin;C:\Program Files\Git\cmd;C:\Program Files\Git\mingw64\bin;C:\Program Files\Git\usr\bin;C:\Users\sidd2\anaconda3;C:\Users\sidd2\anaconda3\Library\mingw-w64\bin;C:\Users\sidd2\anaconda3\Library\usr\bin;C:\Users\sidd2\anaconda3\Library\bin;C:\Users\sidd2\anaconda3\Scripts;C:\Users\sidd2\AppData\Local\Microsoft\WindowsApps;C:\Users\sidd2\AppData\Local\Programs\Microsoft VS Code\bin;C:\MinGW\bin;D:\Softwares\PyCharm Community Edition 2023.1\bin;C:\Program Files\JetBrains\IntelliJ IDEA Community Edition 2023.1.2\bin;C:\Users\sidd2\AppData\Local\GitHubDesktop\bin;C:\Users\sidd2\AppData\Roaming\npm
USERNAME=sidd2
DISPLAY=:0.0
LC_ALL=en_US.UTF-8
TERM=xterm-256color
TMPDIR=C:\Users\sidd2\AppData\Local\Temp
OS=Windows_NT
PROCESSOR_IDENTIFIER=AMD64 Family 25 Model 68 Stepping 1, AuthenticAMD
TMP=C:\Users\sidd2\AppData\Local\Temp
TEMP=C:\Users\sidd2\AppData\Local\Temp


JNI global refs:

[error occurred during error reporting (JNI global references), id 0xc0000005, EXCEPTION_ACCESS_VIOLATION (0xc0000005) at pc=0x00007ffd6e5b7a10]


---------------  S Y S T E M  ---------------

OS:
 Windows 11 , 64 bit Build 22621 (10.0.22621.2199)
OS uptime: 0 days 10:24 hours
Hyper-V role detected

CPU: total 16 (initial active 16) (16 cores per cpu, 2 threads per core) family 25 model 68 stepping 1 microcode 0x0, cx8, cmov, fxsr, ht, mmx, 3dnowpref, sse, sse2, sse3, ssse3, sse4a, sse4.1, sse4.2, popcnt, lzcnt, tsc, tscinvbit, avx, avx2, aes, clmul, bmi1, bmi2, adx, sha, fma, vzeroupper, clflush, clflushopt, hv

Memory: 4k page, system-wide physical 15613M (4367M free)
TotalPageFile size 17661M (AvailPageFile size 186M)
current process WorkingSet (physical memory assigned to process): 11M, peak: 11M
current process commit charge ("private bytes"): 70M, peak: 314M

vm_info: OpenJDK 64-Bit Server VM (17.0.6+0-b2043.56-10027231) for windows-amd64 JRE (17.0.6+0-b2043.56-10027231), built on Apr 28 2023 00:43:19 by "androidbuild" with MS VC++ 16.10 / 16.11 (VS2019)

END.
