#
# There is insufficient memory for the Java Runtime Environment to continue.
# Native memory allocation (mmap) failed to map 23068672 bytes for G1 virtual space
# Possible reasons:
#   The system is out of physical RAM or swap space
#   The process is running with CompressedOops enabled, and the Java Heap may be blocking the growth of the native heap
# Possible solutions:
#   Reduce memory load on the system
#   Increase physical memory or swap space
#   Check if swap backing store is full
#   Decrease Java heap size (-Xmx/-Xms)
#   Decrease number of Java threads
#   Decrease Java thread stack sizes (-Xss)
#   Set larger code cache with -XX:ReservedCodeCacheSize=
#   JVM is running with Unscaled Compressed Oops mode in which the Java heap is
#     placed in the first 4GB address space. The Java Heap base address is the
#     maximum limit for the native heap growth. Please use -XX:HeapBaseMinAddress
#     to set the Java Heap base and to place the Java Heap above 4GB virtual address.
# This output file may be truncated or incomplete.
#
#  Out of Memory Error (os_windows.cpp:3769), pid=28232, tid=11424
#
# JRE version: OpenJDK Runtime Environment (17.0.6) (build 17.0.6+0-b2043.56-10027231)
# Java VM: OpenJDK 64-Bit Server VM (17.0.6+0-b2043.56-10027231, mixed mode, tiered, compressed oops, compressed class ptrs, g1 gc, windows-amd64)
# No core dump will be written. Minidumps are not enabled by default on client versions of Windows
#

---------------  S U M M A R Y ------------

Command Line: --add-opens=java.base/java.util=ALL-UNNAMED --add-opens=java.base/java.lang=ALL-UNNAMED --add-opens=java.base/java.lang.invoke=ALL-UNNAMED --add-opens=java.prefs/java.util.prefs=ALL-UNNAMED --add-opens=java.base/java.nio.charset=ALL-UNNAMED --add-opens=java.base/java.net=ALL-UNNAMED --add-opens=java.base/java.util.concurrent.atomic=ALL-UNNAMED -Xmx2048m -Dfile.encoding=UTF-8 -Duser.country=US -Duser.language=en -Duser.variant org.gradle.launcher.daemon.bootstrap.GradleDaemon 8.0

Host: AMD Ryzen 7 6800H with Radeon Graphics         , 16 cores, 15G,  Windows 11 , 64 bit Build 22621 (10.0.22621.2199)
Time: Fri Sep 29 19:49:17 2023 India Standard Time elapsed time: 4.820702 seconds (0d 0h 0m 4s)

---------------  T H R E A D  ---------------

Current thread (0x0000014057faec50):  VMThread "VM Thread" [stack: 0x0000001ad4300000,0x0000001ad4400000] [id=11424]

Stack: [0x0000001ad4300000,0x0000001ad4400000]
Native frames: (J=compiled Java code, j=interpreted, Vv=VM code, C=native code)
V  [jvm.dll+0x683c9a]
V  [jvm.dll+0x8427a4]
V  [jvm.dll+0x843f9e]
V  [jvm.dll+0x844603]
V  [jvm.dll+0x249b75]
V  [jvm.dll+0x680b69]
V  [jvm.dll+0x67505a]
V  [jvm.dll+0x309acb]
V  [jvm.dll+0x310f86]
V  [jvm.dll+0x3608ee]
V  [jvm.dll+0x360b1f]
V  [jvm.dll+0x2dfbf8]
V  [jvm.dll+0x2ddec4]
V  [jvm.dll+0x2dd4cc]
V  [jvm.dll+0x321f3b]
V  [jvm.dll+0x848ccb]
V  [jvm.dll+0x849a04]
V  [jvm.dll+0x849f1d]
V  [jvm.dll+0x84a2f4]
V  [jvm.dll+0x84a3c0]
V  [jvm.dll+0x7f274a]
V  [jvm.dll+0x682ad5]
C  [ucrtbase.dll+0x29363]
C  [KERNEL32.DLL+0x1257d]
C  [ntdll.dll+0x5aa78]

VM_Operation (0x0000001ad61f5010): G1CollectForAllocation, mode: safepoint, requested by thread 0x000001405cea0450


---------------  P R O C E S S  ---------------

Threads class SMR info:
_java_thread_list=0x00000140600520a0, length=186, elements={
0x000001403bc1cde0, 0x000001405907e150, 0x000001405907f3d0, 0x0000014059071420,
0x00000140590a6480, 0x00000140590a7e50, 0x00000140590aa810, 0x00000140590ab4f0,
0x00000140590abf90, 0x00000140590ac980, 0x0000014059221d70, 0x000001405924a420,
0x0000014059261010, 0x0000014059378370, 0x000001405984d3c0, 0x0000014059ab68c0,
0x00000140599a30e0, 0x000001405c518020, 0x000001405b84fbc0, 0x000001405c59d840,
0x000001405cf7a070, 0x000001405cec67e0, 0x000001405ab49fc0, 0x000001405cea0450,
0x000001405b84d8c0, 0x000001405b84d3f0, 0x000001405b84dd90, 0x000001405b84e260,
0x000001405b84e730, 0x000001405b84ec00, 0x000001405bbc18b0, 0x000001405bbbe3c0,
0x000001405bbbed60, 0x000001405bbbf700, 0x000001405bbbf230, 0x000001405bbba530,
0x000001405bbbaed0, 0x000001405bbc0570, 0x000001405bbbb3a0, 0x000001405bbc0f10,
0x000001405cbb5c40, 0x000001405bbbfbd0, 0x000001405bbba060, 0x000001405bbbb870,
0x000001405bbbbd40, 0x000001405bbc00a0, 0x000001405bbbd080, 0x000001405bbbc210,
0x000001405bbbda20, 0x000001405bbbc6e0, 0x000001405bbbcbb0, 0x000001405bbbdef0,
0x000001405f7db3b0, 0x000001405f7daee0, 0x000001405f7de8a0, 0x000001405f7de3d0,
0x000001405f7df710, 0x000001405f7e00b0, 0x000001405f7dda30, 0x000001405f7e18c0,
0x000001405f7ddf00, 0x000001405f7dc220, 0x000001405f7df240, 0x000001405f7e0580,
0x000001405f7ded70, 0x000001405f7dfbe0, 0x000001405f7e0a50, 0x000001405f7daa10,
0x000001405f7e0f20, 0x000001405f7da540, 0x000001405f7e13f0, 0x000001405f7da070,
0x000001405f7db880, 0x000001405f7dbd50, 0x000001405f7dcbc0, 0x000001405f7dc6f0,
0x000001405f7dd090, 0x000001405f7dd560, 0x000001405fa033e0, 0x000001405f9fced0,
0x000001405fa01230, 0x000001405f9fdd40, 0x000001405fa038b0, 0x000001405fa00d60,
0x000001405fa020a0, 0x000001405f9fd870, 0x000001405f9fc060, 0x000001405f9ffef0,
0x000001405f9ff550, 0x000001405f9fe210, 0x000001405f9fc530, 0x000001405f9fca00,
0x000001405fa02570, 0x000001405fa02a40, 0x000001405f9fe6e0, 0x000001405f9fd3a0,
0x000001405f9ffa20, 0x000001405fa02f10, 0x000001405f9febb0, 0x000001405fa003c0,
0x000001405fa01700, 0x000001405fa00890, 0x000001405fa01bd0, 0x000001405f9ff080,
0x000001405fb18230, 0x000001405fb13060, 0x000001405fb15bb0, 0x000001405fb18700,
0x000001405fb1a3e0, 0x000001405fb19a40, 0x000001405fb13ed0, 0x000001405fb17890,
0x000001405fb13a00, 0x000001405fb190a0, 0x000001405fb16a20, 0x000001405fb13530,
0x000001405fb18bd0, 0x000001405fb143a0, 0x000001405fb19570, 0x000001405fb1a8b0,
0x000001405fb16ef0, 0x000001405fb14870, 0x000001405fb19f10, 0x000001405fb14d40,
0x000001405fb15210, 0x000001405fb156e0, 0x000001405fb173c0, 0x000001405fb16080,
0x000001405fb17d60, 0x000001405fb16550, 0x000001405e93b740, 0x000001405e938250,
0x000001405e934890, 0x000001405e939590, 0x000001405e935bd0, 0x000001405e93bc10,
0x000001405e939a60, 0x000001405e935230, 0x000001405e93a8d0, 0x000001405e935700,
0x000001405e9360a0, 0x000001405e936570, 0x000001405e936a40, 0x000001405e936f10,
0x000001405e9373e0, 0x000001405e93ada0, 0x000001405e9378b0, 0x000001405e938720,
0x000001405e93b270, 0x000001405e93c0e0, 0x000001405e934d60, 0x000001405e938bf0,
0x000001405e937d80, 0x000001405e939f30, 0x000001405e9390c0, 0x000001405e93a400,
0x000001405fb0e230, 0x000001405fb09060, 0x000001405fb0e700, 0x000001405fb0a870,
0x000001405fb0ebd0, 0x000001405fb0ff10, 0x000001405fb0cef0, 0x000001405fb08b90,
0x000001405fb0dd60, 0x000001405fb0d3c0, 0x000001405fb0f0a0, 0x000001405fb0d890,
0x000001405fb09530, 0x000001405fb0b6e0, 0x000001405fb09a00, 0x000001405fb0ca20,
0x000001405fb09ed0, 0x000001405fb0a3a0, 0x000001405fb0f570, 0x000001405fb0ad40,
0x000001405fb0fa40, 0x000001405fb086c0, 0x000001405fb0b210, 0x000001405fb0bbb0,
0x000001405fb0c080, 0x000001405fb0c550, 0x000001405efd46e0, 0x000001405efd1b90,
0x000001405efd2530, 0x000001405efcd830
}

Java Threads: ( => current thread )
  0x000001403bc1cde0 JavaThread "main" [_thread_blocked, id=15376, stack(0x0000001ad3d00000,0x0000001ad3e00000)]
  0x000001405907e150 JavaThread "Reference Handler" daemon [_thread_blocked, id=5396, stack(0x0000001ad4400000,0x0000001ad4500000)]
  0x000001405907f3d0 JavaThread "Finalizer" daemon [_thread_blocked, id=24568, stack(0x0000001ad4500000,0x0000001ad4600000)]
  0x0000014059071420 JavaThread "Signal Dispatcher" daemon [_thread_blocked, id=3240, stack(0x0000001ad4600000,0x0000001ad4700000)]
  0x00000140590a6480 JavaThread "Attach Listener" daemon [_thread_blocked, id=27752, stack(0x0000001ad4700000,0x0000001ad4800000)]
  0x00000140590a7e50 JavaThread "Service Thread" daemon [_thread_blocked, id=20944, stack(0x0000001ad4800000,0x0000001ad4900000)]
  0x00000140590aa810 JavaThread "Monitor Deflation Thread" daemon [_thread_blocked, id=23988, stack(0x0000001ad4900000,0x0000001ad4a00000)]
  0x00000140590ab4f0 JavaThread "C2 CompilerThread0" daemon [_thread_in_native, id=17960, stack(0x0000001ad4a00000,0x0000001ad4b00000)]
  0x00000140590abf90 JavaThread "C1 CompilerThread0" daemon [_thread_blocked, id=28256, stack(0x0000001ad4b00000,0x0000001ad4c00000)]
  0x00000140590ac980 JavaThread "Sweeper thread" daemon [_thread_blocked, id=18816, stack(0x0000001ad4c00000,0x0000001ad4d00000)]
  0x0000014059221d70 JavaThread "C1 CompilerThread1" daemon [_thread_blocked, id=5836, stack(0x0000001ad4d00000,0x0000001ad4e00000)]
  0x000001405924a420 JavaThread "Common-Cleaner" daemon [_thread_blocked, id=11692, stack(0x0000001ad4e00000,0x0000001ad4f00000)]
  0x0000014059261010 JavaThread "Notification Thread" daemon [_thread_blocked, id=6652, stack(0x0000001ad4f00000,0x0000001ad5000000)]
  0x0000014059378370 JavaThread "C2 CompilerThread1" daemon [_thread_in_native, id=28020, stack(0x0000001ad5100000,0x0000001ad5200000)]
  0x000001405984d3c0 JavaThread "C2 CompilerThread2" daemon [_thread_in_native, id=11920, stack(0x0000001ad5200000,0x0000001ad5300000)]
  0x0000014059ab68c0 JavaThread "C1 CompilerThread2" daemon [_thread_blocked, id=12788, stack(0x0000001ad5500000,0x0000001ad5600000)]
  0x00000140599a30e0 JavaThread "C1 CompilerThread3" daemon [_thread_blocked, id=10960, stack(0x0000001ad5600000,0x0000001ad5700000)]
  0x000001405c518020 JavaThread "Daemon health stats" [_thread_blocked, id=14000, stack(0x0000001ad5b00000,0x0000001ad5c00000)]
  0x000001405b84fbc0 JavaThread "Incoming local TCP Connector on port 64453" [_thread_in_native, id=25756, stack(0x0000001ad5c00000,0x0000001ad5d00000)]
  0x000001405c59d840 JavaThread "Daemon periodic checks" [_thread_blocked, id=12080, stack(0x0000001ad5d00000,0x0000001ad5e00000)]
  0x000001405cf7a070 JavaThread "Daemon" [_thread_blocked, id=12892, stack(0x0000001ad5e00000,0x0000001ad5f00000)]
  0x000001405cec67e0 JavaThread "Handler for socket connection from /127.0.0.1:64453 to /127.0.0.1:64454" [_thread_in_native, id=1716, stack(0x0000001ad5f00000,0x0000001ad6000000)]
  0x000001405ab49fc0 JavaThread "Cancel handler" [_thread_blocked, id=19004, stack(0x0000001ad6000000,0x0000001ad6100000)]
  0x000001405cea0450 JavaThread "Daemon worker" [_thread_blocked, id=2660, stack(0x0000001ad6100000,0x0000001ad6200000)]
  0x000001405b84d8c0 JavaThread "Asynchronous log dispatcher for DefaultDaemonConnection: socket connection from /127.0.0.1:64453 to /127.0.0.1:64454" [_thread_blocked, id=9676, stack(0x0000001ad6200000,0x0000001ad6300000)]
  0x000001405b84d3f0 JavaThread "Stdin handler" [_thread_blocked, id=4876, stack(0x0000001ad6300000,0x0000001ad6400000)]
  0x000001405b84dd90 JavaThread "Daemon client event forwarder" [_thread_blocked, id=23904, stack(0x0000001ad6400000,0x0000001ad6500000)]
  0x000001405b84e260 JavaThread "Cache worker for journal cache (C:\Users\sidd2\.gradle\caches\journal-1)" [_thread_blocked, id=10600, stack(0x0000001ad6e00000,0x0000001ad6f00000)]
  0x000001405b84e730 JavaThread "File lock request listener" [_thread_in_native, id=1576, stack(0x0000001ad6f00000,0x0000001ad7000000)]
  0x000001405b84ec00 JavaThread "Cache worker for file hash cache (C:\Users\sidd2\.gradle\caches\8.0\fileHashes)" [_thread_blocked, id=27012, stack(0x0000001ad7000000,0x0000001ad7100000)]
  0x000001405bbc18b0 JavaThread "File watcher server" daemon [_thread_in_native, id=16352, stack(0x0000001ad7100000,0x0000001ad7200000)]
  0x000001405bbbe3c0 JavaThread "File watcher consumer" daemon [_thread_blocked, id=28084, stack(0x0000001ad7200000,0x0000001ad7300000)]
  0x000001405bbbed60 JavaThread "Cache worker for checksums cache (D:\CU\git\kerela_test_1\.gradle\8.0\checksums)" [_thread_blocked, id=6212, stack(0x0000001ad7300000,0x0000001ad7400000)]
  0x000001405bbbf700 JavaThread "Cache worker for cache directory md-rule (C:\Users\sidd2\.gradle\caches\8.0\md-rule)" [_thread_blocked, id=17168, stack(0x0000001ad7400000,0x0000001ad7500000)]
  0x000001405bbbf230 JavaThread "Cache worker for file content cache (C:\Users\sidd2\.gradle\caches\8.0\fileContent)" [_thread_blocked, id=20400, stack(0x0000001ad7500000,0x0000001ad7600000)]
  0x000001405bbba530 JavaThread "Cache worker for file hash cache (D:\CU\git\kerela_test_1\.gradle\8.0\fileHashes)" [_thread_blocked, id=24596, stack(0x0000001ad7600000,0x0000001ad7700000)]
  0x000001405bbbaed0 JavaThread "Cache worker for cache directory md-supplier (C:\Users\sidd2\.gradle\caches\8.0\md-supplier)" [_thread_blocked, id=11348, stack(0x0000001ad7700000,0x0000001ad7800000)]
  0x000001405bbc0570 JavaThread "Cache worker for execution history cache (C:\Users\sidd2\.gradle\caches\8.0\executionHistory)" [_thread_blocked, id=28040, stack(0x0000001ad7800000,0x0000001ad7900000)]
  0x000001405bbbb3a0 JavaThread "jar transforms" [_thread_blocked, id=23760, stack(0x0000001ad5300000,0x0000001ad5400000)]
  0x000001405bbc0f10 JavaThread "jar transforms Thread 2" [_thread_blocked, id=4664, stack(0x0000001ad7900000,0x0000001ad7a00000)]
  0x000001405cbb5c40 JavaThread "C2 CompilerThread3" daemon [_thread_blocked, id=27336, stack(0x0000001ad7a00000,0x0000001ad7b00000)]
  0x000001405bbbfbd0 JavaThread "jar transforms Thread 3" [_thread_blocked, id=7636, stack(0x0000001ad7b00000,0x0000001ad7c00000)]
  0x000001405bbba060 JavaThread "jar transforms Thread 4" [_thread_blocked, id=19304, stack(0x0000001ad7c00000,0x0000001ad7d00000)]
  0x000001405bbbb870 JavaThread "Cache worker for dependencies-accessors (D:\CU\git\kerela_test_1\.gradle\8.0\dependencies-accessors)" [_thread_blocked, id=27212, stack(0x0000001ad7d00000,0x0000001ad7e00000)]
  0x000001405bbbbd40 JavaThread "jar transforms Thread 5" [_thread_blocked, id=22396, stack(0x0000001ad7e00000,0x0000001ad7f00000)]
  0x000001405bbc00a0 JavaThread "Cache worker for Build Output Cleanup Cache (D:\CU\git\kerela_test_1\.gradle\buildOutputCleanup)" [_thread_blocked, id=18332, stack(0x0000001ad7f00000,0x0000001ad8000000)]
  0x000001405bbbd080 JavaThread "Unconstrained build operations" [_thread_blocked, id=13092, stack(0x0000001ad8000000,0x0000001ad8100000)]
  0x000001405bbbc210 JavaThread "Unconstrained build operations Thread 2" [_thread_blocked, id=4012, stack(0x0000001ad8100000,0x0000001ad8200000)]
  0x000001405bbbda20 JavaThread "Unconstrained build operations Thread 3" [_thread_blocked, id=26736, stack(0x0000001ad8200000,0x0000001ad8300000)]
  0x000001405bbbc6e0 JavaThread "Unconstrained build operations Thread 4" [_thread_blocked, id=9924, stack(0x0000001ad8300000,0x0000001ad8400000)]
  0x000001405bbbcbb0 JavaThread "Unconstrained build operations Thread 5" [_thread_blocked, id=12664, stack(0x0000001ad8400000,0x0000001ad8500000)]
  0x000001405bbbdef0 JavaThread "Unconstrained build operations Thread 6" [_thread_blocked, id=22076, stack(0x0000001ad8500000,0x0000001ad8600000)]
  0x000001405f7db3b0 JavaThread "Unconstrained build operations Thread 7" [_thread_blocked, id=24176, stack(0x0000001ad8600000,0x0000001ad8700000)]
  0x000001405f7daee0 JavaThread "Unconstrained build operations Thread 8" [_thread_blocked, id=12588, stack(0x0000001ad8700000,0x0000001ad8800000)]
  0x000001405f7de8a0 JavaThread "Unconstrained build operations Thread 9" [_thread_blocked, id=860, stack(0x0000001ad8800000,0x0000001ad8900000)]
  0x000001405f7de3d0 JavaThread "Unconstrained build operations Thread 10" [_thread_blocked, id=16416, stack(0x0000001ad8900000,0x0000001ad8a00000)]
  0x000001405f7df710 JavaThread "Unconstrained build operations Thread 11" [_thread_blocked, id=17572, stack(0x0000001ad8a00000,0x0000001ad8b00000)]
  0x000001405f7e00b0 JavaThread "Unconstrained build operations Thread 12" [_thread_blocked, id=2456, stack(0x0000001ad8b00000,0x0000001ad8c00000)]
  0x000001405f7dda30 JavaThread "Unconstrained build operations Thread 13" [_thread_blocked, id=24816, stack(0x0000001ad8c00000,0x0000001ad8d00000)]
  0x000001405f7e18c0 JavaThread "Unconstrained build operations Thread 14" [_thread_blocked, id=9040, stack(0x0000001ad8d00000,0x0000001ad8e00000)]
  0x000001405f7ddf00 JavaThread "Unconstrained build operations Thread 15" [_thread_blocked, id=23708, stack(0x0000001ad8e00000,0x0000001ad8f00000)]
  0x000001405f7dc220 JavaThread "Unconstrained build operations Thread 16" [_thread_blocked, id=2764, stack(0x0000001ad8f00000,0x0000001ad9000000)]
  0x000001405f7df240 JavaThread "Unconstrained build operations Thread 17" [_thread_blocked, id=28196, stack(0x0000001ad9000000,0x0000001ad9100000)]
  0x000001405f7e0580 JavaThread "Unconstrained build operations Thread 18" [_thread_blocked, id=27552, stack(0x0000001ad9100000,0x0000001ad9200000)]
  0x000001405f7ded70 JavaThread "Unconstrained build operations Thread 19" [_thread_blocked, id=27140, stack(0x0000001ad9200000,0x0000001ad9300000)]
  0x000001405f7dfbe0 JavaThread "Unconstrained build operations Thread 20" [_thread_blocked, id=27724, stack(0x0000001ad9300000,0x0000001ad9400000)]
  0x000001405f7e0a50 JavaThread "Unconstrained build operations Thread 21" [_thread_blocked, id=14752, stack(0x0000001ad9400000,0x0000001ad9500000)]
  0x000001405f7daa10 JavaThread "Unconstrained build operations Thread 22" [_thread_blocked, id=26196, stack(0x0000001ad9500000,0x0000001ad9600000)]
  0x000001405f7e0f20 JavaThread "Unconstrained build operations Thread 23" [_thread_blocked, id=14080, stack(0x0000001ad9600000,0x0000001ad9700000)]
  0x000001405f7da540 JavaThread "Unconstrained build operations Thread 24" [_thread_blocked, id=27324, stack(0x0000001ad9700000,0x0000001ad9800000)]
  0x000001405f7e13f0 JavaThread "Unconstrained build operations Thread 25" [_thread_blocked, id=1724, stack(0x0000001ad9800000,0x0000001ad9900000)]
  0x000001405f7da070 JavaThread "Unconstrained build operations Thread 26" [_thread_blocked, id=10152, stack(0x0000001ad9900000,0x0000001ad9a00000)]
  0x000001405f7db880 JavaThread "Unconstrained build operations Thread 27" [_thread_blocked, id=24660, stack(0x0000001ad9a00000,0x0000001ad9b00000)]
  0x000001405f7dbd50 JavaThread "Unconstrained build operations Thread 28" [_thread_blocked, id=15176, stack(0x0000001ad9b00000,0x0000001ad9c00000)]
  0x000001405f7dcbc0 JavaThread "Unconstrained build operations Thread 29" [_thread_blocked, id=7068, stack(0x0000001ad9c00000,0x0000001ad9d00000)]
  0x000001405f7dc6f0 JavaThread "Unconstrained build operations Thread 30" [_thread_blocked, id=25628, stack(0x0000001ad9d00000,0x0000001ad9e00000)]
  0x000001405f7dd090 JavaThread "Unconstrained build operations Thread 31" [_thread_blocked, id=19396, stack(0x0000001ad9e00000,0x0000001ad9f00000)]
  0x000001405f7dd560 JavaThread "Unconstrained build operations Thread 32" [_thread_blocked, id=13468, stack(0x0000001ad9f00000,0x0000001ada000000)]
  0x000001405fa033e0 JavaThread "Unconstrained build operations Thread 33" [_thread_blocked, id=18420, stack(0x0000001ada000000,0x0000001ada100000)]
  0x000001405f9fced0 JavaThread "Unconstrained build operations Thread 34" [_thread_blocked, id=26784, stack(0x0000001ada100000,0x0000001ada200000)]
  0x000001405fa01230 JavaThread "Unconstrained build operations Thread 35" [_thread_blocked, id=12852, stack(0x0000001ada200000,0x0000001ada300000)]
  0x000001405f9fdd40 JavaThread "Unconstrained build operations Thread 36" [_thread_blocked, id=3836, stack(0x0000001ada300000,0x0000001ada400000)]
  0x000001405fa038b0 JavaThread "Unconstrained build operations Thread 37" [_thread_blocked, id=20540, stack(0x0000001ada400000,0x0000001ada500000)]
  0x000001405fa00d60 JavaThread "Unconstrained build operations Thread 38" [_thread_blocked, id=20268, stack(0x0000001ada500000,0x0000001ada600000)]
  0x000001405fa020a0 JavaThread "Unconstrained build operations Thread 39" [_thread_blocked, id=16376, stack(0x0000001ada600000,0x0000001ada700000)]
  0x000001405f9fd870 JavaThread "Unconstrained build operations Thread 40" [_thread_blocked, id=8576, stack(0x0000001ada700000,0x0000001ada800000)]
  0x000001405f9fc060 JavaThread "Unconstrained build operations Thread 41" [_thread_blocked, id=13388, stack(0x0000001ada800000,0x0000001ada900000)]
  0x000001405f9ffef0 JavaThread "Unconstrained build operations Thread 42" [_thread_blocked, id=7024, stack(0x0000001ada900000,0x0000001adaa00000)]
  0x000001405f9ff550 JavaThread "Unconstrained build operations Thread 43" [_thread_blocked, id=10912, stack(0x0000001adaa00000,0x0000001adab00000)]
  0x000001405f9fe210 JavaThread "Unconstrained build operations Thread 44" [_thread_blocked, id=18552, stack(0x0000001adab00000,0x0000001adac00000)]
  0x000001405f9fc530 JavaThread "Unconstrained build operations Thread 45" [_thread_blocked, id=9740, stack(0x0000001adac00000,0x0000001adad00000)]
  0x000001405f9fca00 JavaThread "Unconstrained build operations Thread 46" [_thread_blocked, id=16656, stack(0x0000001adad00000,0x0000001adae00000)]
  0x000001405fa02570 JavaThread "Unconstrained build operations Thread 47" [_thread_blocked, id=9584, stack(0x0000001adae00000,0x0000001adaf00000)]
  0x000001405fa02a40 JavaThread "Unconstrained build operations Thread 48" [_thread_blocked, id=16972, stack(0x0000001adaf00000,0x0000001adb000000)]
  0x000001405f9fe6e0 JavaThread "Unconstrained build operations Thread 49" [_thread_blocked, id=25896, stack(0x0000001adb000000,0x0000001adb100000)]
  0x000001405f9fd3a0 JavaThread "Unconstrained build operations Thread 50" [_thread_blocked, id=200, stack(0x0000001adb100000,0x0000001adb200000)]
  0x000001405f9ffa20 JavaThread "Unconstrained build operations Thread 51" [_thread_blocked, id=11092, stack(0x0000001adb200000,0x0000001adb300000)]
  0x000001405fa02f10 JavaThread "Unconstrained build operations Thread 52" [_thread_blocked, id=25768, stack(0x0000001adb300000,0x0000001adb400000)]
  0x000001405f9febb0 JavaThread "Unconstrained build operations Thread 53" [_thread_blocked, id=27992, stack(0x0000001adb400000,0x0000001adb500000)]
  0x000001405fa003c0 JavaThread "Unconstrained build operations Thread 54" [_thread_blocked, id=25544, stack(0x0000001adb500000,0x0000001adb600000)]
  0x000001405fa01700 JavaThread "Unconstrained build operations Thread 55" [_thread_blocked, id=28588, stack(0x0000001adb600000,0x0000001adb700000)]
  0x000001405fa00890 JavaThread "Unconstrained build operations Thread 56" [_thread_blocked, id=2440, stack(0x0000001adb700000,0x0000001adb800000)]
  0x000001405fa01bd0 JavaThread "Unconstrained build operations Thread 57" [_thread_blocked, id=17804, stack(0x0000001adb800000,0x0000001adb900000)]
  0x000001405f9ff080 JavaThread "Unconstrained build operations Thread 58" [_thread_blocked, id=23736, stack(0x0000001adb900000,0x0000001adba00000)]
  0x000001405fb18230 JavaThread "Unconstrained build operations Thread 59" [_thread_blocked, id=13208, stack(0x0000001adba00000,0x0000001adbb00000)]
  0x000001405fb13060 JavaThread "Unconstrained build operations Thread 60" [_thread_blocked, id=23616, stack(0x0000001adbb00000,0x0000001adbc00000)]
  0x000001405fb15bb0 JavaThread "Unconstrained build operations Thread 61" [_thread_blocked, id=7728, stack(0x0000001adbc00000,0x0000001adbd00000)]
  0x000001405fb18700 JavaThread "Unconstrained build operations Thread 62" [_thread_blocked, id=19064, stack(0x0000001adbd00000,0x0000001adbe00000)]
  0x000001405fb1a3e0 JavaThread "Unconstrained build operations Thread 63" [_thread_blocked, id=23328, stack(0x0000001adbe00000,0x0000001adbf00000)]
  0x000001405fb19a40 JavaThread "Unconstrained build operations Thread 64" [_thread_blocked, id=22308, stack(0x0000001adbf00000,0x0000001adc000000)]
  0x000001405fb13ed0 JavaThread "Unconstrained build operations Thread 65" [_thread_blocked, id=8424, stack(0x0000001adc000000,0x0000001adc100000)]
  0x000001405fb17890 JavaThread "Unconstrained build operations Thread 66" [_thread_blocked, id=11832, stack(0x0000001adc100000,0x0000001adc200000)]
  0x000001405fb13a00 JavaThread "Unconstrained build operations Thread 67" [_thread_blocked, id=10800, stack(0x0000001adc200000,0x0000001adc300000)]
  0x000001405fb190a0 JavaThread "Unconstrained build operations Thread 68" [_thread_blocked, id=14256, stack(0x0000001adc300000,0x0000001adc400000)]
  0x000001405fb16a20 JavaThread "Unconstrained build operations Thread 69" [_thread_blocked, id=28412, stack(0x0000001adc400000,0x0000001adc500000)]
  0x000001405fb13530 JavaThread "Unconstrained build operations Thread 70" [_thread_blocked, id=16336, stack(0x0000001adc500000,0x0000001adc600000)]
  0x000001405fb18bd0 JavaThread "Unconstrained build operations Thread 71" [_thread_blocked, id=26048, stack(0x0000001adc600000,0x0000001adc700000)]
  0x000001405fb143a0 JavaThread "Unconstrained build operations Thread 72" [_thread_blocked, id=20596, stack(0x0000001adc700000,0x0000001adc800000)]
  0x000001405fb19570 JavaThread "Unconstrained build operations Thread 73" [_thread_blocked, id=15596, stack(0x0000001adc800000,0x0000001adc900000)]
  0x000001405fb1a8b0 JavaThread "Unconstrained build operations Thread 74" [_thread_blocked, id=15032, stack(0x0000001adc900000,0x0000001adca00000)]
  0x000001405fb16ef0 JavaThread "Unconstrained build operations Thread 75" [_thread_blocked, id=11528, stack(0x0000001adca00000,0x0000001adcb00000)]
  0x000001405fb14870 JavaThread "Unconstrained build operations Thread 76" [_thread_blocked, id=27480, stack(0x0000001adcb00000,0x0000001adcc00000)]
  0x000001405fb19f10 JavaThread "Unconstrained build operations Thread 77" [_thread_blocked, id=27468, stack(0x0000001adcc00000,0x0000001adcd00000)]
  0x000001405fb14d40 JavaThread "Unconstrained build operations Thread 78" [_thread_blocked, id=26644, stack(0x0000001adcd00000,0x0000001adce00000)]
  0x000001405fb15210 JavaThread "Unconstrained build operations Thread 79" [_thread_blocked, id=18568, stack(0x0000001adce00000,0x0000001adcf00000)]
  0x000001405fb156e0 JavaThread "Unconstrained build operations Thread 80" [_thread_blocked, id=21080, stack(0x0000001adcf00000,0x0000001add000000)]
  0x000001405fb173c0 JavaThread "Unconstrained build operations Thread 81" [_thread_blocked, id=6952, stack(0x0000001add000000,0x0000001add100000)]
  0x000001405fb16080 JavaThread "Unconstrained build operations Thread 82" [_thread_blocked, id=19552, stack(0x0000001add100000,0x0000001add200000)]
  0x000001405fb17d60 JavaThread "Unconstrained build operations Thread 83" [_thread_blocked, id=26792, stack(0x0000001add200000,0x0000001add300000)]
  0x000001405fb16550 JavaThread "Unconstrained build operations Thread 84" [_thread_blocked, id=27472, stack(0x0000001add300000,0x0000001add400000)]
  0x000001405e93b740 JavaThread "Unconstrained build operations Thread 85" [_thread_blocked, id=2676, stack(0x0000001add400000,0x0000001add500000)]
  0x000001405e938250 JavaThread "Unconstrained build operations Thread 86" [_thread_blocked, id=27068, stack(0x0000001add500000,0x0000001add600000)]
  0x000001405e934890 JavaThread "Unconstrained build operations Thread 87" [_thread_blocked, id=3384, stack(0x0000001add600000,0x0000001add700000)]
  0x000001405e939590 JavaThread "Unconstrained build operations Thread 88" [_thread_blocked, id=1700, stack(0x0000001add700000,0x0000001add800000)]
  0x000001405e935bd0 JavaThread "Unconstrained build operations Thread 89" [_thread_blocked, id=7676, stack(0x0000001add800000,0x0000001add900000)]
  0x000001405e93bc10 JavaThread "Unconstrained build operations Thread 90" [_thread_blocked, id=7552, stack(0x0000001add900000,0x0000001adda00000)]
  0x000001405e939a60 JavaThread "Unconstrained build operations Thread 91" [_thread_blocked, id=20812, stack(0x0000001adda00000,0x0000001addb00000)]
  0x000001405e935230 JavaThread "Unconstrained build operations Thread 92" [_thread_blocked, id=27732, stack(0x0000001addb00000,0x0000001addc00000)]
  0x000001405e93a8d0 JavaThread "Unconstrained build operations Thread 93" [_thread_blocked, id=13416, stack(0x0000001addc00000,0x0000001addd00000)]
  0x000001405e935700 JavaThread "Unconstrained build operations Thread 94" [_thread_blocked, id=28456, stack(0x0000001addd00000,0x0000001adde00000)]
  0x000001405e9360a0 JavaThread "Unconstrained build operations Thread 95" [_thread_blocked, id=23396, stack(0x0000001adde00000,0x0000001addf00000)]
  0x000001405e936570 JavaThread "Unconstrained build operations Thread 96" [_thread_blocked, id=7760, stack(0x0000001addf00000,0x0000001ade000000)]
  0x000001405e936a40 JavaThread "Unconstrained build operations Thread 97" [_thread_blocked, id=24364, stack(0x0000001ade000000,0x0000001ade100000)]
  0x000001405e936f10 JavaThread "Unconstrained build operations Thread 98" [_thread_blocked, id=3492, stack(0x0000001ade100000,0x0000001ade200000)]
  0x000001405e9373e0 JavaThread "Unconstrained build operations Thread 99" [_thread_blocked, id=12636, stack(0x0000001ade200000,0x0000001ade300000)]
  0x000001405e93ada0 JavaThread "Unconstrained build operations Thread 100" [_thread_blocked, id=24328, stack(0x0000001ade300000,0x0000001ade400000)]
  0x000001405e9378b0 JavaThread "Unconstrained build operations Thread 101" [_thread_blocked, id=20764, stack(0x0000001ade400000,0x0000001ade500000)]
  0x000001405e938720 JavaThread "Unconstrained build operations Thread 102" [_thread_blocked, id=11456, stack(0x0000001ade500000,0x0000001ade600000)]
  0x000001405e93b270 JavaThread "Unconstrained build operations Thread 103" [_thread_blocked, id=3084, stack(0x0000001ade600000,0x0000001ade700000)]
  0x000001405e93c0e0 JavaThread "Unconstrained build operations Thread 104" [_thread_blocked, id=14832, stack(0x0000001ade700000,0x0000001ade800000)]
  0x000001405e934d60 JavaThread "Unconstrained build operations Thread 105" [_thread_blocked, id=11648, stack(0x0000001ade800000,0x0000001ade900000)]
  0x000001405e938bf0 JavaThread "Unconstrained build operations Thread 106" [_thread_blocked, id=24056, stack(0x0000001ade900000,0x0000001adea00000)]
  0x000001405e937d80 JavaThread "Unconstrained build operations Thread 107" [_thread_blocked, id=25036, stack(0x0000001adea00000,0x0000001adeb00000)]
  0x000001405e939f30 JavaThread "Unconstrained build operations Thread 108" [_thread_blocked, id=10668, stack(0x0000001adeb00000,0x0000001adec00000)]
  0x000001405e9390c0 JavaThread "Unconstrained build operations Thread 109" [_thread_blocked, id=22920, stack(0x0000001adec00000,0x0000001aded00000)]
  0x000001405e93a400 JavaThread "Unconstrained build operations Thread 110" [_thread_blocked, id=27664, stack(0x0000001aded00000,0x0000001adee00000)]
  0x000001405fb0e230 JavaThread "Unconstrained build operations Thread 111" [_thread_blocked, id=19976, stack(0x0000001adee00000,0x0000001adef00000)]
  0x000001405fb09060 JavaThread "Unconstrained build operations Thread 112" [_thread_blocked, id=14012, stack(0x0000001adef00000,0x0000001adf000000)]
  0x000001405fb0e700 JavaThread "Unconstrained build operations Thread 113" [_thread_blocked, id=27804, stack(0x0000001adf000000,0x0000001adf100000)]
  0x000001405fb0a870 JavaThread "Unconstrained build operations Thread 114" [_thread_blocked, id=5320, stack(0x0000001adf100000,0x0000001adf200000)]
  0x000001405fb0ebd0 JavaThread "Unconstrained build operations Thread 115" [_thread_blocked, id=28132, stack(0x0000001adf200000,0x0000001adf300000)]
  0x000001405fb0ff10 JavaThread "Unconstrained build operations Thread 116" [_thread_blocked, id=26408, stack(0x0000001adf300000,0x0000001adf400000)]
  0x000001405fb0cef0 JavaThread "Unconstrained build operations Thread 117" [_thread_blocked, id=13260, stack(0x0000001adf400000,0x0000001adf500000)]
  0x000001405fb08b90 JavaThread "Unconstrained build operations Thread 118" [_thread_blocked, id=12124, stack(0x0000001adf500000,0x0000001adf600000)]
  0x000001405fb0dd60 JavaThread "Unconstrained build operations Thread 119" [_thread_blocked, id=13160, stack(0x0000001adf600000,0x0000001adf700000)]
  0x000001405fb0d3c0 JavaThread "Unconstrained build operations Thread 120" [_thread_blocked, id=20476, stack(0x0000001adf700000,0x0000001adf800000)]
  0x000001405fb0f0a0 JavaThread "Unconstrained build operations Thread 121" [_thread_blocked, id=26960, stack(0x0000001adf800000,0x0000001adf900000)]
  0x000001405fb0d890 JavaThread "Unconstrained build operations Thread 122" [_thread_blocked, id=28312, stack(0x0000001adf900000,0x0000001adfa00000)]
  0x000001405fb09530 JavaThread "Unconstrained build operations Thread 123" [_thread_blocked, id=16944, stack(0x0000001adfa00000,0x0000001adfb00000)]
  0x000001405fb0b6e0 JavaThread "Unconstrained build operations Thread 124" [_thread_blocked, id=28384, stack(0x0000001adfb00000,0x0000001adfc00000)]
  0x000001405fb09a00 JavaThread "Unconstrained build operations Thread 125" [_thread_blocked, id=2356, stack(0x0000001adfc00000,0x0000001adfd00000)]
  0x000001405fb0ca20 JavaThread "Unconstrained build operations Thread 126" [_thread_blocked, id=18396, stack(0x0000001adfd00000,0x0000001adfe00000)]
  0x000001405fb09ed0 JavaThread "Unconstrained build operations Thread 127" [_thread_blocked, id=16076, stack(0x0000001adfe00000,0x0000001adff00000)]
  0x000001405fb0a3a0 JavaThread "jar transforms Thread 6" [_thread_blocked, id=27416, stack(0x0000001adff00000,0x0000001ae0000000)]
  0x000001405fb0f570 JavaThread "jar transforms Thread 7" [_thread_blocked, id=15900, stack(0x0000001ae0000000,0x0000001ae0100000)]
  0x000001405fb0ad40 JavaThread "jar transforms Thread 8" [_thread_blocked, id=13476, stack(0x0000001ae0100000,0x0000001ae0200000)]
  0x000001405fb0fa40 JavaThread "jar transforms Thread 9" [_thread_blocked, id=17444, stack(0x0000001ae0200000,0x0000001ae0300000)]
  0x000001405fb086c0 JavaThread "jar transforms Thread 10" [_thread_blocked, id=25640, stack(0x0000001ae0300000,0x0000001ae0400000)]
  0x000001405fb0b210 JavaThread "jar transforms Thread 11" [_thread_blocked, id=22424, stack(0x0000001ae0400000,0x0000001ae0500000)]
  0x000001405fb0bbb0 JavaThread "jar transforms Thread 12" [_thread_blocked, id=13400, stack(0x0000001ae0500000,0x0000001ae0600000)]
  0x000001405fb0c080 JavaThread "jar transforms Thread 13" [_thread_blocked, id=27888, stack(0x0000001ae0600000,0x0000001ae0700000)]
  0x000001405fb0c550 JavaThread "jar transforms Thread 14" [_thread_blocked, id=12052, stack(0x0000001ae0700000,0x0000001ae0800000)]
  0x000001405efd46e0 JavaThread "jar transforms Thread 15" [_thread_blocked, id=24316, stack(0x0000001ae0800000,0x0000001ae0900000)]
  0x000001405efd1b90 JavaThread "jar transforms Thread 16" [_thread_blocked, id=26600, stack(0x0000001ae0900000,0x0000001ae0a00000)]
  0x000001405efd2530 JavaThread "build event listener" [_thread_blocked, id=24104, stack(0x0000001ae0a00000,0x0000001ae0b00000)]
  0x000001405efcd830 JavaThread "Memory manager" [_thread_blocked, id=16900, stack(0x0000001ae0b00000,0x0000001ae0c00000)]

Other Threads:
=>0x0000014057faec50 VMThread "VM Thread" [stack: 0x0000001ad4300000,0x0000001ad4400000] [id=11424]
  0x0000014059263900 WatcherThread [stack: 0x0000001ad5000000,0x0000001ad5100000] [id=27164]
  0x000001403dd95ca0 GCTaskThread "GC Thread#0" [stack: 0x0000001ad3e00000,0x0000001ad3f00000] [id=16096]
  0x0000014059d9ba70 GCTaskThread "GC Thread#1" [stack: 0x0000001ad5700000,0x0000001ad5800000] [id=22620]
  0x0000014059d98d60 GCTaskThread "GC Thread#2" [stack: 0x0000001ad5800000,0x0000001ad5900000] [id=23156]
  0x0000014059d97a90 GCTaskThread "GC Thread#3" [stack: 0x0000001ad5900000,0x0000001ad5a00000] [id=9684]
  0x0000014059d977e0 GCTaskThread "GC Thread#4" [stack: 0x0000001ad5a00000,0x0000001ad5b00000] [id=21152]
  0x0000014059d982a0 GCTaskThread "GC Thread#5" [stack: 0x0000001ad5400000,0x0000001ad5500000] [id=23152]
  0x0000014059d98550 GCTaskThread "GC Thread#6" [stack: 0x0000001ad6500000,0x0000001ad6600000] [id=18356]
  0x0000014059d98800 GCTaskThread "GC Thread#7" [stack: 0x0000001ad6600000,0x0000001ad6700000] [id=27056]
  0x0000014059d97530 GCTaskThread "GC Thread#8" [stack: 0x0000001ad6700000,0x0000001ad6800000] [id=24928]
  0x000001405caa4ed0 GCTaskThread "GC Thread#9" [stack: 0x0000001ad6800000,0x0000001ad6900000] [id=27536]
  0x000001405caa71c0 GCTaskThread "GC Thread#10" [stack: 0x0000001ad6900000,0x0000001ad6a00000] [id=23032]
  0x000001405caa5ef0 GCTaskThread "GC Thread#11" [stack: 0x0000001ad6a00000,0x0000001ad6b00000] [id=21012]
  0x000001405caa5430 GCTaskThread "GC Thread#12" [stack: 0x0000001ad6b00000,0x0000001ad6c00000] [id=7504]
  0x000001403dda7bf0 ConcurrentGCThread "G1 Main Marker" [stack: 0x0000001ad3f00000,0x0000001ad4000000] [id=28288]
  0x000001403dda8600 ConcurrentGCThread "G1 Conc#0" [stack: 0x0000001ad4000000,0x0000001ad4100000] [id=22732]
  0x000001405caa5c40 ConcurrentGCThread "G1 Conc#1" [stack: 0x0000001ad6c00000,0x0000001ad6d00000] [id=26132]
  0x000001405caa6700 ConcurrentGCThread "G1 Conc#2" [stack: 0x0000001ad6d00000,0x0000001ad6e00000] [id=9028]
  0x000001403ddfdd20 ConcurrentGCThread "G1 Refine#0" [stack: 0x0000001ad4100000,0x0000001ad4200000] [id=17728]
  0x000001403ddfe740 ConcurrentGCThread "G1 Service" [stack: 0x0000001ad4200000,0x0000001ad4300000] [id=23924]

Threads with active compile tasks:
C2 CompilerThread0     4835 7374       4       sun.reflect.generics.parser.SignatureParser::parsePackageNameAndSimpleClassTypeSignature (119 bytes)
C2 CompilerThread1     4835 7353 %     4       org.gradle.internal.instantiation.generator.AbstractClassGenerator::inspectType @ 107 (560 bytes)
C2 CompilerThread2     4835 7511       4       groovy.lang.MetaClassImpl::addMetaMethodToIndex (65 bytes)
C2 CompilerThread3     4835 7521       4       java.lang.Class::getMethodsRecursive (99 bytes)

VM state: at safepoint (normal execution)

VM Mutex/Monitor currently owned by a thread:  ([mutex/lock_event])
[0x000001403dd3ab30] Threads_lock - owner thread: 0x0000014057faec50
[0x000001403dd3aa10] Heap_lock - owner thread: 0x000001405cea0450

Heap address: 0x0000000080000000, size: 2048 MB, Compressed Oops mode: 32-bit

CDS archive(s) not mapped
Compressed class space mapped at: 0x0000000100000000-0x0000000140000000, reserved size: 1073741824
Narrow klass base: 0x0000000000000000, Narrow klass shift: 3, Narrow klass range: 0x140000000

GC Precious Log:
 CPUs: 16 total, 16 available
 Memory: 15613M
 Large Page Support: Disabled
 NUMA Support: Disabled
 Compressed Oops: Enabled (32-bit)
 Heap Region Size: 1M
 Heap Min Capacity: 8M
 Heap Initial Capacity: 244M
 Heap Max Capacity: 2G
 Pre-touch: Disabled
 Parallel Workers: 13
 Concurrent Workers: 3
 Concurrent Refinement Workers: 13
 Periodic GC: Disabled

Heap:
 garbage-first heap   total 206848K, used 55773K [0x0000000080000000, 0x0000000100000000)
  region size 1024K, 3 young (3072K), 3 survivors (3072K)
 Metaspace       used 67326K, committed 67840K, reserved 1114112K
  class space    used 8865K, committed 9088K, reserved 1048576K

Heap Regions: E=young(eden), S=young(survivor), O=old, HS=humongous(starts), HC=humongous(continues), CS=collection set, F=free, OA=open archive, CA=closed archive, TAMS=top-at-mark-start (previous, next)
|   0|0x0000000080000000, 0x0000000080100000, 0x0000000080100000|100%|HS|  |TAMS 0x0000000080100000, 0x0000000080100000| Complete 
|   1|0x0000000080100000, 0x0000000080200000, 0x0000000080200000|100%|HC|  |TAMS 0x0000000080200000, 0x0000000080200000| Complete 
|   2|0x0000000080200000, 0x0000000080300000, 0x0000000080300000|100%|HC|  |TAMS 0x0000000080300000, 0x0000000080300000| Complete 
|   3|0x0000000080300000, 0x0000000080400000, 0x0000000080400000|100%|HC|  |TAMS 0x0000000080400000, 0x0000000080400000| Complete 
|   4|0x0000000080400000, 0x0000000080500000, 0x0000000080500000|100%| O|  |TAMS 0x0000000080500000, 0x0000000080500000| Untracked 
|   5|0x0000000080500000, 0x0000000080600000, 0x0000000080600000|100%| O|  |TAMS 0x0000000080600000, 0x0000000080600000| Untracked 
|   6|0x0000000080600000, 0x0000000080700000, 0x0000000080700000|100%| O|  |TAMS 0x0000000080700000, 0x0000000080700000| Untracked 
|   7|0x0000000080700000, 0x0000000080800000, 0x0000000080800000|100%| O|  |TAMS 0x0000000080800000, 0x0000000080800000| Untracked 
|   8|0x0000000080800000, 0x0000000080900000, 0x0000000080900000|100%| O|  |TAMS 0x0000000080900000, 0x0000000080900000| Untracked 
|   9|0x0000000080900000, 0x0000000080a00000, 0x0000000080a00000|100%| O|  |TAMS 0x0000000080a00000, 0x0000000080a00000| Untracked 
|  10|0x0000000080a00000, 0x0000000080b00000, 0x0000000080b00000|100%| O|  |TAMS 0x0000000080b00000, 0x0000000080b00000| Untracked 
|  11|0x0000000080b00000, 0x0000000080c00000, 0x0000000080c00000|100%| O|  |TAMS 0x0000000080c00000, 0x0000000080c00000| Untracked 
|  12|0x0000000080c00000, 0x0000000080d00000, 0x0000000080d00000|100%| O|  |TAMS 0x0000000080d00000, 0x0000000080d00000| Untracked 
|  13|0x0000000080d00000, 0x0000000080e00000, 0x0000000080e00000|100%| O|  |TAMS 0x0000000080e00000, 0x0000000080e00000| Untracked 
|  14|0x0000000080e00000, 0x0000000080f00000, 0x0000000080f00000|100%| O|  |TAMS 0x0000000080f00000, 0x0000000080f00000| Untracked 
|  15|0x0000000080f00000, 0x0000000081000000, 0x0000000081000000|100%| O|  |TAMS 0x0000000081000000, 0x0000000081000000| Untracked 
|  16|0x0000000081000000, 0x0000000081100000, 0x0000000081100000|100%| O|  |TAMS 0x0000000081100000, 0x0000000081100000| Untracked 
|  17|0x0000000081100000, 0x0000000081200000, 0x0000000081200000|100%| O|  |TAMS 0x0000000081200000, 0x0000000081200000| Untracked 
|  18|0x0000000081200000, 0x0000000081300000, 0x0000000081300000|100%| O|  |TAMS 0x0000000081300000, 0x0000000081300000| Untracked 
|  19|0x0000000081300000, 0x0000000081400000, 0x0000000081400000|100%| O|  |TAMS 0x0000000081400000, 0x0000000081400000| Untracked 
|  20|0x0000000081400000, 0x0000000081500000, 0x0000000081500000|100%|HS|  |TAMS 0x0000000081500000, 0x0000000081500000| Complete 
|  21|0x0000000081500000, 0x0000000081600000, 0x0000000081600000|100%| O|  |TAMS 0x0000000081600000, 0x0000000081600000| Untracked 
|  22|0x0000000081600000, 0x0000000081700000, 0x0000000081700000|100%| O|  |TAMS 0x0000000081700000, 0x0000000081700000| Untracked 
|  23|0x0000000081700000, 0x0000000081800000, 0x0000000081800000|100%| O|  |TAMS 0x0000000081800000, 0x0000000081800000| Untracked 
|  24|0x0000000081800000, 0x0000000081900000, 0x0000000081900000|100%| O|  |TAMS 0x0000000081900000, 0x0000000081900000| Untracked 
|  25|0x0000000081900000, 0x0000000081a00000, 0x0000000081a00000|100%| O|  |TAMS 0x0000000081a00000, 0x0000000081a00000| Untracked 
|  26|0x0000000081a00000, 0x0000000081b00000, 0x0000000081b00000|100%| O|  |TAMS 0x0000000081b00000, 0x0000000081b00000| Untracked 
|  27|0x0000000081b00000, 0x0000000081c00000, 0x0000000081c00000|100%| O|  |TAMS 0x0000000081c00000, 0x0000000081c00000| Untracked 
|  28|0x0000000081c00000, 0x0000000081d00000, 0x0000000081d00000|100%| O|  |TAMS 0x0000000081d00000, 0x0000000081d00000| Untracked 
|  29|0x0000000081d00000, 0x0000000081e00000, 0x0000000081e00000|100%| O|  |TAMS 0x0000000081e00000, 0x0000000081e00000| Untracked 
|  30|0x0000000081e00000, 0x0000000081f00000, 0x0000000081f00000|100%| O|  |TAMS 0x0000000081f00000, 0x0000000081f00000| Untracked 
|  31|0x0000000081f00000, 0x0000000082000000, 0x0000000082000000|100%| O|  |TAMS 0x0000000082000000, 0x0000000082000000| Untracked 
|  32|0x0000000082000000, 0x0000000082100000, 0x0000000082100000|100%| O|  |TAMS 0x0000000082100000, 0x0000000082100000| Untracked 
|  33|0x0000000082100000, 0x0000000082200000, 0x0000000082200000|100%|HS|  |TAMS 0x0000000082200000, 0x0000000082200000| Complete 
|  34|0x0000000082200000, 0x0000000082300000, 0x0000000082300000|100%|HS|  |TAMS 0x0000000082300000, 0x0000000082300000| Complete 
|  35|0x0000000082300000, 0x0000000082400000, 0x0000000082400000|100%| O|  |TAMS 0x0000000082400000, 0x0000000082400000| Untracked 
|  36|0x0000000082400000, 0x0000000082500000, 0x0000000082500000|100%| O|  |TAMS 0x0000000082500000, 0x0000000082500000| Untracked 
|  37|0x0000000082500000, 0x0000000082600000, 0x0000000082600000|100%| O|  |TAMS 0x0000000082600000, 0x0000000082600000| Untracked 
|  38|0x0000000082600000, 0x0000000082700000, 0x0000000082700000|100%| O|  |TAMS 0x0000000082700000, 0x0000000082700000| Untracked 
|  39|0x0000000082700000, 0x0000000082800000, 0x0000000082800000|100%| O|  |TAMS 0x0000000082800000, 0x0000000082800000| Untracked 
|  40|0x0000000082800000, 0x0000000082900000, 0x0000000082900000|100%| O|  |TAMS 0x0000000082900000, 0x0000000082900000| Untracked 
|  41|0x0000000082900000, 0x0000000082a00000, 0x0000000082a00000|100%| O|  |TAMS 0x0000000082a00000, 0x0000000082a00000| Untracked 
|  42|0x0000000082a00000, 0x0000000082b00000, 0x0000000082b00000|100%| O|  |TAMS 0x0000000082b00000, 0x0000000082b00000| Untracked 
|  43|0x0000000082b00000, 0x0000000082c00000, 0x0000000082c00000|100%| O|  |TAMS 0x0000000082c00000, 0x0000000082c00000| Untracked 
|  44|0x0000000082c00000, 0x0000000082d00000, 0x0000000082d00000|100%| O|  |TAMS 0x0000000082d00000, 0x0000000082d00000| Untracked 
|  45|0x0000000082d00000, 0x0000000082e00000, 0x0000000082e00000|100%| O|  |TAMS 0x0000000082e00000, 0x0000000082e00000| Untracked 
|  46|0x0000000082e00000, 0x0000000082f00000, 0x0000000082f00000|100%| O|  |TAMS 0x0000000082ea8e00, 0x0000000082f00000| Untracked 
|  47|0x0000000082f00000, 0x0000000083000000, 0x0000000083000000|100%| O|  |TAMS 0x0000000082f00000, 0x0000000082f00000| Untracked 
|  48|0x0000000083000000, 0x0000000083100000, 0x0000000083100000|100%| O|  |TAMS 0x0000000083000000, 0x0000000083000000| Untracked 
|  49|0x0000000083100000, 0x0000000083200000, 0x0000000083200000|100%| O|  |TAMS 0x0000000083100000, 0x0000000083100000| Untracked 
|  50|0x0000000083200000, 0x00000000832f0e00, 0x0000000083300000| 94%| O|  |TAMS 0x0000000083200000, 0x0000000083200000| Untracked 
|  51|0x0000000083300000, 0x0000000083300000, 0x0000000083400000|  0%| F|  |TAMS 0x0000000083300000, 0x0000000083300000| Untracked 
|  52|0x0000000083400000, 0x0000000083400000, 0x0000000083500000|  0%| F|  |TAMS 0x0000000083400000, 0x0000000083400000| Untracked 
|  53|0x0000000083500000, 0x0000000083600000, 0x0000000083600000|100%| O|  |TAMS 0x0000000083500000, 0x00000000835eb400| Untracked 
|  54|0x0000000083600000, 0x0000000083600000, 0x0000000083700000|  0%| F|  |TAMS 0x0000000083600000, 0x0000000083600000| Untracked 
|  55|0x0000000083700000, 0x0000000083700000, 0x0000000083800000|  0%| F|  |TAMS 0x0000000083700000, 0x0000000083700000| Untracked 
|  56|0x0000000083800000, 0x0000000083800000, 0x0000000083900000|  0%| F|  |TAMS 0x0000000083800000, 0x0000000083800000| Untracked 
|  57|0x0000000083900000, 0x0000000083900000, 0x0000000083a00000|  0%| F|  |TAMS 0x0000000083900000, 0x0000000083900000| Untracked 
|  58|0x0000000083a00000, 0x0000000083a00000, 0x0000000083b00000|  0%| F|  |TAMS 0x0000000083a00000, 0x0000000083a00000| Untracked 
|  59|0x0000000083b00000, 0x0000000083b00000, 0x0000000083c00000|  0%| F|  |TAMS 0x0000000083b00000, 0x0000000083b00000| Untracked 
|  60|0x0000000083c00000, 0x0000000083c00000, 0x0000000083d00000|  0%| F|  |TAMS 0x0000000083c00000, 0x0000000083c00000| Untracked 
|  61|0x0000000083d00000, 0x0000000083d00000, 0x0000000083e00000|  0%| F|  |TAMS 0x0000000083d00000, 0x0000000083d00000| Untracked 
|  62|0x0000000083e00000, 0x0000000083e00000, 0x0000000083f00000|  0%| F|  |TAMS 0x0000000083e00000, 0x0000000083e00000| Untracked 
|  63|0x0000000083f00000, 0x0000000083f00000, 0x0000000084000000|  0%| F|  |TAMS 0x0000000083f00000, 0x0000000083f00000| Untracked 
|  64|0x0000000084000000, 0x0000000084000000, 0x0000000084100000|  0%| F|  |TAMS 0x0000000084000000, 0x0000000084000000| Untracked 
|  65|0x0000000084100000, 0x0000000084100000, 0x0000000084200000|  0%| F|  |TAMS 0x0000000084100000, 0x0000000084100000| Untracked 
|  66|0x0000000084200000, 0x0000000084200000, 0x0000000084300000|  0%| F|  |TAMS 0x0000000084200000, 0x0000000084200000| Untracked 
|  67|0x0000000084300000, 0x0000000084300000, 0x0000000084400000|  0%| F|  |TAMS 0x0000000084300000, 0x0000000084300000| Untracked 
|  68|0x0000000084400000, 0x0000000084400000, 0x0000000084500000|  0%| F|  |TAMS 0x0000000084400000, 0x0000000084400000| Untracked 
|  69|0x0000000084500000, 0x00000000845866f0, 0x0000000084600000| 52%| S|CS|TAMS 0x0000000084500000, 0x0000000084500000| Complete 
|  70|0x0000000084600000, 0x0000000084700000, 0x0000000084700000|100%| S|CS|TAMS 0x0000000084600000, 0x0000000084600000| Complete 
|  71|0x0000000084700000, 0x0000000084800000, 0x0000000084800000|100%| S|CS|TAMS 0x0000000084700000, 0x0000000084700000| Complete 
|  72|0x0000000084800000, 0x0000000084800000, 0x0000000084900000|  0%| F|  |TAMS 0x0000000084800000, 0x0000000084800000| Untracked 
|  73|0x0000000084900000, 0x0000000084900000, 0x0000000084a00000|  0%| F|  |TAMS 0x0000000084900000, 0x0000000084900000| Untracked 
|  74|0x0000000084a00000, 0x0000000084a00000, 0x0000000084b00000|  0%| F|  |TAMS 0x0000000084a00000, 0x0000000084a00000| Untracked 
|  75|0x0000000084b00000, 0x0000000084b00000, 0x0000000084c00000|  0%| F|  |TAMS 0x0000000084b00000, 0x0000000084b00000| Untracked 
|  76|0x0000000084c00000, 0x0000000084c00000, 0x0000000084d00000|  0%| F|  |TAMS 0x0000000084c00000, 0x0000000084c00000| Untracked 
|  77|0x0000000084d00000, 0x0000000084d00000, 0x0000000084e00000|  0%| F|  |TAMS 0x0000000084d00000, 0x0000000084d00000| Untracked 
|  78|0x0000000084e00000, 0x0000000084e00000, 0x0000000084f00000|  0%| F|  |TAMS 0x0000000084e00000, 0x0000000084e00000| Untracked 
|  79|0x0000000084f00000, 0x0000000084f00000, 0x0000000085000000|  0%| F|  |TAMS 0x0000000084f00000, 0x0000000084f00000| Untracked 
|  80|0x0000000085000000, 0x0000000085000000, 0x0000000085100000|  0%| F|  |TAMS 0x0000000085000000, 0x0000000085000000| Untracked 
|  81|0x0000000085100000, 0x0000000085100000, 0x0000000085200000|  0%| F|  |TAMS 0x0000000085100000, 0x0000000085100000| Untracked 
|  82|0x0000000085200000, 0x0000000085200000, 0x0000000085300000|  0%| F|  |TAMS 0x0000000085200000, 0x0000000085200000| Untracked 
|  83|0x0000000085300000, 0x0000000085300000, 0x0000000085400000|  0%| F|  |TAMS 0x0000000085300000, 0x0000000085300000| Untracked 
|  84|0x0000000085400000, 0x0000000085400000, 0x0000000085500000|  0%| F|  |TAMS 0x0000000085400000, 0x0000000085400000| Untracked 
|  85|0x0000000085500000, 0x0000000085500000, 0x0000000085600000|  0%| F|  |TAMS 0x0000000085500000, 0x0000000085500000| Untracked 
|  86|0x0000000085600000, 0x0000000085600000, 0x0000000085700000|  0%| F|  |TAMS 0x0000000085600000, 0x0000000085600000| Untracked 
|  87|0x0000000085700000, 0x0000000085700000, 0x0000000085800000|  0%| F|  |TAMS 0x0000000085700000, 0x0000000085700000| Untracked 
|  88|0x0000000085800000, 0x0000000085800000, 0x0000000085900000|  0%| F|  |TAMS 0x0000000085800000, 0x0000000085800000| Untracked 
|  89|0x0000000085900000, 0x0000000085900000, 0x0000000085a00000|  0%| F|  |TAMS 0x0000000085900000, 0x0000000085900000| Untracked 
|  90|0x0000000085a00000, 0x0000000085a00000, 0x0000000085b00000|  0%| F|  |TAMS 0x0000000085a00000, 0x0000000085a00000| Untracked 
|  91|0x0000000085b00000, 0x0000000085b00000, 0x0000000085c00000|  0%| F|  |TAMS 0x0000000085b00000, 0x0000000085b00000| Untracked 
|  92|0x0000000085c00000, 0x0000000085c00000, 0x0000000085d00000|  0%| F|  |TAMS 0x0000000085c00000, 0x0000000085c00000| Untracked 
|  93|0x0000000085d00000, 0x0000000085d00000, 0x0000000085e00000|  0%| F|  |TAMS 0x0000000085d00000, 0x0000000085d00000| Untracked 
|  94|0x0000000085e00000, 0x0000000085e00000, 0x0000000085f00000|  0%| F|  |TAMS 0x0000000085e00000, 0x0000000085e00000| Untracked 
|  95|0x0000000085f00000, 0x0000000085f00000, 0x0000000086000000|  0%| F|  |TAMS 0x0000000085f00000, 0x0000000085f00000| Untracked 
|  96|0x0000000086000000, 0x0000000086000000, 0x0000000086100000|  0%| F|  |TAMS 0x0000000086000000, 0x0000000086000000| Untracked 
|  97|0x0000000086100000, 0x0000000086100000, 0x0000000086200000|  0%| F|  |TAMS 0x0000000086100000, 0x0000000086100000| Untracked 
|  98|0x0000000086200000, 0x0000000086200000, 0x0000000086300000|  0%| F|  |TAMS 0x0000000086200000, 0x0000000086200000| Untracked 
|  99|0x0000000086300000, 0x0000000086300000, 0x0000000086400000|  0%| F|  |TAMS 0x0000000086300000, 0x0000000086300000| Untracked 
| 100|0x0000000086400000, 0x0000000086400000, 0x0000000086500000|  0%| F|  |TAMS 0x0000000086400000, 0x0000000086400000| Untracked 
| 101|0x0000000086500000, 0x0000000086500000, 0x0000000086600000|  0%| F|  |TAMS 0x0000000086500000, 0x0000000086500000| Untracked 
| 102|0x0000000086600000, 0x0000000086600000, 0x0000000086700000|  0%| F|  |TAMS 0x0000000086600000, 0x0000000086600000| Untracked 
| 103|0x0000000086700000, 0x0000000086700000, 0x0000000086800000|  0%| F|  |TAMS 0x0000000086700000, 0x0000000086700000| Untracked 
| 104|0x0000000086800000, 0x0000000086800000, 0x0000000086900000|  0%| F|  |TAMS 0x0000000086800000, 0x0000000086800000| Untracked 
| 105|0x0000000086900000, 0x0000000086900000, 0x0000000086a00000|  0%| F|  |TAMS 0x0000000086900000, 0x0000000086900000| Untracked 
| 106|0x0000000086a00000, 0x0000000086a00000, 0x0000000086b00000|  0%| F|  |TAMS 0x0000000086a00000, 0x0000000086a00000| Untracked 
| 107|0x0000000086b00000, 0x0000000086b00000, 0x0000000086c00000|  0%| F|  |TAMS 0x0000000086b00000, 0x0000000086b00000| Untracked 
| 108|0x0000000086c00000, 0x0000000086c00000, 0x0000000086d00000|  0%| F|  |TAMS 0x0000000086c00000, 0x0000000086c00000| Untracked 
| 109|0x0000000086d00000, 0x0000000086d00000, 0x0000000086e00000|  0%| F|  |TAMS 0x0000000086d00000, 0x0000000086d00000| Untracked 
| 110|0x0000000086e00000, 0x0000000086e00000, 0x0000000086f00000|  0%| F|  |TAMS 0x0000000086e00000, 0x0000000086e00000| Untracked 
| 111|0x0000000086f00000, 0x0000000086f00000, 0x0000000087000000|  0%| F|  |TAMS 0x0000000086f00000, 0x0000000086f00000| Untracked 
| 112|0x0000000087000000, 0x0000000087000000, 0x0000000087100000|  0%| F|  |TAMS 0x0000000087000000, 0x0000000087000000| Untracked 
| 113|0x0000000087100000, 0x0000000087100000, 0x0000000087200000|  0%| F|  |TAMS 0x0000000087100000, 0x0000000087100000| Untracked 
| 114|0x0000000087200000, 0x0000000087200000, 0x0000000087300000|  0%| F|  |TAMS 0x0000000087200000, 0x0000000087200000| Untracked 
| 115|0x0000000087300000, 0x0000000087300000, 0x0000000087400000|  0%| F|  |TAMS 0x0000000087300000, 0x0000000087300000| Untracked 
| 116|0x0000000087400000, 0x0000000087400000, 0x0000000087500000|  0%| F|  |TAMS 0x0000000087400000, 0x0000000087400000| Untracked 
| 117|0x0000000087500000, 0x0000000087500000, 0x0000000087600000|  0%| F|  |TAMS 0x0000000087500000, 0x0000000087500000| Untracked 
| 118|0x0000000087600000, 0x0000000087600000, 0x0000000087700000|  0%| F|  |TAMS 0x0000000087600000, 0x0000000087600000| Untracked 
| 119|0x0000000087700000, 0x0000000087700000, 0x0000000087800000|  0%| F|  |TAMS 0x0000000087700000, 0x0000000087700000| Untracked 
| 120|0x0000000087800000, 0x0000000087800000, 0x0000000087900000|  0%| F|  |TAMS 0x0000000087800000, 0x0000000087800000| Untracked 
| 121|0x0000000087900000, 0x0000000087900000, 0x0000000087a00000|  0%| F|  |TAMS 0x0000000087900000, 0x0000000087900000| Untracked 
| 122|0x0000000087a00000, 0x0000000087a00000, 0x0000000087b00000|  0%| F|  |TAMS 0x0000000087a00000, 0x0000000087a00000| Untracked 
| 123|0x0000000087b00000, 0x0000000087b00000, 0x0000000087c00000|  0%| F|  |TAMS 0x0000000087b00000, 0x0000000087b00000| Untracked 
| 124|0x0000000087c00000, 0x0000000087c00000, 0x0000000087d00000|  0%| F|  |TAMS 0x0000000087c00000, 0x0000000087c00000| Untracked 
| 125|0x0000000087d00000, 0x0000000087d00000, 0x0000000087e00000|  0%| F|  |TAMS 0x0000000087d00000, 0x0000000087d00000| Untracked 
| 126|0x0000000087e00000, 0x0000000087e00000, 0x0000000087f00000|  0%| F|  |TAMS 0x0000000087e00000, 0x0000000087e00000| Untracked 
| 127|0x0000000087f00000, 0x0000000087f00000, 0x0000000088000000|  0%| F|  |TAMS 0x0000000087f00000, 0x0000000087f00000| Untracked 
| 128|0x0000000088000000, 0x0000000088000000, 0x0000000088100000|  0%| F|  |TAMS 0x0000000088000000, 0x0000000088000000| Untracked 
| 129|0x0000000088100000, 0x0000000088100000, 0x0000000088200000|  0%| F|  |TAMS 0x0000000088100000, 0x0000000088100000| Untracked 
| 130|0x0000000088200000, 0x0000000088200000, 0x0000000088300000|  0%| F|  |TAMS 0x0000000088200000, 0x0000000088200000| Untracked 
| 131|0x0000000088300000, 0x0000000088300000, 0x0000000088400000|  0%| F|  |TAMS 0x0000000088300000, 0x0000000088300000| Untracked 
| 132|0x0000000088400000, 0x0000000088400000, 0x0000000088500000|  0%| F|  |TAMS 0x0000000088400000, 0x0000000088400000| Untracked 
| 133|0x0000000088500000, 0x0000000088500000, 0x0000000088600000|  0%| F|  |TAMS 0x0000000088500000, 0x0000000088500000| Untracked 
| 134|0x0000000088600000, 0x0000000088600000, 0x0000000088700000|  0%| F|  |TAMS 0x0000000088600000, 0x0000000088600000| Untracked 
| 135|0x0000000088700000, 0x0000000088700000, 0x0000000088800000|  0%| F|  |TAMS 0x0000000088700000, 0x0000000088700000| Untracked 
| 136|0x0000000088800000, 0x0000000088800000, 0x0000000088900000|  0%| F|  |TAMS 0x0000000088800000, 0x0000000088800000| Untracked 
| 137|0x0000000088900000, 0x0000000088900000, 0x0000000088a00000|  0%| F|  |TAMS 0x0000000088900000, 0x0000000088900000| Untracked 
| 138|0x0000000088a00000, 0x0000000088a00000, 0x0000000088b00000|  0%| F|  |TAMS 0x0000000088a00000, 0x0000000088a00000| Untracked 
| 139|0x0000000088b00000, 0x0000000088b00000, 0x0000000088c00000|  0%| F|  |TAMS 0x0000000088b00000, 0x0000000088b00000| Untracked 
| 140|0x0000000088c00000, 0x0000000088c00000, 0x0000000088d00000|  0%| F|  |TAMS 0x0000000088c00000, 0x0000000088c00000| Untracked 
| 141|0x0000000088d00000, 0x0000000088d00000, 0x0000000088e00000|  0%| F|  |TAMS 0x0000000088d00000, 0x0000000088d00000| Untracked 
| 142|0x0000000088e00000, 0x0000000088e00000, 0x0000000088f00000|  0%| F|  |TAMS 0x0000000088e00000, 0x0000000088e00000| Untracked 
| 143|0x0000000088f00000, 0x0000000088f00000, 0x0000000089000000|  0%| F|  |TAMS 0x0000000088f00000, 0x0000000088f00000| Untracked 
| 144|0x0000000089000000, 0x0000000089000000, 0x0000000089100000|  0%| F|  |TAMS 0x0000000089000000, 0x0000000089000000| Untracked 
| 145|0x0000000089100000, 0x0000000089100000, 0x0000000089200000|  0%| F|  |TAMS 0x0000000089100000, 0x0000000089100000| Untracked 
| 146|0x0000000089200000, 0x0000000089200000, 0x0000000089300000|  0%| F|  |TAMS 0x0000000089200000, 0x0000000089200000| Untracked 
| 147|0x0000000089300000, 0x0000000089300000, 0x0000000089400000|  0%| F|  |TAMS 0x0000000089300000, 0x0000000089300000| Untracked 
| 148|0x0000000089400000, 0x0000000089400000, 0x0000000089500000|  0%| F|  |TAMS 0x0000000089400000, 0x0000000089400000| Untracked 
| 149|0x0000000089500000, 0x0000000089500000, 0x0000000089600000|  0%| F|  |TAMS 0x0000000089500000, 0x0000000089500000| Untracked 
| 150|0x0000000089600000, 0x0000000089600000, 0x0000000089700000|  0%| F|  |TAMS 0x0000000089600000, 0x0000000089600000| Untracked 
| 151|0x0000000089700000, 0x0000000089700000, 0x0000000089800000|  0%| F|  |TAMS 0x0000000089700000, 0x0000000089700000| Untracked 
| 152|0x0000000089800000, 0x0000000089800000, 0x0000000089900000|  0%| F|  |TAMS 0x0000000089800000, 0x0000000089800000| Untracked 
| 153|0x0000000089900000, 0x0000000089900000, 0x0000000089a00000|  0%| F|  |TAMS 0x0000000089900000, 0x0000000089900000| Untracked 
| 154|0x0000000089a00000, 0x0000000089a00000, 0x0000000089b00000|  0%| F|  |TAMS 0x0000000089a00000, 0x0000000089a00000| Untracked 
| 155|0x0000000089b00000, 0x0000000089b00000, 0x0000000089c00000|  0%| F|  |TAMS 0x0000000089b00000, 0x0000000089b00000| Untracked 
| 156|0x0000000089c00000, 0x0000000089c00000, 0x0000000089d00000|  0%| F|  |TAMS 0x0000000089c00000, 0x0000000089c00000| Untracked 
| 157|0x0000000089d00000, 0x0000000089d00000, 0x0000000089e00000|  0%| F|  |TAMS 0x0000000089d00000, 0x0000000089d00000| Untracked 
| 158|0x0000000089e00000, 0x0000000089e00000, 0x0000000089f00000|  0%| F|  |TAMS 0x0000000089e00000, 0x0000000089e00000| Untracked 
| 159|0x0000000089f00000, 0x0000000089f00000, 0x000000008a000000|  0%| F|  |TAMS 0x0000000089f00000, 0x0000000089f00000| Untracked 
| 160|0x000000008a000000, 0x000000008a000000, 0x000000008a100000|  0%| F|  |TAMS 0x000000008a000000, 0x000000008a000000| Untracked 
| 161|0x000000008a100000, 0x000000008a100000, 0x000000008a200000|  0%| F|  |TAMS 0x000000008a100000, 0x000000008a100000| Untracked 
| 162|0x000000008a200000, 0x000000008a200000, 0x000000008a300000|  0%| F|  |TAMS 0x000000008a200000, 0x000000008a200000| Untracked 
| 163|0x000000008a300000, 0x000000008a300000, 0x000000008a400000|  0%| F|  |TAMS 0x000000008a300000, 0x000000008a300000| Untracked 
| 164|0x000000008a400000, 0x000000008a400000, 0x000000008a500000|  0%| F|  |TAMS 0x000000008a400000, 0x000000008a400000| Untracked 
| 165|0x000000008a500000, 0x000000008a500000, 0x000000008a600000|  0%| F|  |TAMS 0x000000008a500000, 0x000000008a500000| Untracked 
| 166|0x000000008a600000, 0x000000008a600000, 0x000000008a700000|  0%| F|  |TAMS 0x000000008a600000, 0x000000008a600000| Untracked 
| 167|0x000000008a700000, 0x000000008a700000, 0x000000008a800000|  0%| F|  |TAMS 0x000000008a700000, 0x000000008a700000| Untracked 
| 168|0x000000008a800000, 0x000000008a800000, 0x000000008a900000|  0%| F|  |TAMS 0x000000008a800000, 0x000000008a800000| Untracked 
| 169|0x000000008a900000, 0x000000008a900000, 0x000000008aa00000|  0%| F|  |TAMS 0x000000008a900000, 0x000000008a900000| Untracked 
| 170|0x000000008aa00000, 0x000000008aa00000, 0x000000008ab00000|  0%| F|  |TAMS 0x000000008aa00000, 0x000000008aa00000| Untracked 
| 171|0x000000008ab00000, 0x000000008ab00000, 0x000000008ac00000|  0%| F|  |TAMS 0x000000008ab00000, 0x000000008ab00000| Untracked 
| 172|0x000000008ac00000, 0x000000008ac00000, 0x000000008ad00000|  0%| F|  |TAMS 0x000000008ac00000, 0x000000008ac00000| Untracked 
| 173|0x000000008ad00000, 0x000000008ad00000, 0x000000008ae00000|  0%| F|  |TAMS 0x000000008ad00000, 0x000000008ad00000| Untracked 
| 174|0x000000008ae00000, 0x000000008ae00000, 0x000000008af00000|  0%| F|  |TAMS 0x000000008ae00000, 0x000000008ae00000| Untracked 
| 175|0x000000008af00000, 0x000000008af00000, 0x000000008b000000|  0%| F|  |TAMS 0x000000008af00000, 0x000000008af00000| Untracked 
| 176|0x000000008b000000, 0x000000008b000000, 0x000000008b100000|  0%| F|  |TAMS 0x000000008b000000, 0x000000008b000000| Untracked 
| 177|0x000000008b100000, 0x000000008b100000, 0x000000008b200000|  0%| F|  |TAMS 0x000000008b100000, 0x000000008b100000| Untracked 
| 178|0x000000008b200000, 0x000000008b200000, 0x000000008b300000|  0%| F|  |TAMS 0x000000008b200000, 0x000000008b200000| Untracked 
| 179|0x000000008b300000, 0x000000008b300000, 0x000000008b400000|  0%| F|  |TAMS 0x000000008b300000, 0x000000008b300000| Untracked 
| 180|0x000000008b400000, 0x000000008b400000, 0x000000008b500000|  0%| F|  |TAMS 0x000000008b400000, 0x000000008b400000| Untracked 
| 181|0x000000008b500000, 0x000000008b500000, 0x000000008b600000|  0%| F|  |TAMS 0x000000008b500000, 0x000000008b500000| Untracked 
| 182|0x000000008b600000, 0x000000008b600000, 0x000000008b700000|  0%| F|  |TAMS 0x000000008b600000, 0x000000008b600000| Untracked 
| 183|0x000000008b700000, 0x000000008b700000, 0x000000008b800000|  0%| F|  |TAMS 0x000000008b700000, 0x000000008b700000| Untracked 
| 184|0x000000008b800000, 0x000000008b800000, 0x000000008b900000|  0%| F|  |TAMS 0x000000008b800000, 0x000000008b800000| Untracked 
| 185|0x000000008b900000, 0x000000008b900000, 0x000000008ba00000|  0%| F|  |TAMS 0x000000008b900000, 0x000000008b900000| Untracked 
| 186|0x000000008ba00000, 0x000000008ba00000, 0x000000008bb00000|  0%| F|  |TAMS 0x000000008ba00000, 0x000000008ba00000| Untracked 
| 187|0x000000008bb00000, 0x000000008bb00000, 0x000000008bc00000|  0%| F|  |TAMS 0x000000008bb00000, 0x000000008bb00000| Untracked 
| 188|0x000000008bc00000, 0x000000008bc00000, 0x000000008bd00000|  0%| F|  |TAMS 0x000000008bc00000, 0x000000008bc00000| Untracked 
| 189|0x000000008bd00000, 0x000000008bd00000, 0x000000008be00000|  0%| F|  |TAMS 0x000000008bd00000, 0x000000008bd00000| Untracked 
| 190|0x000000008be00000, 0x000000008be00000, 0x000000008bf00000|  0%| F|  |TAMS 0x000000008be00000, 0x000000008be00000| Untracked 
| 191|0x000000008bf00000, 0x000000008bf00000, 0x000000008c000000|  0%| F|  |TAMS 0x000000008bf00000, 0x000000008bf00000| Untracked 
| 192|0x000000008c000000, 0x000000008c000000, 0x000000008c100000|  0%| F|  |TAMS 0x000000008c000000, 0x000000008c000000| Untracked 
| 193|0x000000008c100000, 0x000000008c100000, 0x000000008c200000|  0%| F|  |TAMS 0x000000008c100000, 0x000000008c100000| Untracked 
| 194|0x000000008c200000, 0x000000008c200000, 0x000000008c300000|  0%| F|  |TAMS 0x000000008c200000, 0x000000008c200000| Untracked 
| 195|0x000000008c300000, 0x000000008c300000, 0x000000008c400000|  0%| F|  |TAMS 0x000000008c300000, 0x000000008c300000| Untracked 
| 196|0x000000008c400000, 0x000000008c400000, 0x000000008c500000|  0%| F|  |TAMS 0x000000008c400000, 0x000000008c400000| Untracked 
| 197|0x000000008c500000, 0x000000008c500000, 0x000000008c600000|  0%| F|  |TAMS 0x000000008c500000, 0x000000008c500000| Untracked 
| 198|0x000000008c600000, 0x000000008c600000, 0x000000008c700000|  0%| F|  |TAMS 0x000000008c600000, 0x000000008c600000| Untracked 
| 199|0x000000008c700000, 0x000000008c700000, 0x000000008c800000|  0%| F|  |TAMS 0x000000008c700000, 0x000000008c700000| Untracked 
| 200|0x000000008c800000, 0x000000008c800000, 0x000000008c900000|  0%| F|  |TAMS 0x000000008c800000, 0x000000008c800000| Untracked 
| 243|0x000000008f300000, 0x000000008f300000, 0x000000008f400000|  0%| F|  |TAMS 0x000000008f300000, 0x000000008f300000| Untracked 

Card table byte_map: [0x0000014050e80000,0x0000014051280000] _byte_map_base: 0x0000014050a80000

Marking Bits (Prev, Next): (CMBitMap*) 0x000001403dd972c0, (CMBitMap*) 0x000001403dd97300
 Prev Bits: [0x0000014051680000, 0x0000014053680000)
 Next Bits: [0x0000014053680000, 0x0000014055680000)

Polling page: 0x000001403d500000

Metaspace:

Usage:
  Non-class:     57.09 MB used.
      Class:      8.66 MB used.
       Both:     65.75 MB used.

Virtual space:
  Non-class space:       64.00 MB reserved,      57.38 MB ( 90%) committed,  8 nodes.
      Class space:        1.00 GB reserved,       8.88 MB ( <1%) committed,  1 nodes.
             Both:        1.06 GB reserved,      66.25 MB (  6%) committed. 

Chunk freelists:
   Non-Class:  2.64 MB
       Class:  3.07 MB
        Both:  5.71 MB

MaxMetaspaceSize: unlimited
CompressedClassSpaceSize: 1.00 GB
Initial GC threshold: 21.00 MB
Current GC threshold: 103.69 MB
CDS: off
MetaspaceReclaimPolicy: balanced
 - commit_granule_bytes: 65536.
 - commit_granule_words: 8192.
 - virtual_space_node_default_size: 1048576.
 - enlarge_chunks_in_place: 1.
 - new_chunks_are_fully_committed: 0.
 - uncommit_free_chunks: 1.
 - use_allocation_guard: 0.
 - handle_deallocations: 1.


Internal statistics:

num_allocs_failed_limit: 9.
num_arena_births: 622.
num_arena_deaths: 0.
num_vsnodes_births: 9.
num_vsnodes_deaths: 0.
num_space_committed: 1060.
num_space_uncommitted: 0.
num_chunks_returned_to_freelist: 9.
num_chunks_taken_from_freelist: 2841.
num_chunk_merges: 6.
num_chunk_splits: 1903.
num_chunks_enlarged: 1294.
num_purges: 0.
num_inconsistent_stats: 0.

CodeHeap 'non-profiled nmethods': size=119168Kb used=3618Kb max_used=3618Kb free=115549Kb
 bounds [0x0000014048da0000, 0x0000014049130000, 0x0000014050200000]
CodeHeap 'profiled nmethods': size=119104Kb used=13195Kb max_used=13195Kb free=105908Kb
 bounds [0x0000014041200000, 0x0000014041ef0000, 0x0000014048650000]
CodeHeap 'non-nmethods': size=7488Kb used=4040Kb max_used=4088Kb free=3447Kb
 bounds [0x0000014048650000, 0x0000014048a60000, 0x0000014048da0000]
 total_blobs=7583 nmethods=6708 adapters=782
 compilation: enabled
              stopped_count=0, restarted_count=0
 full_count=0

Compilation events (20 events):
Event: 4.789 Thread 0x00000140599a30e0 nmethod 7512 0x0000014041edf610 code [0x0000014041edf8a0, 0x0000014041ee0588]
Event: 4.790 Thread 0x00000140599a30e0 7513       3       jdk.proxy1.$Proxy17::<init> (6 bytes)
Event: 4.790 Thread 0x000001405cbb5c40 7514       4       java.util.StringJoiner::<init> (63 bytes)
Event: 4.790 Thread 0x00000140599a30e0 nmethod 7513 0x0000014041ee0910 code [0x0000014041ee0ae0, 0x0000014041ee0e68]
Event: 4.791 Thread 0x0000014059ab68c0 7517       3       java.util.Comparator$$Lambda$173/0x00000001002c6cc8::compare (10 bytes)
Event: 4.791 Thread 0x00000140590abf90 7518       3       java.util.Comparator::lambda$comparing$77a9974f$1 (23 bytes)
Event: 4.792 Thread 0x0000014059ab68c0 nmethod 7517 0x0000014041ee1010 code [0x0000014041ee11e0, 0x0000014041ee16a8]
Event: 4.792 Thread 0x00000140590abf90 nmethod 7518 0x0000014041ee1810 code [0x0000014041ee19e0, 0x0000014041ee1e28]
Event: 4.793 Thread 0x000001405cbb5c40 nmethod 7514 0x0000014049126f90 code [0x0000014049127120, 0x0000014049127578]
Event: 4.793 Thread 0x000001405cbb5c40 7515       4       java.beans.MethodRef::get (91 bytes)
Event: 4.794 Thread 0x000001405cbb5c40 nmethod 7515 0x0000014049127810 code [0x00000140491279a0, 0x0000014049127af8]
Event: 4.794 Thread 0x000001405cbb5c40 7516       4       java.lang.reflect.Method::getGenericReturnType (20 bytes)
Event: 4.795 Thread 0x00000140590abf90 7519       3       org.codehaus.groovy.util.LockableObject::lock (25 bytes)
Event: 4.795 Thread 0x00000140590abf90 nmethod 7519 0x0000014041ee1f90 code [0x0000014041ee2140, 0x0000014041ee23b8]
Event: 4.799 Thread 0x000001405cbb5c40 nmethod 7516 0x0000014049127c10 code [0x0000014049127dc0, 0x0000014049128508]
Event: 4.799 Thread 0x000001405cbb5c40 7521       4       java.lang.Class::getMethodsRecursive (99 bytes)
Event: 4.802 Thread 0x00000140599a30e0 7524       3       java.util.LinkedList::linkFirst (59 bytes)
Event: 4.802 Thread 0x0000014059ab68c0 7523       3       java.util.LinkedList::addFirst (6 bytes)
Event: 4.802 Thread 0x0000014059ab68c0 nmethod 7523 0x0000014041ee2490 code [0x0000014041ee2620, 0x0000014041ee2768]
Event: 4.802 Thread 0x00000140599a30e0 nmethod 7524 0x0000014041ee2810 code [0x0000014041ee29e0, 0x0000014041ee2e38]

GC Heap History (20 events):
Event: 2.321 GC heap after
{Heap after GC invocations=9 (full 0):
 garbage-first heap   total 68608K, used 24195K [0x0000000080000000, 0x0000000100000000)
  region size 1024K, 3 young (3072K), 3 survivors (3072K)
 Metaspace       used 35655K, committed 35968K, reserved 1081344K
  class space    used 4874K, committed 5056K, reserved 1048576K
}
Event: 2.549 GC heap before
{Heap before GC invocations=10 (full 0):
 garbage-first heap   total 68608K, used 49795K [0x0000000080000000, 0x0000000100000000)
  region size 1024K, 29 young (29696K), 3 survivors (3072K)
 Metaspace       used 40550K, committed 40896K, reserved 1089536K
  class space    used 5357K, committed 5504K, reserved 1048576K
}
Event: 2.551 GC heap after
{Heap after GC invocations=11 (full 0):
 garbage-first heap   total 68608K, used 28120K [0x0000000080000000, 0x0000000100000000)
  region size 1024K, 4 young (4096K), 4 survivors (4096K)
 Metaspace       used 40550K, committed 40896K, reserved 1089536K
  class space    used 5357K, committed 5504K, reserved 1048576K
}
Event: 2.552 GC heap before
{Heap before GC invocations=11 (full 0):
 garbage-first heap   total 68608K, used 29144K [0x0000000080000000, 0x0000000100000000)
  region size 1024K, 5 young (5120K), 4 survivors (4096K)
 Metaspace       used 40550K, committed 40896K, reserved 1089536K
  class space    used 5357K, committed 5504K, reserved 1048576K
}
Event: 2.554 GC heap after
{Heap after GC invocations=12 (full 0):
 garbage-first heap   total 98304K, used 28277K [0x0000000080000000, 0x0000000100000000)
  region size 1024K, 1 young (1024K), 1 survivors (1024K)
 Metaspace       used 40550K, committed 40896K, reserved 1089536K
  class space    used 5357K, committed 5504K, reserved 1048576K
}
Event: 2.955 GC heap before
{Heap before GC invocations=12 (full 0):
 garbage-first heap   total 98304K, used 72309K [0x0000000080000000, 0x0000000100000000)
  region size 1024K, 42 young (43008K), 1 survivors (1024K)
 Metaspace       used 44418K, committed 44736K, reserved 1089536K
  class space    used 5834K, committed 5952K, reserved 1048576K
}
Event: 2.957 GC heap after
{Heap after GC invocations=13 (full 0):
 garbage-first heap   total 98304K, used 32257K [0x0000000080000000, 0x0000000100000000)
  region size 1024K, 5 young (5120K), 5 survivors (5120K)
 Metaspace       used 44418K, committed 44736K, reserved 1089536K
  class space    used 5834K, committed 5952K, reserved 1048576K
}
Event: 3.320 GC heap before
{Heap before GC invocations=13 (full 0):
 garbage-first heap   total 98304K, used 72193K [0x0000000080000000, 0x0000000100000000)
  region size 1024K, 44 young (45056K), 5 survivors (5120K)
 Metaspace       used 50135K, committed 50496K, reserved 1097728K
  class space    used 6610K, committed 6784K, reserved 1048576K
}
Event: 3.322 GC heap after
{Heap after GC invocations=14 (full 0):
 garbage-first heap   total 98304K, used 34642K [0x0000000080000000, 0x0000000100000000)
  region size 1024K, 3 young (3072K), 3 survivors (3072K)
 Metaspace       used 50135K, committed 50496K, reserved 1097728K
  class space    used 6610K, committed 6784K, reserved 1048576K
}
Event: 3.633 GC heap before
{Heap before GC invocations=14 (full 0):
 garbage-first heap   total 98304K, used 74578K [0x0000000080000000, 0x0000000100000000)
  region size 1024K, 42 young (43008K), 3 survivors (3072K)
 Metaspace       used 51918K, committed 52416K, reserved 1097728K
  class space    used 6828K, committed 7040K, reserved 1048576K
}
Event: 3.635 GC heap after
{Heap after GC invocations=15 (full 0):
 garbage-first heap   total 98304K, used 38117K [0x0000000080000000, 0x0000000100000000)
  region size 1024K, 6 young (6144K), 6 survivors (6144K)
 Metaspace       used 51918K, committed 52416K, reserved 1097728K
  class space    used 6828K, committed 7040K, reserved 1048576K
}
Event: 3.959 GC heap before
{Heap before GC invocations=15 (full 0):
 garbage-first heap   total 98304K, used 80101K [0x0000000080000000, 0x0000000100000000)
  region size 1024K, 43 young (44032K), 6 survivors (6144K)
 Metaspace       used 55941K, committed 56320K, reserved 1105920K
  class space    used 7387K, committed 7552K, reserved 1048576K
}
Event: 3.961 GC heap after
{Heap after GC invocations=16 (full 0):
 garbage-first heap   total 98304K, used 47198K [0x0000000080000000, 0x0000000100000000)
  region size 1024K, 6 young (6144K), 6 survivors (6144K)
 Metaspace       used 55941K, committed 56320K, reserved 1105920K
  class space    used 7387K, committed 7552K, reserved 1048576K
}
Event: 4.227 GC heap before
{Heap before GC invocations=16 (full 0):
 garbage-first heap   total 98304K, used 71774K [0x0000000080000000, 0x0000000100000000)
  region size 1024K, 31 young (31744K), 6 survivors (6144K)
 Metaspace       used 59794K, committed 60288K, reserved 1105920K
  class space    used 7874K, committed 8128K, reserved 1048576K
}
Event: 4.229 GC heap after
{Heap after GC invocations=17 (full 0):
 garbage-first heap   total 98304K, used 48852K [0x0000000080000000, 0x0000000100000000)
  region size 1024K, 2 young (2048K), 2 survivors (2048K)
 Metaspace       used 59794K, committed 60288K, reserved 1105920K
  class space    used 7874K, committed 8128K, reserved 1048576K
}
Event: 4.402 GC heap before
{Heap before GC invocations=18 (full 0):
 garbage-first heap   total 98304K, used 62164K [0x0000000080000000, 0x0000000100000000)
  region size 1024K, 16 young (16384K), 2 survivors (2048K)
 Metaspace       used 63135K, committed 63680K, reserved 1105920K
  class space    used 8313K, committed 8576K, reserved 1048576K
}
Event: 4.404 GC heap after
{Heap after GC invocations=19 (full 0):
 garbage-first heap   total 98304K, used 50611K [0x0000000080000000, 0x0000000100000000)
  region size 1024K, 3 young (3072K), 3 survivors (3072K)
 Metaspace       used 63135K, committed 63680K, reserved 1105920K
  class space    used 8313K, committed 8576K, reserved 1048576K
}
Event: 4.585 GC heap before
{Heap before GC invocations=20 (full 0):
 garbage-first heap   total 107520K, used 82355K [0x0000000080000000, 0x0000000100000000)
  region size 1024K, 29 young (29696K), 3 survivors (3072K)
 Metaspace       used 64830K, committed 65344K, reserved 1105920K
  class space    used 8539K, committed 8768K, reserved 1048576K
}
Event: 4.587 GC heap after
{Heap after GC invocations=21 (full 0):
 garbage-first heap   total 107520K, used 53165K [0x0000000080000000, 0x0000000100000000)
  region size 1024K, 4 young (4096K), 4 survivors (4096K)
 Metaspace       used 64830K, committed 65344K, reserved 1105920K
  class space    used 8539K, committed 8768K, reserved 1048576K
}
Event: 4.806 GC heap before
{Heap before GC invocations=21 (full 0):
 garbage-first heap   total 107520K, used 82861K [0x0000000080000000, 0x0000000100000000)
  region size 1024K, 33 young (33792K), 4 survivors (4096K)
 Metaspace       used 67326K, committed 67840K, reserved 1114112K
  class space    used 8865K, committed 9088K, reserved 1048576K
}

Dll operation events (2 events):
Event: 0.006 Loaded shared library C:\Program Files\Android\Android Studio\jbr\bin\java.dll
Event: 0.250 Loaded shared library C:\Program Files\Android\Android Studio\jbr\bin\verify.dll

Deoptimization events (20 events):
Event: 4.732 Thread 0x000001405cea0450 Uncommon trap: trap_request=0xffffff45 fr.pc=0x0000014048f0ab28 relative=0x0000000000000128
Event: 4.732 Thread 0x000001405cea0450 Uncommon trap: reason=unstable_if action=reinterpret pc=0x0000014048f0ab28 method=org.objectweb.asm.ByteVector.putByteArray([BII)Lorg/objectweb/asm/ByteVector; @ 20 c2
Event: 4.732 Thread 0x000001405cea0450 DEOPT PACKING pc=0x0000014048f0ab28 sp=0x0000001ad61f58d0
Event: 4.732 Thread 0x000001405cea0450 DEOPT UNPACKING pc=0x00000140486a69a3 sp=0x0000001ad61f58a0 mode 2
Event: 4.732 Thread 0x000001405cea0450 Uncommon trap: trap_request=0xffffff45 fr.pc=0x0000014048dcf98c relative=0x00000000000009cc
Event: 4.732 Thread 0x000001405cea0450 Uncommon trap: reason=unstable_if action=reinterpret pc=0x0000014048dcf98c method=org.objectweb.asm.Label.resolve([BI)Z @ 80 c2
Event: 4.732 Thread 0x000001405cea0450 DEOPT PACKING pc=0x0000014048dcf98c sp=0x0000001ad61f58f0
Event: 4.732 Thread 0x000001405cea0450 DEOPT UNPACKING pc=0x00000140486a69a3 sp=0x0000001ad61f5810 mode 2
Event: 4.732 Thread 0x000001405cea0450 Uncommon trap: trap_request=0xffffff45 fr.pc=0x0000014049039518 relative=0x00000000000001f8
Event: 4.732 Thread 0x000001405cea0450 Uncommon trap: reason=unstable_if action=reinterpret pc=0x0000014049039518 method=org.objectweb.asm.Label.resolve([BI)Z @ 80 c2
Event: 4.732 Thread 0x000001405cea0450 DEOPT PACKING pc=0x0000014049039518 sp=0x0000001ad61f5880
Event: 4.732 Thread 0x000001405cea0450 DEOPT UNPACKING pc=0x00000140486a69a3 sp=0x0000001ad61f5800 mode 2
Event: 4.733 Thread 0x000001405cea0450 Uncommon trap: trap_request=0xffffff45 fr.pc=0x0000014049116254 relative=0x0000000000001174
Event: 4.733 Thread 0x000001405cea0450 Uncommon trap: reason=unstable_if action=reinterpret pc=0x0000014049116254 method=org.objectweb.asm.MethodWriter.<init>(Lorg/objectweb/asm/SymbolTable;ILjava/lang/String;Ljava/lang/String;Ljava/lang/String;[Ljava/lang/String;I)V @ 94 c2
Event: 4.733 Thread 0x000001405cea0450 DEOPT PACKING pc=0x0000014049116254 sp=0x0000001ad61f59c0
Event: 4.733 Thread 0x000001405cea0450 DEOPT UNPACKING pc=0x00000140486a69a3 sp=0x0000001ad61f58f0 mode 2
Event: 4.763 Thread 0x000001405cea0450 Uncommon trap: trap_request=0xffffff45 fr.pc=0x00000140490f7448 relative=0x0000000000001948
Event: 4.763 Thread 0x000001405cea0450 Uncommon trap: reason=unstable_if action=reinterpret pc=0x00000140490f7448 method=java.util.concurrent.ConcurrentHashMap.computeIfAbsent(Ljava/lang/Object;Ljava/util/function/Function;)Ljava/lang/Object; @ 364 c2
Event: 4.763 Thread 0x000001405cea0450 DEOPT PACKING pc=0x00000140490f7448 sp=0x0000001ad61f7690
Event: 4.763 Thread 0x000001405cea0450 DEOPT UNPACKING pc=0x00000140486a69a3 sp=0x0000001ad61f7618 mode 2

Classes unloaded (0 events):
No events

Classes redefined (0 events):
No events

Internal exceptions (20 events):
Event: 3.679 Thread 0x000001405cea0450 Exception <a 'java/lang/ClassNotFoundException'{0x000000008c51aea8}: build_8s87ecbokuxwvneo7oxpojlwyBeanInfo> (0x000000008c51aea8) 
thrown [s\src\hotspot\share\classfile\systemDictionary.cpp, line 256]
Event: 3.680 Thread 0x000001405cea0450 Exception <a 'java/lang/ClassNotFoundException'{0x000000008c521728}: build_8s87ecbokuxwvneo7oxpojlwyCustomizer> (0x000000008c521728) 
thrown [s\src\hotspot\share\classfile\systemDictionary.cpp, line 256]
Event: 3.719 Thread 0x000001405cea0450 Exception <a 'java/lang/ClassNotFoundException'{0x00000000854eb948}: org/gradle/api/internal/plugins/DefaultObjectConfigurationActionBeanInfo> (0x00000000854eb948) 
thrown [s\src\hotspot\share\classfile\systemDictionary.cpp, line 256]
Event: 3.720 Thread 0x000001405cea0450 Exception <a 'java/lang/ClassNotFoundException'{0x00000000854fdca0}: org/gradle/api/internal/plugins/DefaultObjectConfigurationActionCustomizer> (0x00000000854fdca0) 
thrown [s\src\hotspot\share\classfile\systemDictionary.cpp, line 256]
Event: 3.806 Thread 0x000001405cea0450 Exception <a 'java/lang/NoSuchMethodError'{0x00000000849d8ef0}: 'java.lang.Object java.lang.invoke.DirectMethodHandle$Holder.newInvokeSpecial(java.lang.Object, java.lang.Object, java.lang.Object, java.lang.Object, int)'> (0x00000000849d8ef0) 
thrown [s\src\hotspot\share\interpreter\linkResolver.cpp, line 771]
Event: 3.806 Thread 0x000001405cea0450 Exception <a 'java/lang/NoSuchMethodError'{0x00000000849de090}: 'java.lang.Object java.lang.invoke.DirectMethodHandle$Holder.invokeSpecial(java.lang.Object, java.lang.Object, java.lang.Object, java.lang.Object, java.lang.Object, int)'> (0x00000000849de090) 
thrown [s\src\hotspot\share\interpreter\linkResolver.cpp, line 771]
Event: 3.807 Thread 0x000001405cea0450 Exception <a 'java/lang/NoSuchMethodError'{0x00000000849e2b68}: 'java.lang.Object java.lang.invoke.Invokers$Holder.linkToTargetMethod(java.lang.Object, java.lang.Object, java.lang.Object, int, java.lang.Object)'> (0x00000000849e2b68) 
thrown [s\src\hotspot\share\interpreter\linkResolver.cpp, line 771]
Event: 3.940 Thread 0x000001405cea0450 Exception <a 'java/lang/NoSuchMethodError'{0x0000000083c67500}: 'int java.lang.invoke.DirectMethodHandle$Holder.invokeInterface(java.lang.Object, java.lang.Object, java.lang.Object, java.lang.Object)'> (0x0000000083c67500) 
thrown [s\src\hotspot\share\interpreter\linkResolver.cpp, line 771]
Event: 4.256 Thread 0x000001405cea0450 Exception <a 'java/lang/IncompatibleClassChangeError'{0x000000008f3a9568}: Found class java.lang.Object, but interface was expected> (0x000000008f3a9568) 
thrown [s\src\hotspot\share\interpreter\linkResolver.cpp, line 838]
Event: 4.289 Thread 0x000001405cea0450 Implicit null exception at 0x00000140490716d4 to 0x000001404907187c
Event: 4.289 Thread 0x000001405cea0450 Implicit null exception at 0x000001404901fa3d to 0x0000014049021640
Event: 4.372 Thread 0x000001405cea0450 Implicit null exception at 0x0000014048f8ed8c to 0x0000014048f8eebe
Event: 4.442 Thread 0x000001405cea0450 Exception <a 'sun/nio/fs/WindowsException'{0x0000000085dc84d8}> (0x0000000085dc84d8) 
thrown [s\src\hotspot\share\prims\jni.cpp, line 517]
Event: 4.732 Thread 0x000001405cea0450 Implicit null exception at 0x0000014048f0aa48 to 0x0000014048f0ab08
Event: 4.781 Thread 0x000001405cea0450 Exception <a 'java/lang/ClassNotFoundException'{0x000000008502b6d0}: build_8s87ecbokuxwvneo7oxpojlwyBeanInfo> (0x000000008502b6d0) 
thrown [s\src\hotspot\share\classfile\systemDictionary.cpp, line 256]
Event: 4.781 Thread 0x000001405cea0450 Exception <a 'java/lang/ClassNotFoundException'{0x0000000085031ef0}: build_8s87ecbokuxwvneo7oxpojlwyCustomizer> (0x0000000085031ef0) 
thrown [s\src\hotspot\share\classfile\systemDictionary.cpp, line 256]
Event: 4.787 Thread 0x000001405cea0450 Exception <a 'java/lang/ClassNotFoundException'{0x0000000084f10918}: org/gradle/api/internal/project/DefaultProject_DecoratedBeanInfo> (0x0000000084f10918) 
thrown [s\src\hotspot\share\classfile\systemDictionary.cpp, line 256]
Event: 4.788 Thread 0x000001405cea0450 Exception <a 'java/lang/ClassNotFoundException'{0x0000000084f22838}: org/gradle/api/internal/project/DefaultProjectBeanInfo> (0x0000000084f22838) 
thrown [s\src\hotspot\share\classfile\systemDictionary.cpp, line 256]
Event: 4.788 Thread 0x000001405cea0450 Exception <a 'java/lang/ClassNotFoundException'{0x0000000084f34800}: org/gradle/api/internal/project/DefaultProjectCustomizer> (0x0000000084f34800) 
thrown [s\src\hotspot\share\classfile\systemDictionary.cpp, line 256]
Event: 4.790 Thread 0x000001405cea0450 Exception <a 'java/lang/ClassNotFoundException'{0x0000000084fe2c38}: org/gradle/api/internal/project/DefaultProject_DecoratedCustomizer> (0x0000000084fe2c38) 
thrown [s\src\hotspot\share\classfile\systemDictionary.cpp, line 256]

VM Operations (20 events):
Event: 4.229 Executing VM operation: CollectForMetadataAllocation done
Event: 4.242 Executing VM operation: G1Concurrent
Event: 4.244 Executing VM operation: G1Concurrent done
Event: 4.249 Executing VM operation: G1Concurrent
Event: 4.249 Executing VM operation: G1Concurrent done
Event: 4.357 Executing VM operation: HandshakeAllThreads
Event: 4.357 Executing VM operation: HandshakeAllThreads done
Event: 4.376 Executing VM operation: HandshakeAllThreads
Event: 4.376 Executing VM operation: HandshakeAllThreads done
Event: 4.402 Executing VM operation: G1TryInitiateConcMark
Event: 4.404 Executing VM operation: G1TryInitiateConcMark done
Event: 4.419 Executing VM operation: G1Concurrent
Event: 4.421 Executing VM operation: G1Concurrent done
Event: 4.426 Executing VM operation: G1Concurrent
Event: 4.426 Executing VM operation: G1Concurrent done
Event: 4.585 Executing VM operation: G1CollectForAllocation
Event: 4.587 Executing VM operation: G1CollectForAllocation done
Event: 4.765 Executing VM operation: ICBufferFull
Event: 4.765 Executing VM operation: ICBufferFull done
Event: 4.806 Executing VM operation: G1CollectForAllocation

Events (20 events):
Event: 4.399 loading class java/util/jar/JarVerifier$VerifierStream
Event: 4.399 loading class java/util/jar/JarVerifier$VerifierStream done
Event: 4.399 loading class sun/security/util/ManifestEntryVerifier$SunProviderHolder
Event: 4.399 loading class sun/security/util/ManifestEntryVerifier$SunProviderHolder done
Event: 4.441 loading class sun/nio/fs/WindowsException
Event: 4.442 loading class sun/nio/fs/WindowsException done
Event: 4.637 loading class java/security/KeyStore
Event: 4.637 loading class java/security/KeyStore done
Event: 4.638 loading class java/security/KeyStore$1
Event: 4.638 loading class java/security/KeyStore$1 done
Event: 4.706 loading class javax/xml/stream/XMLStreamException
Event: 4.706 loading class javax/xml/stream/XMLStreamException done
Event: 4.718 loading class sun/reflect/annotation/AnnotationInvocationHandler$1
Event: 4.718 loading class sun/reflect/annotation/AnnotationInvocationHandler$1 done
Event: 4.792 loading class org/xml/sax/Locator
Event: 4.792 loading class org/xml/sax/Locator done
Event: 4.792 loading class org/xml/sax/SAXParseException
Event: 4.792 loading class org/xml/sax/SAXParseException done
Event: 4.793 loading class org/xml/sax/Attributes
Event: 4.793 loading class org/xml/sax/Attributes done


Dynamic libraries:
0x00007ff762060000 - 0x00007ff76206a000 	C:\Program Files\Android\Android Studio\jbr\bin\java.exe
0x00007ffb7f670000 - 0x00007ffb7f887000 	C:\WINDOWS\SYSTEM32\ntdll.dll
0x00007ffb7d880000 - 0x00007ffb7d944000 	C:\WINDOWS\System32\KERNEL32.DLL
0x00007ffb7cab0000 - 0x00007ffb7ce56000 	C:\WINDOWS\System32\KERNELBASE.dll
0x00007ffb7d1e0000 - 0x00007ffb7d2f1000 	C:\WINDOWS\System32\ucrtbase.dll
0x00007ffb627e0000 - 0x00007ffb627f7000 	C:\Program Files\Android\Android Studio\jbr\bin\jli.dll
0x00007ffb79790000 - 0x00007ffb797ab000 	C:\Program Files\Android\Android Studio\jbr\bin\VCRUNTIME140.dll
0x00007ffb7d610000 - 0x00007ffb7d7be000 	C:\WINDOWS\System32\USER32.dll
0x00007ffb64770000 - 0x00007ffb64a03000 	C:\WINDOWS\WinSxS\amd64_microsoft.windows.common-controls_6595b64144ccf1df_6.0.22621.2191_none_2715cffb738043a6\COMCTL32.dll
0x00007ffb7d3a0000 - 0x00007ffb7d3c6000 	C:\WINDOWS\System32\win32u.dll
0x00007ffb7d950000 - 0x00007ffb7d9f7000 	C:\WINDOWS\System32\msvcrt.dll
0x00007ffb7d7c0000 - 0x00007ffb7d7e9000 	C:\WINDOWS\System32\GDI32.dll
0x00007ffb7ce60000 - 0x00007ffb7cf78000 	C:\WINDOWS\System32\gdi32full.dll
0x00007ffb7d300000 - 0x00007ffb7d39a000 	C:\WINDOWS\System32\msvcp_win.dll
0x00007ffb7e8f0000 - 0x00007ffb7e921000 	C:\WINDOWS\System32\IMM32.DLL
0x00007ffb798a0000 - 0x00007ffb798ac000 	C:\Program Files\Android\Android Studio\jbr\bin\vcruntime140_1.dll
0x00007ffb4bea0000 - 0x00007ffb4bf2d000 	C:\Program Files\Android\Android Studio\jbr\bin\msvcp140.dll
0x00007ffb2ec90000 - 0x00007ffb2f8fe000 	C:\Program Files\Android\Android Studio\jbr\bin\server\jvm.dll
0x00007ffb7e720000 - 0x00007ffb7e7d0000 	C:\WINDOWS\System32\ADVAPI32.dll
0x00007ffb7daf0000 - 0x00007ffb7db96000 	C:\WINDOWS\System32\sechost.dll
0x00007ffb7e7d0000 - 0x00007ffb7e8e7000 	C:\WINDOWS\System32\RPCRT4.dll
0x00007ffb74880000 - 0x00007ffb7488a000 	C:\WINDOWS\SYSTEM32\VERSION.dll
0x00007ffb72c40000 - 0x00007ffb72c49000 	C:\WINDOWS\SYSTEM32\WSOCK32.dll
0x00007ffb74a80000 - 0x00007ffb74ab4000 	C:\WINDOWS\SYSTEM32\WINMM.dll
0x00007ffb7e5c0000 - 0x00007ffb7e631000 	C:\WINDOWS\System32\WS2_32.dll
0x00007ffb7baf0000 - 0x00007ffb7bb08000 	C:\WINDOWS\SYSTEM32\kernel.appcore.dll
0x00007ffb72c30000 - 0x00007ffb72c3a000 	C:\Program Files\Android\Android Studio\jbr\bin\jimage.dll
0x00007ffb73670000 - 0x00007ffb7389e000 	C:\WINDOWS\SYSTEM32\DBGHELP.DLL
0x00007ffb7eec0000 - 0x00007ffb7f24a000 	C:\WINDOWS\System32\combase.dll
0x00007ffb7e640000 - 0x00007ffb7e717000 	C:\WINDOWS\System32\OLEAUT32.dll
0x00007ffb73130000 - 0x00007ffb73162000 	C:\WINDOWS\SYSTEM32\dbgcore.DLL
0x00007ffb7d160000 - 0x00007ffb7d1da000 	C:\WINDOWS\System32\bcryptPrimitives.dll
0x00007ffb70a40000 - 0x00007ffb70a65000 	C:\Program Files\Android\Android Studio\jbr\bin\java.dll
0x00007ffb6e9a0000 - 0x00007ffb6e9b8000 	C:\Program Files\Android\Android Studio\jbr\bin\zip.dll
0x00007ffb7dba0000 - 0x00007ffb7e3f8000 	C:\WINDOWS\System32\SHELL32.dll
0x00007ffb7a900000 - 0x00007ffb7b1f2000 	C:\WINDOWS\SYSTEM32\windows.storage.dll
0x00007ffb7a7c0000 - 0x00007ffb7a8fe000 	C:\WINDOWS\SYSTEM32\wintypes.dll
0x00007ffb7f530000 - 0x00007ffb7f623000 	C:\WINDOWS\System32\SHCORE.dll
0x00007ffb7e400000 - 0x00007ffb7e45e000 	C:\WINDOWS\System32\shlwapi.dll
0x00007ffb7c920000 - 0x00007ffb7c946000 	C:\WINDOWS\SYSTEM32\profapi.dll
0x00007ffb64610000 - 0x00007ffb64629000 	C:\Program Files\Android\Android Studio\jbr\bin\net.dll
0x00007ffb77290000 - 0x00007ffb773c7000 	C:\WINDOWS\SYSTEM32\WINHTTP.dll
0x00007ffb7bfa0000 - 0x00007ffb7c009000 	C:\WINDOWS\system32\mswsock.dll
0x00007ffb641f0000 - 0x00007ffb64206000 	C:\Program Files\Android\Android Studio\jbr\bin\nio.dll
0x00007ffb70620000 - 0x00007ffb70630000 	C:\Program Files\Android\Android Studio\jbr\bin\verify.dll
0x00007ffb70750000 - 0x00007ffb70777000 	C:\Users\sidd2\.gradle\native\68d5fa5c4cc2d200863cafc0d521ce42e7d3e7ee720ec0a83991735586a16f82\windows-amd64\native-platform.dll
0x00007ffb36e60000 - 0x00007ffb36fa4000 	C:\Users\sidd2\.gradle\native\e376f236ea51e6404a007f0833ffe2c6e607c4080706a723a18a27aeea778392\windows-amd64\native-platform-file-events.dll
0x00007ffb705d0000 - 0x00007ffb705d9000 	C:\Program Files\Android\Android Studio\jbr\bin\management.dll
0x00007ffb6e990000 - 0x00007ffb6e99b000 	C:\Program Files\Android\Android Studio\jbr\bin\management_ext.dll
0x00007ffb7e930000 - 0x00007ffb7e938000 	C:\WINDOWS\System32\PSAPI.DLL
0x00007ffb7c1f0000 - 0x00007ffb7c20b000 	C:\WINDOWS\SYSTEM32\CRYPTSP.dll
0x00007ffb7ba50000 - 0x00007ffb7ba85000 	C:\WINDOWS\system32\rsaenh.dll
0x00007ffb7c090000 - 0x00007ffb7c0bc000 	C:\WINDOWS\SYSTEM32\USERENV.dll
0x00007ffb7c390000 - 0x00007ffb7c3b8000 	C:\WINDOWS\SYSTEM32\bcrypt.dll
0x00007ffb7c210000 - 0x00007ffb7c21c000 	C:\WINDOWS\SYSTEM32\CRYPTBASE.dll
0x00007ffb7b4d0000 - 0x00007ffb7b4fd000 	C:\WINDOWS\SYSTEM32\IPHLPAPI.DLL
0x00007ffb7e5b0000 - 0x00007ffb7e5b9000 	C:\WINDOWS\System32\NSI.dll
0x00007ffb76820000 - 0x00007ffb76839000 	C:\WINDOWS\SYSTEM32\dhcpcsvc6.DLL
0x00007ffb76690000 - 0x00007ffb766af000 	C:\WINDOWS\SYSTEM32\dhcpcsvc.DLL
0x00007ffb7b500000 - 0x00007ffb7b5f9000 	C:\WINDOWS\SYSTEM32\DNSAPI.dll
0x00007ffb29910000 - 0x00007ffb29918000 	C:\WINDOWS\system32\wshunix.dll

dbghelp: loaded successfully - version: 4.0.5 - missing functions: none
symbol engine: initialized successfully - sym options: 0x614 - pdb path: .;C:\Program Files\Android\Android Studio\jbr\bin;C:\WINDOWS\SYSTEM32;C:\WINDOWS\WinSxS\amd64_microsoft.windows.common-controls_6595b64144ccf1df_6.0.22621.2191_none_2715cffb738043a6;C:\Program Files\Android\Android Studio\jbr\bin\server;C:\Users\sidd2\.gradle\native\68d5fa5c4cc2d200863cafc0d521ce42e7d3e7ee720ec0a83991735586a16f82\windows-amd64;C:\Users\sidd2\.gradle\native\e376f236ea51e6404a007f0833ffe2c6e607c4080706a723a18a27aeea778392\windows-amd64

VM Arguments:
jvm_args: --add-opens=java.base/java.util=ALL-UNNAMED --add-opens=java.base/java.lang=ALL-UNNAMED --add-opens=java.base/java.lang.invoke=ALL-UNNAMED --add-opens=java.prefs/java.util.prefs=ALL-UNNAMED --add-opens=java.base/java.nio.charset=ALL-UNNAMED --add-opens=java.base/java.net=ALL-UNNAMED --add-opens=java.base/java.util.concurrent.atomic=ALL-UNNAMED -Xmx2048m -Dfile.encoding=UTF-8 -Duser.country=US -Duser.language=en -Duser.variant 
java_command: org.gradle.launcher.daemon.bootstrap.GradleDaemon 8.0
java_class_path (initial): C:\Users\sidd2\.gradle\wrapper\dists\gradle-8.0-bin\ca5e32bp14vu59qr306oxotwh\gradle-8.0\lib\gradle-launcher-8.0.jar
Launcher Type: SUN_STANDARD

[Global flags]
     intx CICompilerCount                          = 12                                        {product} {ergonomic}
     uint ConcGCThreads                            = 3                                         {product} {ergonomic}
     uint G1ConcRefinementThreads                  = 13                                        {product} {ergonomic}
   size_t G1HeapRegionSize                         = 1048576                                   {product} {ergonomic}
    uintx GCDrainStackTargetSize                   = 64                                        {product} {ergonomic}
   size_t InitialHeapSize                          = 255852544                                 {product} {ergonomic}
   size_t MarkStackSize                            = 4194304                                   {product} {ergonomic}
   size_t MaxHeapSize                              = 2147483648                                {product} {command line}
   size_t MaxNewSize                               = 1287651328                                {product} {ergonomic}
   size_t MinHeapDeltaBytes                        = 1048576                                   {product} {ergonomic}
   size_t MinHeapSize                              = 8388608                                   {product} {ergonomic}
    uintx NonNMethodCodeHeapSize                   = 7602480                                {pd product} {ergonomic}
    uintx NonProfiledCodeHeapSize                  = 122027880                              {pd product} {ergonomic}
    uintx ProfiledCodeHeapSize                     = 122027880                              {pd product} {ergonomic}
    uintx ReservedCodeCacheSize                    = 251658240                              {pd product} {ergonomic}
     bool SegmentedCodeCache                       = true                                      {product} {ergonomic}
   size_t SoftMaxHeapSize                          = 2147483648                             {manageable} {ergonomic}
     bool UseCompressedClassPointers               = true                           {product lp64_product} {ergonomic}
     bool UseCompressedOops                        = true                           {product lp64_product} {ergonomic}
     bool UseG1GC                                  = true                                      {product} {ergonomic}
     bool UseLargePagesIndividualAllocation        = false                                  {pd product} {ergonomic}

Logging:
Log output configuration:
 #0: stdout all=warning uptime,level,tags
 #1: stderr all=off uptime,level,tags

Environment Variables:
PATH=C:\Users\sidd2\AppData\Local\Programs\Python\Python311\Scripts\;C:\Program Files\Common Files\Oracle\Java\javapath;C:\Program Files (x86)\Common Files\Oracle\Java\javapath;C:\Program Files (x86)\Common Files\Intel\Shared Libraries\redist\intel64\compiler;C:\ProgramData\Oracle\Java\javapath;C:\Windows\system32;C:\Windows;C:\Windows\System32\Wbem;C:\Windows\System32\WindowsPowerShell\v1.0\;C:\Windows\System32\OpenSSH\;C:\Program Files (x86)\NVIDIA Corporation\PhysX\Common;C:\Program Files\NVIDIA Corporation\NVIDIA NvDLISR;C:\WINDOWS\system32;C:\WINDOWS;C:\WINDOWS\System32\Wbem;C:\WINDOWS\System32\WindowsPowerShell\v1.0\;C:\WINDOWS\System32\OpenSSH\;C:\Program Files\dotnet\;C:\MinGW\bin;C:\Users\sidd2\AppData\Local\Programs\Python\Python311\;C:\Program Files\Cloudflare\Cloudflare WARP\;D:\Softwares\;C:\ProgramData\chocolatey\bin;C:\Program Files\Git\cmd;C:\Program Files\Git\mingw64\bin;C:\Program Files\Git\usr\bin;C:\Users\sidd2\anaconda3;C:\Users\sidd2\anaconda3\Library\mingw-w64\bin;C:\Users\sidd2\anaconda3\Library\usr\bin;C:\Users\sidd2\anaconda3\Library\bin;C:\Users\sidd2\anaconda3\Scripts;C:\Users\sidd2\AppData\Local\Microsoft\WindowsApps;C:\Users\sidd2\AppData\Local\Programs\Microsoft VS Code\bin;C:\MinGW\bin;D:\Softwares\PyCharm Community Edition 2023.1\bin;;C:\Program Files\JetBrains\IntelliJ IDEA Community Edition 2023.1.2\bin;;C:\Users\sidd2\AppData\Local\GitHubDesktop\bin;C:\Users\sidd2\AppData\Roaming\npm;
USERNAME=sidd2
OS=Windows_NT
PROCESSOR_IDENTIFIER=AMD64 Family 25 Model 68 Stepping 1, AuthenticAMD
TMP=C:\Users\sidd2\AppData\Local\Temp
TEMP=C:\Users\sidd2\AppData\Local\Temp


JNI global refs:
JNI global refs: 34, weak refs: 1

JNI global refs memory usage: 843, weak refs: 841


---------------  S Y S T E M  ---------------

OS:
 Windows 11 , 64 bit Build 22621 (10.0.22621.2199)
OS uptime: 0 days 22:41 hours
Hyper-V role detected

CPU: total 16 (initial active 16) (16 cores per cpu, 2 threads per core) family 25 model 68 stepping 1 microcode 0x0, cx8, cmov, fxsr, ht, mmx, 3dnowpref, sse, sse2, sse3, ssse3, sse4a, sse4.1, sse4.2, popcnt, lzcnt, tsc, tscinvbit, avx, avx2, aes, clmul, bmi1, bmi2, adx, sha, fma, vzeroupper, clflush, clflushopt, hv

Memory: 4k page, system-wide physical 15613M (5246M free)
TotalPageFile size 15613M (AvailPageFile size 11M)
current process WorkingSet (physical memory assigned to process): 336M, peak: 336M
current process commit charge ("private bytes"): 484M, peak: 504M

vm_info: OpenJDK 64-Bit Server VM (17.0.6+0-b2043.56-10027231) for windows-amd64 JRE (17.0.6+0-b2043.56-10027231), built on Apr 28 2023 00:43:19 by "androidbuild" with MS VC++ 16.10 / 16.11 (VS2019)

END.
